{"total": {"lines":{"total":476,"covered":333,"skipped":0,"pct":69.95},"statements":{"total":481,"covered":337,"skipped":0,"pct":70.06},"functions":{"total":53,"covered":35,"skipped":0,"pct":66.03},"branches":{"total":229,"covered":138,"skipped":0,"pct":60.26},"branchesTrue":{"total":0,"covered":0,"skipped":0,"pct":100}}
,"D:\\script-labs\\backend\\db.js": {"lines":{"total":5,"covered":4,"skipped":0,"pct":80},"functions":{"total":1,"covered":0,"skipped":0,"pct":0},"statements":{"total":5,"covered":4,"skipped":0,"pct":80},"branches":{"total":0,"covered":0,"skipped":0,"pct":100}}
,"D:\\script-labs\\backend\\server.js": {"lines":{"total":90,"covered":58,"skipped":0,"pct":64.44},"functions":{"total":11,"covered":2,"skipped":0,"pct":18.18},"statements":{"total":90,"covered":58,"skipped":0,"pct":64.44},"branches":{"total":33,"covered":14,"skipped":0,"pct":42.42}}
,"D:\\script-labs\\backend\\config\\config.js": {"lines":{"total":18,"covered":13,"skipped":0,"pct":72.22},"functions":{"total":3,"covered":2,"skipped":0,"pct":66.66},"statements":{"total":20,"covered":15,"skipped":0,"pct":75},"branches":{"total":20,"covered":17,"skipped":0,"pct":85}}
,"D:\\script-labs\\backend\\middlewares\\authMiddleware.js": {"lines":{"total":18,"covered":17,"skipped":0,"pct":94.44},"functions":{"total":2,"covered":2,"skipped":0,"pct":100},"statements":{"total":19,"covered":18,"skipped":0,"pct":94.73},"branches":{"total":10,"covered":9,"skipped":0,"pct":90}}
,"D:\\script-labs\\backend\\middlewares\\errorHandler.js": {"lines":{"total":53,"covered":45,"skipped":0,"pct":84.9},"functions":{"total":5,"covered":3,"skipped":0,"pct":60},"statements":{"total":54,"covered":46,"skipped":0,"pct":85.18},"branches":{"total":32,"covered":31,"skipped":0,"pct":96.87}}
,"D:\\script-labs\\backend\\middlewares\\logger.js": {"lines":{"total":55,"covered":47,"skipped":0,"pct":85.45},"functions":{"total":7,"covered":7,"skipped":0,"pct":100},"statements":{"total":55,"covered":47,"skipped":0,"pct":85.45},"branches":{"total":45,"covered":26,"skipped":0,"pct":57.77}}
,"D:\\script-labs\\backend\\middlewares\\rateLimiter.js": {"lines":{"total":23,"covered":14,"skipped":0,"pct":60.86},"functions":{"total":4,"covered":3,"skipped":0,"pct":75},"statements":{"total":23,"covered":14,"skipped":0,"pct":60.86},"branches":{"total":17,"covered":6,"skipped":0,"pct":35.29}}
,"D:\\script-labs\\backend\\middlewares\\validation.js": {"lines":{"total":42,"covered":40,"skipped":0,"pct":95.23},"functions":{"total":8,"covered":8,"skipped":0,"pct":100},"statements":{"total":43,"covered":40,"skipped":0,"pct":93.02},"branches":{"total":15,"covered":12,"skipped":0,"pct":80}}
,"D:\\script-labs\\backend\\routes\\authRoutes.js": {"lines":{"total":58,"covered":43,"skipped":0,"pct":74.13},"functions":{"total":5,"covered":5,"skipped":0,"pct":100},"statements":{"total":58,"covered":43,"skipped":0,"pct":74.13},"branches":{"total":26,"covered":13,"skipped":0,"pct":50}}
,"D:\\script-labs\\backend\\routes\\labRoutes.js": {"lines":{"total":114,"covered":52,"skipped":0,"pct":45.61},"functions":{"total":7,"covered":3,"skipped":0,"pct":42.85},"statements":{"total":114,"covered":52,"skipped":0,"pct":45.61},"branches":{"total":31,"covered":10,"skipped":0,"pct":32.25}}
}
