{"C:\\Users\\dhanj\\OneDrive\\Documents\\CourseAI\\final-project!\\book-catalog-main\\backend\\db.js": {"path":"C:\\Users\\dhanj\\OneDrive\\Documents\\CourseAI\\final-project!\\book-catalog-main\\backend\\db.js","statementMap":{"0":{"start":{"line":17,"column":17},"end":{"line":17,"column":30}},"1":{"start":{"line":18,"column":0},"end":{"line":18,"column":27}},"2":{"start":{"line":20,"column":13},"end":{"line":23,"column":2}},"3":{"start":{"line":25,"column":0},"end":{"line":27,"column":2}},"4":{"start":{"line":26,"column":27},"end":{"line":26,"column":51}}},"fnMap":{"0":{"name":"(anonymous_0)","decl":{"start":{"line":26,"column":9},"end":{"line":26,"column":10}},"loc":{"start":{"line":26,"column":27},"end":{"line":26,"column":51}},"line":26}},"branchMap":{},"s":{"0":0,"1":0,"2":0,"3":0,"4":0},"f":{"0":0},"b":{}}
,"C:\\Users\\dhanj\\OneDrive\\Documents\\CourseAI\\final-project!\\book-catalog-main\\backend\\server.js": {"path":"C:\\Users\\dhanj\\OneDrive\\Documents\\CourseAI\\final-project!\\book-catalog-main\\backend\\server.js","statementMap":{"0":{"start":{"line":2,"column":16},"end":{"line":2,"column":34}},"1":{"start":{"line":3,"column":13},"end":{"line":3,"column":28}},"2":{"start":{"line":4,"column":19},"end":{"line":4,"column":41}},"3":{"start":{"line":5,"column":15},"end":{"line":5,"column":32}},"4":{"start":{"line":6,"column":13},"end":{"line":6,"column":28}},"5":{"start":{"line":7,"column":18},"end":{"line":7,"column":47}},"6":{"start":{"line":8,"column":11},"end":{"line":8,"column":24}},"7":{"start":{"line":11,"column":15},"end":{"line":11,"column":41}},"8":{"start":{"line":12,"column":25},"end":{"line":12,"column":62}},"9":{"start":{"line":13,"column":39},"end":{"line":13,"column":70}},"10":{"start":{"line":14,"column":23},"end":{"line":14,"column":59}},"11":{"start":{"line":15,"column":21},"end":{"line":15,"column":56}},"12":{"start":{"line":18,"column":19},"end":{"line":18,"column":49}},"13":{"start":{"line":19,"column":19},"end":{"line":19,"column":49}},"14":{"start":{"line":22,"column":20},"end":{"line":24,"column":1}},"15":{"start":{"line":26,"column":12},"end":{"line":26,"column":21}},"16":{"start":{"line":27,"column":16},"end":{"line":27,"column":42}},"17":{"start":{"line":28,"column":13},"end":{"line":28,"column":24}},"18":{"start":{"line":34,"column":0},"end":{"line":43,"column":1}},"19":{"start":{"line":35,"column":22},"end":{"line":35,"column":34}},"20":{"start":{"line":36,"column":1},"end":{"line":42,"column":3}},"21":{"start":{"line":38,"column":2},"end":{"line":40,"column":3}},"22":{"start":{"line":39,"column":3},"end":{"line":39,"column":10}},"23":{"start":{"line":41,"column":2},"end":{"line":41,"column":33}},"24":{"start":{"line":45,"column":0},"end":{"line":56,"column":2}},"25":{"start":{"line":63,"column":0},"end":{"line":79,"column":2}},"26":{"start":{"line":86,"column":0},"end":{"line":89,"column":1}},"27":{"start":{"line":87,"column":1},"end":{"line":87,"column":24}},"28":{"start":{"line":88,"column":1},"end":{"line":88,"column":22}},"29":{"start":{"line":92,"column":0},"end":{"line":101,"column":3}},"30":{"start":{"line":94,"column":1},"end":{"line":99,"column":2}},"31":{"start":{"line":95,"column":2},"end":{"line":98,"column":4}},"32":{"start":{"line":100,"column":1},"end":{"line":100,"column":8}},"33":{"start":{"line":105,"column":30},"end":{"line":105,"column":66}},"34":{"start":{"line":107,"column":0},"end":{"line":114,"column":2}},"35":{"start":{"line":115,"column":0},"end":{"line":122,"column":2}},"36":{"start":{"line":125,"column":0},"end":{"line":125,"column":44}},"37":{"start":{"line":126,"column":0},"end":{"line":126,"column":66}},"38":{"start":{"line":129,"column":0},"end":{"line":134,"column":3}},"39":{"start":{"line":130,"column":1},"end":{"line":132,"column":2}},"40":{"start":{"line":131,"column":2},"end":{"line":131,"column":66}},"41":{"start":{"line":133,"column":1},"end":{"line":133,"column":8}},"42":{"start":{"line":137,"column":0},"end":{"line":137,"column":18}},"43":{"start":{"line":140,"column":0},"end":{"line":140,"column":27}},"44":{"start":{"line":147,"column":23},"end":{"line":155,"column":1}},"45":{"start":{"line":157,"column":0},"end":{"line":161,"column":2}},"46":{"start":{"line":164,"column":0},"end":{"line":172,"column":3}},"47":{"start":{"line":165,"column":1},"end":{"line":171,"column":4}},"48":{"start":{"line":175,"column":0},"end":{"line":175,"column":33}},"49":{"start":{"line":176,"column":0},"end":{"line":176,"column":34}},"50":{"start":{"line":179,"column":0},"end":{"line":188,"column":1}},"51":{"start":{"line":180,"column":25},"end":{"line":180,"column":56}},"52":{"start":{"line":181,"column":1},"end":{"line":187,"column":4}},"53":{"start":{"line":182,"column":2},"end":{"line":186,"column":5}},"54":{"start":{"line":197,"column":0},"end":{"line":216,"column":3}},"55":{"start":{"line":198,"column":1},"end":{"line":215,"column":2}},"56":{"start":{"line":199,"column":2},"end":{"line":206,"column":5}},"57":{"start":{"line":209,"column":2},"end":{"line":214,"column":5}},"58":{"start":{"line":223,"column":0},"end":{"line":223,"column":22}},"59":{"start":{"line":230,"column":0},"end":{"line":260,"column":1}},"60":{"start":{"line":232,"column":16},"end":{"line":242,"column":3}},"61":{"start":{"line":233,"column":2},"end":{"line":233,"column":51}},"62":{"start":{"line":234,"column":2},"end":{"line":234,"column":51}},"63":{"start":{"line":235,"column":2},"end":{"line":235,"column":66}},"64":{"start":{"line":236,"column":2},"end":{"line":236,"column":73}},"65":{"start":{"line":238,"column":2},"end":{"line":241,"column":3}},"66":{"start":{"line":239,"column":3},"end":{"line":239,"column":67}},"67":{"start":{"line":240,"column":3},"end":{"line":240,"column":56}},"68":{"start":{"line":245,"column":1},"end":{"line":251,"column":4}},"69":{"start":{"line":246,"column":2},"end":{"line":246,"column":65}},"70":{"start":{"line":247,"column":2},"end":{"line":250,"column":5}},"71":{"start":{"line":248,"column":3},"end":{"line":248,"column":39}},"72":{"start":{"line":249,"column":3},"end":{"line":249,"column":19}},"73":{"start":{"line":253,"column":1},"end":{"line":259,"column":4}},"74":{"start":{"line":254,"column":2},"end":{"line":254,"column":64}},"75":{"start":{"line":255,"column":2},"end":{"line":258,"column":5}},"76":{"start":{"line":256,"column":3},"end":{"line":256,"column":39}},"77":{"start":{"line":257,"column":3},"end":{"line":257,"column":19}},"78":{"start":{"line":262,"column":0},"end":{"line":262,"column":21}}},"fnMap":{"0":{"name":"(anonymous_0)","decl":{"start":{"line":36,"column":16},"end":{"line":36,"column":17}},"loc":{"start":{"line":36,"column":38},"end":{"line":42,"column":2}},"line":36},"1":{"name":"(anonymous_1)","decl":{"start":{"line":92,"column":8},"end":{"line":92,"column":9}},"loc":{"start":{"line":92,"column":28},"end":{"line":101,"column":1}},"line":92},"2":{"name":"(anonymous_2)","decl":{"start":{"line":129,"column":8},"end":{"line":129,"column":9}},"loc":{"start":{"line":129,"column":28},"end":{"line":134,"column":1}},"line":129},"3":{"name":"(anonymous_3)","decl":{"start":{"line":164,"column":19},"end":{"line":164,"column":20}},"loc":{"start":{"line":164,"column":33},"end":{"line":172,"column":1}},"line":164},"4":{"name":"(anonymous_4)","decl":{"start":{"line":181,"column":23},"end":{"line":181,"column":24}},"loc":{"start":{"line":181,"column":37},"end":{"line":187,"column":2}},"line":181},"5":{"name":"(anonymous_5)","decl":{"start":{"line":197,"column":8},"end":{"line":197,"column":9}},"loc":{"start":{"line":197,"column":28},"end":{"line":216,"column":1}},"line":197},"6":{"name":"(anonymous_6)","decl":{"start":{"line":232,"column":33},"end":{"line":232,"column":34}},"loc":{"start":{"line":232,"column":39},"end":{"line":242,"column":2}},"line":232},"7":{"name":"(anonymous_7)","decl":{"start":{"line":245,"column":23},"end":{"line":245,"column":24}},"loc":{"start":{"line":245,"column":29},"end":{"line":251,"column":2}},"line":245},"8":{"name":"(anonymous_8)","decl":{"start":{"line":247,"column":15},"end":{"line":247,"column":16}},"loc":{"start":{"line":247,"column":21},"end":{"line":250,"column":3}},"line":247},"9":{"name":"(anonymous_9)","decl":{"start":{"line":253,"column":22},"end":{"line":253,"column":23}},"loc":{"start":{"line":253,"column":28},"end":{"line":259,"column":2}},"line":253},"10":{"name":"(anonymous_10)","decl":{"start":{"line":255,"column":15},"end":{"line":255,"column":16}},"loc":{"start":{"line":255,"column":21},"end":{"line":258,"column":3}},"line":255}},"branchMap":{"0":{"loc":{"start":{"line":34,"column":0},"end":{"line":43,"column":1}},"type":"if","locations":[{"start":{"line":34,"column":0},"end":{"line":43,"column":1}},{"start":{},"end":{}}],"line":34},"1":{"loc":{"start":{"line":38,"column":2},"end":{"line":40,"column":3}},"type":"if","locations":[{"start":{"line":38,"column":2},"end":{"line":40,"column":3}},{"start":{},"end":{}}],"line":38},"2":{"loc":{"start":{"line":38,"column":6},"end":{"line":38,"column":75}},"type":"binary-expr","locations":[{"start":{"line":38,"column":6},"end":{"line":38,"column":33}},{"start":{"line":38,"column":37},"end":{"line":38,"column":75}}],"line":38},"3":{"loc":{"start":{"line":47,"column":10},"end":{"line":47,"column":59}},"type":"binary-expr","locations":[{"start":{"line":47,"column":10},"end":{"line":47,"column":36}},{"start":{"line":47,"column":40},"end":{"line":47,"column":59}}],"line":47},"4":{"loc":{"start":{"line":86,"column":0},"end":{"line":89,"column":1}},"type":"if","locations":[{"start":{"line":86,"column":0},"end":{"line":89,"column":1}},{"start":{},"end":{}}],"line":86},"5":{"loc":{"start":{"line":94,"column":1},"end":{"line":99,"column":2}},"type":"if","locations":[{"start":{"line":94,"column":1},"end":{"line":99,"column":2}},{"start":{},"end":{}}],"line":94},"6":{"loc":{"start":{"line":96,"column":52},"end":{"line":96,"column":92}},"type":"binary-expr","locations":[{"start":{"line":96,"column":52},"end":{"line":96,"column":82}},{"start":{"line":96,"column":86},"end":{"line":96,"column":92}}],"line":96},"7":{"loc":{"start":{"line":130,"column":1},"end":{"line":132,"column":2}},"type":"if","locations":[{"start":{"line":130,"column":1},"end":{"line":132,"column":2}},{"start":{},"end":{}}],"line":130},"8":{"loc":{"start":{"line":130,"column":5},"end":{"line":130,"column":87}},"type":"binary-expr","locations":[{"start":{"line":130,"column":6},"end":{"line":130,"column":27}},{"start":{"line":130,"column":31},"end":{"line":130,"column":51}},{"start":{"line":130,"column":56},"end":{"line":130,"column":87}}],"line":130},"9":{"loc":{"start":{"line":169,"column":11},"end":{"line":169,"column":53}},"type":"binary-expr","locations":[{"start":{"line":169,"column":11},"end":{"line":169,"column":42}},{"start":{"line":169,"column":46},"end":{"line":169,"column":53}}],"line":169},"10":{"loc":{"start":{"line":179,"column":0},"end":{"line":188,"column":1}},"type":"if","locations":[{"start":{"line":179,"column":0},"end":{"line":188,"column":1}},{"start":{},"end":{}}],"line":179},"11":{"loc":{"start":{"line":198,"column":1},"end":{"line":215,"column":2}},"type":"if","locations":[{"start":{"line":198,"column":1},"end":{"line":215,"column":2}},{"start":{"line":207,"column":8},"end":{"line":215,"column":2}}],"line":198},"12":{"loc":{"start":{"line":230,"column":0},"end":{"line":260,"column":1}},"type":"if","locations":[{"start":{"line":230,"column":0},"end":{"line":260,"column":1}},{"start":{},"end":{}}],"line":230},"13":{"loc":{"start":{"line":238,"column":2},"end":{"line":241,"column":3}},"type":"if","locations":[{"start":{"line":238,"column":2},"end":{"line":241,"column":3}},{"start":{},"end":{}}],"line":238}},"s":{"0":23,"1":23,"2":23,"3":23,"4":23,"5":23,"6":23,"7":23,"8":23,"9":23,"10":23,"11":23,"12":23,"13":23,"14":23,"15":23,"16":23,"17":23,"18":23,"19":20,"20":20,"21":2,"22":2,"23":0,"24":23,"25":23,"26":23,"27":3,"28":3,"29":23,"30":71,"31":57,"32":71,"33":23,"34":23,"35":23,"36":23,"37":23,"38":23,"39":68,"40":0,"41":68,"42":23,"43":23,"44":23,"45":23,"46":23,"47":8,"48":23,"49":23,"50":23,"51":1,"52":1,"53":0,"54":23,"55":6,"56":3,"57":3,"58":23,"59":23,"60":0,"61":0,"62":0,"63":0,"64":0,"65":0,"66":0,"67":0,"68":0,"69":0,"70":0,"71":0,"72":0,"73":0,"74":0,"75":0,"76":0,"77":0,"78":23},"f":{"0":2,"1":71,"2":68,"3":8,"4":0,"5":6,"6":0,"7":0,"8":0,"9":0,"10":0},"b":{"0":[20,3],"1":[2,0],"2":[2,2],"3":[23,16],"4":[3,20],"5":[57,14],"6":[57,57],"7":[0,68],"8":[68,41,30],"9":[8,0],"10":[1,22],"11":[3,3],"12":[0,23],"13":[0,0]},"_coverageSchema":"1a1c01bbd47fc00a2c39e90264f33305004495a9","hash":"6790390c7bde937ff696bbb843006ace1fee8323"}
,"C:\\Users\\dhanj\\OneDrive\\Documents\\CourseAI\\final-project!\\book-catalog-main\\backend\\config\\config.js": {"path":"C:\\Users\\dhanj\\OneDrive\\Documents\\CourseAI\\final-project!\\book-catalog-main\\backend\\config\\config.js","statementMap":{"0":{"start":{"line":1,"column":0},"end":{"line":1,"column":27}},"1":{"start":{"line":3,"column":15},"end":{"line":61,"column":1}},"2":{"start":{"line":24,"column":3},"end":{"line":24,"column":44}},"3":{"start":{"line":24,"column":16},"end":{"line":24,"column":44}},"4":{"start":{"line":26,"column":26},"end":{"line":32,"column":20}},"5":{"start":{"line":34,"column":3},"end":{"line":41,"column":4}},"6":{"start":{"line":35,"column":4},"end":{"line":35,"column":25}},"7":{"start":{"line":37,"column":4},"end":{"line":39,"column":5}},"8":{"start":{"line":38,"column":5},"end":{"line":38,"column":49}},"9":{"start":{"line":40,"column":4},"end":{"line":40,"column":47}},"10":{"start":{"line":64,"column":24},"end":{"line":69,"column":1}},"11":{"start":{"line":71,"column":20},"end":{"line":71,"column":78}},"12":{"start":{"line":71,"column":56},"end":{"line":71,"column":77}},"13":{"start":{"line":73,"column":0},"end":{"line":82,"column":1}},"14":{"start":{"line":74,"column":1},"end":{"line":74,"column":60}},"15":{"start":{"line":75,"column":1},"end":{"line":77,"column":4}},"16":{"start":{"line":76,"column":2},"end":{"line":76,"column":35}},"17":{"start":{"line":78,"column":1},"end":{"line":80,"column":3}},"18":{"start":{"line":81,"column":1},"end":{"line":81,"column":17}},"19":{"start":{"line":84,"column":0},"end":{"line":84,"column":24}}},"fnMap":{"0":{"name":"(anonymous_0)","decl":{"start":{"line":22,"column":10},"end":{"line":22,"column":11}},"loc":{"start":{"line":22,"column":38},"end":{"line":42,"column":3}},"line":22},"1":{"name":"(anonymous_1)","decl":{"start":{"line":71,"column":43},"end":{"line":71,"column":44}},"loc":{"start":{"line":71,"column":56},"end":{"line":71,"column":77}},"line":71},"2":{"name":"(anonymous_2)","decl":{"start":{"line":75,"column":21},"end":{"line":75,"column":22}},"loc":{"start":{"line":75,"column":34},"end":{"line":77,"column":2}},"line":75}},"branchMap":{"0":{"loc":{"start":{"line":5,"column":7},"end":{"line":5,"column":31}},"type":"binary-expr","locations":[{"start":{"line":5,"column":7},"end":{"line":5,"column":23}},{"start":{"line":5,"column":27},"end":{"line":5,"column":31}}],"line":5},"1":{"loc":{"start":{"line":6,"column":10},"end":{"line":6,"column":47}},"type":"binary-expr","locations":[{"start":{"line":6,"column":10},"end":{"line":6,"column":30}},{"start":{"line":6,"column":34},"end":{"line":6,"column":47}}],"line":6},"2":{"loc":{"start":{"line":17,"column":13},"end":{"line":17,"column":48}},"type":"binary-expr","locations":[{"start":{"line":17,"column":13},"end":{"line":17,"column":39}},{"start":{"line":17,"column":43},"end":{"line":17,"column":48}}],"line":17},"3":{"loc":{"start":{"line":24,"column":3},"end":{"line":24,"column":44}},"type":"if","locations":[{"start":{"line":24,"column":3},"end":{"line":24,"column":44}},{"start":{},"end":{}}],"line":24},"4":{"loc":{"start":{"line":34,"column":3},"end":{"line":41,"column":4}},"type":"if","locations":[{"start":{"line":34,"column":3},"end":{"line":41,"column":4}},{"start":{"line":36,"column":10},"end":{"line":41,"column":4}}],"line":34},"5":{"loc":{"start":{"line":37,"column":4},"end":{"line":39,"column":5}},"type":"if","locations":[{"start":{"line":37,"column":4},"end":{"line":39,"column":5}},{"start":{},"end":{}}],"line":37},"6":{"loc":{"start":{"line":57,"column":3},"end":{"line":57,"column":70}},"type":"cond-expr","locations":[{"start":{"line":57,"column":44},"end":{"line":57,"column":53}},{"start":{"line":57,"column":56},"end":{"line":57,"column":70}}],"line":57},"7":{"loc":{"start":{"line":58,"column":15},"end":{"line":58,"column":65}},"type":"cond-expr","locations":[{"start":{"line":58,"column":56},"end":{"line":58,"column":59}},{"start":{"line":58,"column":62},"end":{"line":58,"column":65}}],"line":58},"8":{"loc":{"start":{"line":59,"column":19},"end":{"line":59,"column":66}},"type":"cond-expr","locations":[{"start":{"line":59,"column":60},"end":{"line":59,"column":62}},{"start":{"line":59,"column":65},"end":{"line":59,"column":66}}],"line":59},"9":{"loc":{"start":{"line":73,"column":0},"end":{"line":82,"column":1}},"type":"if","locations":[{"start":{"line":73,"column":0},"end":{"line":82,"column":1}},{"start":{},"end":{}}],"line":73}},"s":{"0":46,"1":46,"2":77,"3":70,"4":7,"5":7,"6":5,"7":2,"8":1,"9":2,"10":46,"11":46,"12":184,"13":46,"14":0,"15":0,"16":0,"17":0,"18":0,"19":46},"f":{"0":77,"1":184,"2":0},"b":{"0":[46,0],"1":[46,0],"2":[46,0],"3":[70,7],"4":[5,2],"5":[1,1],"6":[3,43],"7":[3,43],"8":[3,43],"9":[0,46]},"_coverageSchema":"1a1c01bbd47fc00a2c39e90264f33305004495a9","hash":"3b801e213f93a653bd20759fbd5f9b7661b29bd1"}
,"C:\\Users\\dhanj\\OneDrive\\Documents\\CourseAI\\final-project!\\book-catalog-main\\backend\\middlewares\\authMiddleware.js": {"path":"C:\\Users\\dhanj\\OneDrive\\Documents\\CourseAI\\final-project!\\book-catalog-main\\backend\\middlewares\\authMiddleware.js","statementMap":{"0":{"start":{"line":1,"column":12},"end":{"line":1,"column":35}},"1":{"start":{"line":2,"column":15},"end":{"line":2,"column":42}},"2":{"start":{"line":4,"column":0},"end":{"line":29,"column":2}},"3":{"start":{"line":5,"column":20},"end":{"line":5,"column":45}},"4":{"start":{"line":6,"column":1},"end":{"line":8,"column":2}},"5":{"start":{"line":7,"column":2},"end":{"line":7,"column":64}},"6":{"start":{"line":11,"column":15},"end":{"line":11,"column":45}},"7":{"start":{"line":12,"column":1},"end":{"line":14,"column":2}},"8":{"start":{"line":13,"column":2},"end":{"line":13,"column":67}},"9":{"start":{"line":16,"column":15},"end":{"line":16,"column":23}},"10":{"start":{"line":17,"column":1},"end":{"line":19,"column":2}},"11":{"start":{"line":18,"column":2},"end":{"line":18,"column":64}},"12":{"start":{"line":21,"column":1},"end":{"line":28,"column":4}},"13":{"start":{"line":22,"column":2},"end":{"line":22,"column":69}},"14":{"start":{"line":22,"column":11},"end":{"line":22,"column":69}},"15":{"start":{"line":24,"column":2},"end":{"line":24,"column":31}},"16":{"start":{"line":25,"column":2},"end":{"line":25,"column":33}},"17":{"start":{"line":26,"column":2},"end":{"line":26,"column":34}},"18":{"start":{"line":27,"column":2},"end":{"line":27,"column":9}}},"fnMap":{"0":{"name":"(anonymous_0)","decl":{"start":{"line":4,"column":17},"end":{"line":4,"column":18}},"loc":{"start":{"line":4,"column":43},"end":{"line":29,"column":1}},"line":4},"1":{"name":"(anonymous_1)","decl":{"start":{"line":21,"column":38},"end":{"line":21,"column":39}},"loc":{"start":{"line":21,"column":56},"end":{"line":28,"column":2}},"line":21}},"branchMap":{"0":{"loc":{"start":{"line":6,"column":1},"end":{"line":8,"column":2}},"type":"if","locations":[{"start":{"line":6,"column":1},"end":{"line":8,"column":2}},{"start":{},"end":{}}],"line":6},"1":{"loc":{"start":{"line":12,"column":1},"end":{"line":14,"column":2}},"type":"if","locations":[{"start":{"line":12,"column":1},"end":{"line":14,"column":2}},{"start":{},"end":{}}],"line":12},"2":{"loc":{"start":{"line":12,"column":5},"end":{"line":12,"column":62}},"type":"binary-expr","locations":[{"start":{"line":12,"column":5},"end":{"line":12,"column":23}},{"start":{"line":12,"column":27},"end":{"line":12,"column":62}}],"line":12},"3":{"loc":{"start":{"line":17,"column":1},"end":{"line":19,"column":2}},"type":"if","locations":[{"start":{"line":17,"column":1},"end":{"line":19,"column":2}},{"start":{},"end":{}}],"line":17},"4":{"loc":{"start":{"line":22,"column":2},"end":{"line":22,"column":69}},"type":"if","locations":[{"start":{"line":22,"column":2},"end":{"line":22,"column":69}},{"start":{},"end":{}}],"line":22}},"s":{"0":24,"1":24,"2":24,"3":48,"4":48,"5":30,"6":18,"7":18,"8":5,"9":13,"10":13,"11":0,"12":13,"13":13,"14":8,"15":5,"16":5,"17":5,"18":5},"f":{"0":48,"1":13},"b":{"0":[30,18],"1":[5,13],"2":[18,13],"3":[0,13],"4":[8,5]},"_coverageSchema":"1a1c01bbd47fc00a2c39e90264f33305004495a9","hash":"aa0505e4761ed5ce533d4efa1d26e7cc68dea6ff"}
,"C:\\Users\\dhanj\\OneDrive\\Documents\\CourseAI\\final-project!\\book-catalog-main\\backend\\middlewares\\errorHandler.js": {"path":"C:\\Users\\dhanj\\OneDrive\\Documents\\CourseAI\\final-project!\\book-catalog-main\\backend\\middlewares\\errorHandler.js","statementMap":{"0":{"start":{"line":8,"column":2},"end":{"line":8,"column":17}},"1":{"start":{"line":9,"column":2},"end":{"line":9,"column":31}},"2":{"start":{"line":10,"column":2},"end":{"line":10,"column":67}},"3":{"start":{"line":11,"column":2},"end":{"line":11,"column":28}},"4":{"start":{"line":13,"column":2},"end":{"line":13,"column":50}},"5":{"start":{"line":17,"column":21},"end":{"line":99,"column":1}},"6":{"start":{"line":19,"column":1},"end":{"line":22,"column":2}},"7":{"start":{"line":20,"column":2},"end":{"line":20,"column":43}},"8":{"start":{"line":21,"column":2},"end":{"line":21,"column":23}},"9":{"start":{"line":24,"column":13},"end":{"line":24,"column":23}},"10":{"start":{"line":25,"column":1},"end":{"line":25,"column":56}},"11":{"start":{"line":28,"column":1},"end":{"line":34,"column":2}},"12":{"start":{"line":29,"column":2},"end":{"line":29,"column":75}},"13":{"start":{"line":30,"column":2},"end":{"line":30,"column":41}},"14":{"start":{"line":31,"column":2},"end":{"line":33,"column":3}},"15":{"start":{"line":32,"column":3},"end":{"line":32,"column":38}},"16":{"start":{"line":37,"column":1},"end":{"line":40,"column":2}},"17":{"start":{"line":38,"column":18},"end":{"line":38,"column":38}},"18":{"start":{"line":39,"column":2},"end":{"line":39,"column":37}},"19":{"start":{"line":43,"column":1},"end":{"line":47,"column":2}},"20":{"start":{"line":44,"column":16},"end":{"line":44,"column":55}},"21":{"start":{"line":45,"column":18},"end":{"line":45,"column":78}},"22":{"start":{"line":46,"column":2},"end":{"line":46,"column":37}},"23":{"start":{"line":50,"column":1},"end":{"line":54,"column":2}},"24":{"start":{"line":51,"column":17},"end":{"line":51,"column":68}},"25":{"start":{"line":51,"column":56},"end":{"line":51,"column":67}},"26":{"start":{"line":52,"column":18},"end":{"line":52,"column":60}},"27":{"start":{"line":53,"column":2},"end":{"line":53,"column":37}},"28":{"start":{"line":57,"column":1},"end":{"line":60,"column":2}},"29":{"start":{"line":58,"column":18},"end":{"line":58,"column":55}},"30":{"start":{"line":59,"column":2},"end":{"line":59,"column":37}},"31":{"start":{"line":62,"column":1},"end":{"line":65,"column":2}},"32":{"start":{"line":63,"column":18},"end":{"line":63,"column":64}},"33":{"start":{"line":64,"column":2},"end":{"line":64,"column":37}},"34":{"start":{"line":68,"column":1},"end":{"line":72,"column":2}},"35":{"start":{"line":70,"column":18},"end":{"line":70,"column":44}},"36":{"start":{"line":71,"column":2},"end":{"line":71,"column":37}},"37":{"start":{"line":74,"column":1},"end":{"line":78,"column":2}},"38":{"start":{"line":76,"column":18},"end":{"line":76,"column":46}},"39":{"start":{"line":77,"column":2},"end":{"line":77,"column":37}},"40":{"start":{"line":81,"column":20},"end":{"line":81,"column":43}},"41":{"start":{"line":82,"column":16},"end":{"line":82,"column":39}},"42":{"start":{"line":85,"column":1},"end":{"line":98,"column":4}},"43":{"start":{"line":102,"column":0},"end":{"line":109,"column":3}},"44":{"start":{"line":103,"column":1},"end":{"line":103,"column":50}},"45":{"start":{"line":104,"column":1},"end":{"line":104,"column":38}},"46":{"start":{"line":105,"column":1},"end":{"line":105,"column":36}},"47":{"start":{"line":108,"column":1},"end":{"line":108,"column":17}},"48":{"start":{"line":112,"column":0},"end":{"line":119,"column":3}},"49":{"start":{"line":113,"column":1},"end":{"line":113,"column":41}},"50":{"start":{"line":114,"column":1},"end":{"line":114,"column":38}},"51":{"start":{"line":115,"column":1},"end":{"line":115,"column":36}},"52":{"start":{"line":118,"column":1},"end":{"line":118,"column":17}},"53":{"start":{"line":121,"column":0},"end":{"line":124,"column":2}}},"fnMap":{"0":{"name":"(anonymous_0)","decl":{"start":{"line":7,"column":1},"end":{"line":7,"column":2}},"loc":{"start":{"line":7,"column":34},"end":{"line":14,"column":2}},"line":7},"1":{"name":"(anonymous_1)","decl":{"start":{"line":17,"column":21},"end":{"line":17,"column":22}},"loc":{"start":{"line":17,"column":46},"end":{"line":99,"column":1}},"line":17},"2":{"name":"(anonymous_2)","decl":{"start":{"line":51,"column":47},"end":{"line":51,"column":48}},"loc":{"start":{"line":51,"column":56},"end":{"line":51,"column":67}},"line":51},"3":{"name":"(anonymous_3)","decl":{"start":{"line":102,"column":33},"end":{"line":102,"column":34}},"loc":{"start":{"line":102,"column":51},"end":{"line":109,"column":1}},"line":102},"4":{"name":"(anonymous_4)","decl":{"start":{"line":112,"column":32},"end":{"line":112,"column":33}},"loc":{"start":{"line":112,"column":41},"end":{"line":119,"column":1}},"line":112}},"branchMap":{"0":{"loc":{"start":{"line":10,"column":16},"end":{"line":10,"column":66}},"type":"cond-expr","locations":[{"start":{"line":10,"column":50},"end":{"line":10,"column":56}},{"start":{"line":10,"column":59},"end":{"line":10,"column":66}}],"line":10},"1":{"loc":{"start":{"line":19,"column":1},"end":{"line":22,"column":2}},"type":"if","locations":[{"start":{"line":19,"column":1},"end":{"line":22,"column":2}},{"start":{},"end":{}}],"line":19},"2":{"loc":{"start":{"line":25,"column":17},"end":{"line":25,"column":55}},"type":"binary-expr","locations":[{"start":{"line":25,"column":17},"end":{"line":25,"column":28}},{"start":{"line":25,"column":32},"end":{"line":25,"column":55}}],"line":25},"3":{"loc":{"start":{"line":28,"column":1},"end":{"line":34,"column":2}},"type":"if","locations":[{"start":{"line":28,"column":1},"end":{"line":34,"column":2}},{"start":{},"end":{}}],"line":28},"4":{"loc":{"start":{"line":31,"column":2},"end":{"line":33,"column":3}},"type":"if","locations":[{"start":{"line":31,"column":2},"end":{"line":33,"column":3}},{"start":{},"end":{}}],"line":31},"5":{"loc":{"start":{"line":37,"column":1},"end":{"line":40,"column":2}},"type":"if","locations":[{"start":{"line":37,"column":1},"end":{"line":40,"column":2}},{"start":{},"end":{}}],"line":37},"6":{"loc":{"start":{"line":43,"column":1},"end":{"line":47,"column":2}},"type":"if","locations":[{"start":{"line":43,"column":1},"end":{"line":47,"column":2}},{"start":{},"end":{}}],"line":43},"7":{"loc":{"start":{"line":50,"column":1},"end":{"line":54,"column":2}},"type":"if","locations":[{"start":{"line":50,"column":1},"end":{"line":54,"column":2}},{"start":{},"end":{}}],"line":50},"8":{"loc":{"start":{"line":57,"column":1},"end":{"line":60,"column":2}},"type":"if","locations":[{"start":{"line":57,"column":1},"end":{"line":60,"column":2}},{"start":{},"end":{}}],"line":57},"9":{"loc":{"start":{"line":62,"column":1},"end":{"line":65,"column":2}},"type":"if","locations":[{"start":{"line":62,"column":1},"end":{"line":65,"column":2}},{"start":{},"end":{}}],"line":62},"10":{"loc":{"start":{"line":68,"column":1},"end":{"line":72,"column":2}},"type":"if","locations":[{"start":{"line":68,"column":1},"end":{"line":72,"column":2}},{"start":{},"end":{}}],"line":68},"11":{"loc":{"start":{"line":74,"column":1},"end":{"line":78,"column":2}},"type":"if","locations":[{"start":{"line":74,"column":1},"end":{"line":78,"column":2}},{"start":{},"end":{}}],"line":74},"12":{"loc":{"start":{"line":81,"column":20},"end":{"line":81,"column":43}},"type":"binary-expr","locations":[{"start":{"line":81,"column":20},"end":{"line":81,"column":36}},{"start":{"line":81,"column":40},"end":{"line":81,"column":43}}],"line":81},"13":{"loc":{"start":{"line":82,"column":16},"end":{"line":82,"column":39}},"type":"binary-expr","locations":[{"start":{"line":82,"column":16},"end":{"line":82,"column":28}},{"start":{"line":82,"column":32},"end":{"line":82,"column":39}}],"line":82},"14":{"loc":{"start":{"line":89,"column":12},"end":{"line":89,"column":52}},"type":"binary-expr","locations":[{"start":{"line":89,"column":12},"end":{"line":89,"column":25}},{"start":{"line":89,"column":29},"end":{"line":89,"column":52}}],"line":89},"15":{"loc":{"start":{"line":90,"column":7},"end":{"line":93,"column":4}},"type":"binary-expr","locations":[{"start":{"line":90,"column":7},"end":{"line":90,"column":45}},{"start":{"line":90,"column":49},"end":{"line":93,"column":4}}],"line":90}},"s":{"0":87,"1":87,"2":87,"3":87,"4":87,"5":28,"6":73,"7":1,"8":1,"9":73,"10":73,"11":73,"12":3,"13":3,"14":3,"15":2,"16":73,"17":1,"18":1,"19":73,"20":1,"21":1,"22":1,"23":73,"24":1,"25":2,"26":1,"27":1,"28":73,"29":1,"30":1,"31":73,"32":1,"33":1,"34":73,"35":1,"36":1,"37":73,"38":1,"39":1,"40":73,"41":73,"42":73,"43":28,"44":0,"45":0,"46":0,"47":0,"48":28,"49":0,"50":0,"51":0,"52":0,"53":28},"f":{"0":87,"1":73,"2":2,"3":0,"4":0},"b":{"0":[67,20],"1":[1,72],"2":[73,1],"3":[3,70],"4":[2,1],"5":[1,72],"6":[1,72],"7":[1,72],"8":[1,72],"9":[1,72],"10":[1,72],"11":[1,72],"12":[73,3],"13":[73,5],"14":[73,0],"15":[73,2]},"_coverageSchema":"1a1c01bbd47fc00a2c39e90264f33305004495a9","hash":"72ea9f334d74bbb3cbfc553e3ddc5bcd3cfa3d26"}
,"C:\\Users\\dhanj\\OneDrive\\Documents\\CourseAI\\final-project!\\book-catalog-main\\backend\\middlewares\\logger.js": {"path":"C:\\Users\\dhanj\\OneDrive\\Documents\\CourseAI\\final-project!\\book-catalog-main\\backend\\middlewares\\logger.js","statementMap":{"0":{"start":{"line":6,"column":22},"end":{"line":72,"column":1}},"1":{"start":{"line":7,"column":15},"end":{"line":7,"column":25}},"2":{"start":{"line":10,"column":20},"end":{"line":64,"column":2}},"3":{"start":{"line":11,"column":19},"end":{"line":11,"column":37}},"4":{"start":{"line":12,"column":20},"end":{"line":12,"column":44}},"5":{"start":{"line":15,"column":22},"end":{"line":23,"column":3}},"6":{"start":{"line":26,"column":2},"end":{"line":28,"column":3}},"7":{"start":{"line":27,"column":3},"end":{"line":27,"column":36}},"8":{"start":{"line":31,"column":2},"end":{"line":43,"column":3}},"9":{"start":{"line":32,"column":25},"end":{"line":32,"column":40}},"10":{"start":{"line":35,"column":3},"end":{"line":37,"column":4}},"11":{"start":{"line":36,"column":4},"end":{"line":36,"column":42}},"12":{"start":{"line":38,"column":3},"end":{"line":40,"column":4}},"13":{"start":{"line":39,"column":4},"end":{"line":39,"column":39}},"14":{"start":{"line":42,"column":3},"end":{"line":42,"column":36}},"15":{"start":{"line":46,"column":17},"end":{"line":46,"column":27}},"16":{"start":{"line":47,"column":2},"end":{"line":51,"column":3}},"17":{"start":{"line":48,"column":3},"end":{"line":48,"column":25}},"18":{"start":{"line":49,"column":9},"end":{"line":51,"column":3}},"19":{"start":{"line":50,"column":3},"end":{"line":50,"column":25}},"20":{"start":{"line":54,"column":2},"end":{"line":63,"column":3}},"21":{"start":{"line":55,"column":3},"end":{"line":57,"column":5}},"22":{"start":{"line":60,"column":3},"end":{"line":62,"column":4}},"23":{"start":{"line":61,"column":4},"end":{"line":61,"column":74}},"24":{"start":{"line":67,"column":1},"end":{"line":69,"column":2}},"25":{"start":{"line":68,"column":2},"end":{"line":68,"column":31}},"26":{"start":{"line":71,"column":1},"end":{"line":71,"column":8}},"27":{"start":{"line":75,"column":23},"end":{"line":92,"column":1}},"28":{"start":{"line":76,"column":1},"end":{"line":91,"column":3}},"29":{"start":{"line":77,"column":20},"end":{"line":77,"column":44}},"30":{"start":{"line":78,"column":13},"end":{"line":78,"column":51}},"31":{"start":{"line":79,"column":20},"end":{"line":79,"column":41}},"32":{"start":{"line":81,"column":2},"end":{"line":88,"column":3}},"33":{"start":{"line":82,"column":3},"end":{"line":82,"column":78}},"34":{"start":{"line":83,"column":3},"end":{"line":83,"column":46}},"35":{"start":{"line":85,"column":3},"end":{"line":87,"column":4}},"36":{"start":{"line":86,"column":4},"end":{"line":86,"column":46}},"37":{"start":{"line":90,"column":2},"end":{"line":90,"column":9}},"38":{"start":{"line":95,"column":17},"end":{"line":100,"column":1}},"39":{"start":{"line":102,"column":20},"end":{"line":118,"column":1}},"40":{"start":{"line":103,"column":1},"end":{"line":103,"column":21}},"41":{"start":{"line":105,"column":18},"end":{"line":105,"column":64}},"42":{"start":{"line":106,"column":1},"end":{"line":106,"column":72}},"43":{"start":{"line":109,"column":22},"end":{"line":109,"column":30}},"44":{"start":{"line":110,"column":1},"end":{"line":115,"column":3}},"45":{"start":{"line":111,"column":2},"end":{"line":113,"column":3}},"46":{"start":{"line":112,"column":3},"end":{"line":112,"column":21}},"47":{"start":{"line":114,"column":2},"end":{"line":114,"column":32}},"48":{"start":{"line":117,"column":1},"end":{"line":117,"column":8}},"49":{"start":{"line":121,"column":20},"end":{"line":134,"column":1}},"50":{"start":{"line":122,"column":16},"end":{"line":122,"column":47}},"51":{"start":{"line":123,"column":21},"end":{"line":123,"column":58}},"52":{"start":{"line":124,"column":23},"end":{"line":124,"column":76}},"53":{"start":{"line":126,"column":1},"end":{"line":133,"column":3}},"54":{"start":{"line":136,"column":0},"end":{"line":141,"column":2}}},"fnMap":{"0":{"name":"(anonymous_0)","decl":{"start":{"line":6,"column":22},"end":{"line":6,"column":23}},"loc":{"start":{"line":6,"column":42},"end":{"line":72,"column":1}},"line":6},"1":{"name":"(anonymous_1)","decl":{"start":{"line":10,"column":20},"end":{"line":10,"column":21}},"loc":{"start":{"line":10,"column":26},"end":{"line":64,"column":2}},"line":10},"2":{"name":"(anonymous_2)","decl":{"start":{"line":75,"column":23},"end":{"line":75,"column":24}},"loc":{"start":{"line":75,"column":38},"end":{"line":92,"column":1}},"line":75},"3":{"name":"(anonymous_3)","decl":{"start":{"line":76,"column":8},"end":{"line":76,"column":9}},"loc":{"start":{"line":76,"column":28},"end":{"line":91,"column":2}},"line":76},"4":{"name":"(anonymous_4)","decl":{"start":{"line":102,"column":20},"end":{"line":102,"column":21}},"loc":{"start":{"line":102,"column":40},"end":{"line":118,"column":1}},"line":102},"5":{"name":"(anonymous_5)","decl":{"start":{"line":110,"column":12},"end":{"line":110,"column":13}},"loc":{"start":{"line":110,"column":28},"end":{"line":115,"column":2}},"line":110},"6":{"name":"(anonymous_6)","decl":{"start":{"line":121,"column":20},"end":{"line":121,"column":21}},"loc":{"start":{"line":121,"column":26},"end":{"line":134,"column":1}},"line":121}},"branchMap":{"0":{"loc":{"start":{"line":18,"column":8},"end":{"line":18,"column":34}},"type":"binary-expr","locations":[{"start":{"line":18,"column":8},"end":{"line":18,"column":23}},{"start":{"line":18,"column":27},"end":{"line":18,"column":34}}],"line":18},"1":{"loc":{"start":{"line":19,"column":7},"end":{"line":19,"column":65}},"type":"binary-expr","locations":[{"start":{"line":19,"column":7},"end":{"line":19,"column":13}},{"start":{"line":19,"column":18},"end":{"line":19,"column":32}},{"start":{"line":19,"column":36},"end":{"line":19,"column":64}}],"line":19},"2":{"loc":{"start":{"line":20,"column":14},"end":{"line":20,"column":88}},"type":"cond-expr","locations":[{"start":{"line":20,"column":24},"end":{"line":20,"column":45}},{"start":{"line":20,"column":48},"end":{"line":20,"column":88}}],"line":20},"3":{"loc":{"start":{"line":20,"column":48},"end":{"line":20,"column":88}},"type":"binary-expr","locations":[{"start":{"line":20,"column":48},"end":{"line":20,"column":59}},{"start":{"line":20,"column":63},"end":{"line":20,"column":88}}],"line":20},"4":{"loc":{"start":{"line":26,"column":2},"end":{"line":28,"column":3}},"type":"if","locations":[{"start":{"line":26,"column":2},"end":{"line":28,"column":3}},{"start":{},"end":{}}],"line":26},"5":{"loc":{"start":{"line":31,"column":2},"end":{"line":43,"column":3}},"type":"if","locations":[{"start":{"line":31,"column":2},"end":{"line":43,"column":3}},{"start":{},"end":{}}],"line":31},"6":{"loc":{"start":{"line":31,"column":6},"end":{"line":31,"column":38}},"type":"binary-expr","locations":[{"start":{"line":31,"column":6},"end":{"line":31,"column":26}},{"start":{"line":31,"column":30},"end":{"line":31,"column":38}}],"line":31},"7":{"loc":{"start":{"line":35,"column":3},"end":{"line":37,"column":4}},"type":"if","locations":[{"start":{"line":35,"column":3},"end":{"line":37,"column":4}},{"start":{},"end":{}}],"line":35},"8":{"loc":{"start":{"line":38,"column":3},"end":{"line":40,"column":4}},"type":"if","locations":[{"start":{"line":38,"column":3},"end":{"line":40,"column":4}},{"start":{},"end":{}}],"line":38},"9":{"loc":{"start":{"line":47,"column":2},"end":{"line":51,"column":3}},"type":"if","locations":[{"start":{"line":47,"column":2},"end":{"line":51,"column":3}},{"start":{"line":49,"column":9},"end":{"line":51,"column":3}}],"line":47},"10":{"loc":{"start":{"line":47,"column":6},"end":{"line":47,"column":51}},"type":"binary-expr","locations":[{"start":{"line":47,"column":6},"end":{"line":47,"column":27}},{"start":{"line":47,"column":31},"end":{"line":47,"column":51}}],"line":47},"11":{"loc":{"start":{"line":49,"column":9},"end":{"line":51,"column":3}},"type":"if","locations":[{"start":{"line":49,"column":9},"end":{"line":51,"column":3}},{"start":{},"end":{}}],"line":49},"12":{"loc":{"start":{"line":54,"column":2},"end":{"line":63,"column":3}},"type":"if","locations":[{"start":{"line":54,"column":2},"end":{"line":63,"column":3}},{"start":{},"end":{}}],"line":54},"13":{"loc":{"start":{"line":60,"column":3},"end":{"line":62,"column":4}},"type":"if","locations":[{"start":{"line":60,"column":3},"end":{"line":62,"column":4}},{"start":{},"end":{}}],"line":60},"14":{"loc":{"start":{"line":67,"column":1},"end":{"line":69,"column":2}},"type":"if","locations":[{"start":{"line":67,"column":1},"end":{"line":69,"column":2}},{"start":{},"end":{}}],"line":67},"15":{"loc":{"start":{"line":67,"column":5},"end":{"line":67,"column":40}},"type":"binary-expr","locations":[{"start":{"line":67,"column":5},"end":{"line":67,"column":8}},{"start":{"line":67,"column":12},"end":{"line":67,"column":40}}],"line":67},"16":{"loc":{"start":{"line":78,"column":13},"end":{"line":78,"column":51}},"type":"binary-expr","locations":[{"start":{"line":78,"column":13},"end":{"line":78,"column":19}},{"start":{"line":78,"column":23},"end":{"line":78,"column":51}}],"line":78},"17":{"loc":{"start":{"line":81,"column":2},"end":{"line":88,"column":3}},"type":"if","locations":[{"start":{"line":81,"column":2},"end":{"line":88,"column":3}},{"start":{},"end":{}}],"line":81},"18":{"loc":{"start":{"line":85,"column":3},"end":{"line":87,"column":4}},"type":"if","locations":[{"start":{"line":85,"column":3},"end":{"line":87,"column":4}},{"start":{},"end":{}}],"line":85},"19":{"loc":{"start":{"line":105,"column":35},"end":{"line":105,"column":62}},"type":"binary-expr","locations":[{"start":{"line":105,"column":35},"end":{"line":105,"column":50}},{"start":{"line":105,"column":54},"end":{"line":105,"column":62}}],"line":105},"20":{"loc":{"start":{"line":106,"column":33},"end":{"line":106,"column":66}},"type":"binary-expr","locations":[{"start":{"line":106,"column":33},"end":{"line":106,"column":61}},{"start":{"line":106,"column":65},"end":{"line":106,"column":66}}],"line":106},"21":{"loc":{"start":{"line":111,"column":2},"end":{"line":113,"column":3}},"type":"if","locations":[{"start":{"line":111,"column":2},"end":{"line":113,"column":3}},{"start":{},"end":{}}],"line":111}},"s":{"0":28,"1":12,"2":12,"3":4,"4":4,"5":4,"6":4,"7":0,"8":4,"9":0,"10":0,"11":0,"12":0,"13":0,"14":0,"15":4,"16":4,"17":1,"18":3,"19":0,"20":4,"21":4,"22":4,"23":4,"24":12,"25":11,"26":12,"27":28,"28":150,"29":44,"30":44,"31":44,"32":44,"33":0,"34":0,"35":0,"36":0,"37":44,"38":28,"39":28,"40":14,"41":14,"42":14,"43":14,"44":14,"45":0,"46":0,"47":0,"48":14,"49":28,"50":0,"51":0,"52":0,"53":0,"54":28},"f":{"0":12,"1":4,"2":150,"3":44,"4":14,"5":0,"6":0},"b":{"0":[4,0],"1":[4,0,0],"2":[4,0],"3":[0,0],"4":[0,4],"5":[0,4],"6":[4,0],"7":[0,0],"8":[0,0],"9":[1,3],"10":[4,1],"11":[0,3],"12":[4,0],"13":[4,0],"14":[11,1],"15":[12,12],"16":[44,0],"17":[0,44],"18":[0,0],"19":[14,14],"20":[14,5],"21":[0,0]},"_coverageSchema":"1a1c01bbd47fc00a2c39e90264f33305004495a9","hash":"e963ae774ff528d541d8d08aac6a2e4258974b40"}
,"C:\\Users\\dhanj\\OneDrive\\Documents\\CourseAI\\final-project!\\book-catalog-main\\backend\\middlewares\\rateLimiter.js": {"path":"C:\\Users\\dhanj\\OneDrive\\Documents\\CourseAI\\final-project!\\book-catalog-main\\backend\\middlewares\\rateLimiter.js","statementMap":{"0":{"start":{"line":1,"column":18},"end":{"line":1,"column":47}},"1":{"start":{"line":2,"column":15},"end":{"line":2,"column":42}},"2":{"start":{"line":9,"column":26},"end":{"line":71,"column":1}},"3":{"start":{"line":15,"column":1},"end":{"line":70,"column":4}},"4":{"start":{"line":31,"column":21},"end":{"line":31,"column":51}},"5":{"start":{"line":32,"column":3},"end":{"line":35,"column":4}},"6":{"start":{"line":34,"column":4},"end":{"line":34,"column":42}},"7":{"start":{"line":36,"column":3},"end":{"line":36,"column":17}},"8":{"start":{"line":40,"column":21},"end":{"line":40,"column":51}},"9":{"start":{"line":41,"column":14},"end":{"line":41,"column":65}},"10":{"start":{"line":42,"column":3},"end":{"line":53,"column":4}},"11":{"start":{"line":44,"column":4},"end":{"line":49,"column":5}},"12":{"start":{"line":45,"column":5},"end":{"line":48,"column":7}},"13":{"start":{"line":50,"column":4},"end":{"line":52,"column":74}},"14":{"start":{"line":54,"column":3},"end":{"line":59,"column":4}},"15":{"start":{"line":55,"column":4},"end":{"line":58,"column":6}},"16":{"start":{"line":60,"column":3},"end":{"line":68,"column":6}},"17":{"start":{"line":76,"column":19},"end":{"line":80,"column":1}},"18":{"start":{"line":83,"column":20},"end":{"line":88,"column":1}},"19":{"start":{"line":91,"column":22},"end":{"line":95,"column":1}},"20":{"start":{"line":98,"column":22},"end":{"line":102,"column":1}},"21":{"start":{"line":104,"column":0},"end":{"line":117,"column":2}},"22":{"start":{"line":112,"column":2},"end":{"line":116,"column":3}}},"fnMap":{"0":{"name":"(anonymous_0)","decl":{"start":{"line":9,"column":26},"end":{"line":9,"column":27}},"loc":{"start":{"line":14,"column":5},"end":{"line":71,"column":1}},"line":14},"1":{"name":"(anonymous_1)","decl":{"start":{"line":29,"column":16},"end":{"line":29,"column":17}},"loc":{"start":{"line":29,"column":25},"end":{"line":37,"column":3}},"line":29},"2":{"name":"(anonymous_2)","decl":{"start":{"line":38,"column":11},"end":{"line":38,"column":12}},"loc":{"start":{"line":38,"column":25},"end":{"line":69,"column":3}},"line":38},"3":{"name":"(anonymous_3)","decl":{"start":{"line":111,"column":20},"end":{"line":111,"column":21}},"loc":{"start":{"line":112,"column":2},"end":{"line":116,"column":3}},"line":112}},"branchMap":{"0":{"loc":{"start":{"line":13,"column":1},"end":{"line":13,"column":31}},"type":"default-arg","locations":[{"start":{"line":13,"column":26},"end":{"line":13,"column":31}}],"line":13},"1":{"loc":{"start":{"line":32,"column":3},"end":{"line":35,"column":4}},"type":"if","locations":[{"start":{"line":32,"column":3},"end":{"line":35,"column":4}},{"start":{},"end":{}}],"line":32},"2":{"loc":{"start":{"line":41,"column":14},"end":{"line":41,"column":65}},"type":"cond-expr","locations":[{"start":{"line":41,"column":26},"end":{"line":41,"column":56}},{"start":{"line":41,"column":59},"end":{"line":41,"column":65}}],"line":41},"3":{"loc":{"start":{"line":42,"column":3},"end":{"line":53,"column":4}},"type":"if","locations":[{"start":{"line":42,"column":3},"end":{"line":53,"column":4}},{"start":{},"end":{}}],"line":42},"4":{"loc":{"start":{"line":44,"column":4},"end":{"line":49,"column":5}},"type":"if","locations":[{"start":{"line":44,"column":4},"end":{"line":49,"column":5}},{"start":{},"end":{}}],"line":44},"5":{"loc":{"start":{"line":54,"column":3},"end":{"line":59,"column":4}},"type":"if","locations":[{"start":{"line":54,"column":3},"end":{"line":59,"column":4}},{"start":{},"end":{}}],"line":54},"6":{"loc":{"start":{"line":85,"column":1},"end":{"line":85,"column":73}},"type":"cond-expr","locations":[{"start":{"line":85,"column":36},"end":{"line":85,"column":38}},{"start":{"line":85,"column":41},"end":{"line":85,"column":73}}],"line":85},"7":{"loc":{"start":{"line":93,"column":1},"end":{"line":93,"column":42}},"type":"cond-expr","locations":[{"start":{"line":93,"column":36},"end":{"line":93,"column":38}},{"start":{"line":93,"column":41},"end":{"line":93,"column":42}}],"line":93},"8":{"loc":{"start":{"line":114,"column":3},"end":{"line":114,"column":47}},"type":"cond-expr","locations":[{"start":{"line":114,"column":38},"end":{"line":114,"column":41}},{"start":{"line":114,"column":44},"end":{"line":114,"column":47}}],"line":114}},"s":{"0":27,"1":27,"2":27,"3":164,"4":69,"5":57,"6":1,"7":56,"8":0,"9":0,"10":0,"11":0,"12":0,"13":0,"14":0,"15":0,"16":0,"17":27,"18":27,"19":27,"20":27,"21":27,"22":0},"f":{"0":164,"1":69,"2":0,"3":0},"b":{"0":[135],"1":[1,56],"2":[0,0],"3":[0,0],"4":[0,0],"5":[0,0],"6":[1,26],"7":[1,26],"8":[0,0]},"_coverageSchema":"1a1c01bbd47fc00a2c39e90264f33305004495a9","hash":"ec30d6818caeb63ceb84302dd68d871dc70f68d4"}
,"C:\\Users\\dhanj\\OneDrive\\Documents\\CourseAI\\final-project!\\book-catalog-main\\backend\\middlewares\\validation.js": {"path":"C:\\Users\\dhanj\\OneDrive\\Documents\\CourseAI\\final-project!\\book-catalog-main\\backend\\middlewares\\validation.js","statementMap":{"0":{"start":{"line":1,"column":12},"end":{"line":1,"column":26}},"1":{"start":{"line":2,"column":21},"end":{"line":2,"column":46}},"2":{"start":{"line":9,"column":16},"end":{"line":57,"column":1}},"3":{"start":{"line":60,"column":17},"end":{"line":82,"column":1}},"4":{"start":{"line":61,"column":2},"end":{"line":81,"column":4}},"5":{"start":{"line":62,"column":27},"end":{"line":62,"column":40}},"6":{"start":{"line":64,"column":29},"end":{"line":68,"column":6}},"7":{"start":{"line":70,"column":4},"end":{"line":76,"column":5}},"8":{"start":{"line":71,"column":27},"end":{"line":73,"column":19}},"9":{"start":{"line":72,"column":25},"end":{"line":72,"column":39}},"10":{"start":{"line":75,"column":6},"end":{"line":75,"column":74}},"11":{"start":{"line":79,"column":4},"end":{"line":79,"column":26}},"12":{"start":{"line":80,"column":4},"end":{"line":80,"column":11}},"13":{"start":{"line":85,"column":21},"end":{"line":85,"column":51}},"14":{"start":{"line":86,"column":21},"end":{"line":86,"column":51}},"15":{"start":{"line":87,"column":19},"end":{"line":87,"column":49}},"16":{"start":{"line":88,"column":26},"end":{"line":88,"column":62}},"17":{"start":{"line":91,"column":27},"end":{"line":113,"column":1}},"18":{"start":{"line":92,"column":23},"end":{"line":95,"column":11}},"19":{"start":{"line":97,"column":27},"end":{"line":101,"column":4}},"20":{"start":{"line":103,"column":2},"end":{"line":109,"column":3}},"21":{"start":{"line":104,"column":25},"end":{"line":106,"column":17}},"22":{"start":{"line":105,"column":23},"end":{"line":105,"column":37}},"23":{"start":{"line":108,"column":4},"end":{"line":108,"column":72}},"24":{"start":{"line":111,"column":2},"end":{"line":111,"column":19}},"25":{"start":{"line":112,"column":2},"end":{"line":112,"column":9}},"26":{"start":{"line":116,"column":17},"end":{"line":144,"column":1}},"27":{"start":{"line":118,"column":25},"end":{"line":124,"column":3}},"28":{"start":{"line":119,"column":4},"end":{"line":119,"column":44}},"29":{"start":{"line":119,"column":33},"end":{"line":119,"column":44}},"30":{"start":{"line":120,"column":4},"end":{"line":123,"column":14}},"31":{"start":{"line":127,"column":25},"end":{"line":138,"column":3}},"32":{"start":{"line":128,"column":4},"end":{"line":136,"column":5}},"33":{"start":{"line":129,"column":6},"end":{"line":135,"column":7}},"34":{"start":{"line":130,"column":8},"end":{"line":134,"column":9}},"35":{"start":{"line":131,"column":10},"end":{"line":131,"column":46}},"36":{"start":{"line":132,"column":15},"end":{"line":134,"column":9}},"37":{"start":{"line":133,"column":10},"end":{"line":133,"column":35}},"38":{"start":{"line":137,"column":4},"end":{"line":137,"column":15}},"39":{"start":{"line":140,"column":2},"end":{"line":140,"column":38}},"40":{"start":{"line":141,"column":2},"end":{"line":141,"column":40}},"41":{"start":{"line":143,"column":2},"end":{"line":143,"column":9}},"42":{"start":{"line":146,"column":0},"end":{"line":155,"column":2}}},"fnMap":{"0":{"name":"(anonymous_0)","decl":{"start":{"line":60,"column":17},"end":{"line":60,"column":18}},"loc":{"start":{"line":60,"column":48},"end":{"line":82,"column":1}},"line":60},"1":{"name":"(anonymous_1)","decl":{"start":{"line":61,"column":9},"end":{"line":61,"column":10}},"loc":{"start":{"line":61,"column":29},"end":{"line":81,"column":3}},"line":61},"2":{"name":"(anonymous_2)","decl":{"start":{"line":72,"column":13},"end":{"line":72,"column":14}},"loc":{"start":{"line":72,"column":25},"end":{"line":72,"column":39}},"line":72},"3":{"name":"(anonymous_3)","decl":{"start":{"line":91,"column":27},"end":{"line":91,"column":28}},"loc":{"start":{"line":91,"column":47},"end":{"line":113,"column":1}},"line":91},"4":{"name":"(anonymous_4)","decl":{"start":{"line":105,"column":11},"end":{"line":105,"column":12}},"loc":{"start":{"line":105,"column":23},"end":{"line":105,"column":37}},"line":105},"5":{"name":"(anonymous_5)","decl":{"start":{"line":116,"column":17},"end":{"line":116,"column":18}},"loc":{"start":{"line":116,"column":37},"end":{"line":144,"column":1}},"line":116},"6":{"name":"(anonymous_6)","decl":{"start":{"line":118,"column":25},"end":{"line":118,"column":26}},"loc":{"start":{"line":118,"column":34},"end":{"line":124,"column":3}},"line":118},"7":{"name":"(anonymous_7)","decl":{"start":{"line":127,"column":25},"end":{"line":127,"column":26}},"loc":{"start":{"line":127,"column":34},"end":{"line":138,"column":3}},"line":127}},"branchMap":{"0":{"loc":{"start":{"line":60,"column":26},"end":{"line":60,"column":43}},"type":"default-arg","locations":[{"start":{"line":60,"column":37},"end":{"line":60,"column":43}}],"line":60},"1":{"loc":{"start":{"line":70,"column":4},"end":{"line":76,"column":5}},"type":"if","locations":[{"start":{"line":70,"column":4},"end":{"line":76,"column":5}},{"start":{},"end":{}}],"line":70},"2":{"loc":{"start":{"line":103,"column":2},"end":{"line":109,"column":3}},"type":"if","locations":[{"start":{"line":103,"column":2},"end":{"line":109,"column":3}},{"start":{},"end":{}}],"line":103},"3":{"loc":{"start":{"line":119,"column":4},"end":{"line":119,"column":44}},"type":"if","locations":[{"start":{"line":119,"column":4},"end":{"line":119,"column":44}},{"start":{},"end":{}}],"line":119},"4":{"loc":{"start":{"line":128,"column":4},"end":{"line":136,"column":5}},"type":"if","locations":[{"start":{"line":128,"column":4},"end":{"line":136,"column":5}},{"start":{},"end":{}}],"line":128},"5":{"loc":{"start":{"line":128,"column":8},"end":{"line":128,"column":38}},"type":"binary-expr","locations":[{"start":{"line":128,"column":8},"end":{"line":128,"column":11}},{"start":{"line":128,"column":15},"end":{"line":128,"column":38}}],"line":128},"6":{"loc":{"start":{"line":130,"column":8},"end":{"line":134,"column":9}},"type":"if","locations":[{"start":{"line":130,"column":8},"end":{"line":134,"column":9}},{"start":{"line":132,"column":15},"end":{"line":134,"column":9}}],"line":130},"7":{"loc":{"start":{"line":132,"column":15},"end":{"line":134,"column":9}},"type":"if","locations":[{"start":{"line":132,"column":15},"end":{"line":134,"column":9}},{"start":{},"end":{}}],"line":132}},"s":{"0":27,"1":27,"2":27,"3":27,"4":108,"5":94,"6":94,"7":94,"8":37,"9":46,"10":37,"11":57,"12":57,"13":27,"14":27,"15":27,"16":27,"17":27,"18":8,"19":8,"20":8,"21":2,"22":2,"23":2,"24":6,"25":6,"26":27,"27":74,"28":69,"29":0,"30":69,"31":74,"32":151,"33":150,"34":76,"35":69,"36":7,"37":3,"38":151,"39":74,"40":74,"41":74,"42":27},"f":{"0":108,"1":94,"2":46,"3":8,"4":2,"5":74,"6":69,"7":151},"b":{"0":[0],"1":[37,57],"2":[2,6],"3":[0,69],"4":[150,1],"5":[151,150],"6":[69,7],"7":[3,4]},"_coverageSchema":"1a1c01bbd47fc00a2c39e90264f33305004495a9","hash":"baa21e8ef6522220bdae5a4dc72edd3ccee5604d"}
,"C:\\Users\\dhanj\\OneDrive\\Documents\\CourseAI\\final-project!\\book-catalog-main\\backend\\routes\\authRoutes.js": {"path":"C:\\Users\\dhanj\\OneDrive\\Documents\\CourseAI\\final-project!\\book-catalog-main\\backend\\routes\\authRoutes.js","statementMap":{"0":{"start":{"line":1,"column":16},"end":{"line":1,"column":34}},"1":{"start":{"line":2,"column":25},"end":{"line":2,"column":57}},"2":{"start":{"line":3,"column":12},"end":{"line":3,"column":35}},"3":{"start":{"line":4,"column":15},"end":{"line":4,"column":42}},"4":{"start":{"line":5,"column":25},"end":{"line":5,"column":61}},"5":{"start":{"line":6,"column":39},"end":{"line":6,"column":76}},"6":{"start":{"line":7,"column":27},"end":{"line":7,"column":59}},"7":{"start":{"line":8,"column":21},"end":{"line":8,"column":59}},"8":{"start":{"line":10,"column":15},"end":{"line":10,"column":31}},"9":{"start":{"line":13,"column":17},"end":{"line":13,"column":75}},"10":{"start":{"line":22,"column":0},"end":{"line":72,"column":2}},"11":{"start":{"line":27,"column":2},"end":{"line":70,"column":3}},"12":{"start":{"line":28,"column":3},"end":{"line":30,"column":4}},"13":{"start":{"line":29,"column":4},"end":{"line":29,"column":52}},"14":{"start":{"line":31,"column":31},"end":{"line":31,"column":39}},"15":{"start":{"line":34,"column":27},"end":{"line":37,"column":5}},"16":{"start":{"line":39,"column":3},"end":{"line":51,"column":4}},"17":{"start":{"line":40,"column":4},"end":{"line":42,"column":5}},"18":{"start":{"line":41,"column":5},"end":{"line":41,"column":59}},"19":{"start":{"line":43,"column":4},"end":{"line":50,"column":7}},"20":{"start":{"line":53,"column":3},"end":{"line":64,"column":6}},"21":{"start":{"line":66,"column":3},"end":{"line":68,"column":4}},"22":{"start":{"line":67,"column":4},"end":{"line":67,"column":68}},"23":{"start":{"line":69,"column":3},"end":{"line":69,"column":58}},"24":{"start":{"line":79,"column":0},"end":{"line":141,"column":2}},"25":{"start":{"line":84,"column":2},"end":{"line":139,"column":3}},"26":{"start":{"line":85,"column":3},"end":{"line":87,"column":4}},"27":{"start":{"line":86,"column":4},"end":{"line":86,"column":49}},"28":{"start":{"line":88,"column":31},"end":{"line":88,"column":39}},"29":{"start":{"line":91,"column":27},"end":{"line":94,"column":5}},"30":{"start":{"line":96,"column":3},"end":{"line":108,"column":4}},"31":{"start":{"line":97,"column":4},"end":{"line":99,"column":5}},"32":{"start":{"line":98,"column":5},"end":{"line":98,"column":52}},"33":{"start":{"line":100,"column":4},"end":{"line":107,"column":7}},"34":{"start":{"line":111,"column":17},"end":{"line":120,"column":4}},"35":{"start":{"line":122,"column":3},"end":{"line":133,"column":6}},"36":{"start":{"line":135,"column":3},"end":{"line":137,"column":4}},"37":{"start":{"line":136,"column":4},"end":{"line":136,"column":61}},"38":{"start":{"line":138,"column":3},"end":{"line":138,"column":51}},"39":{"start":{"line":150,"column":0},"end":{"line":170,"column":2}},"40":{"start":{"line":154,"column":2},"end":{"line":168,"column":3}},"41":{"start":{"line":155,"column":3},"end":{"line":162,"column":6}},"42":{"start":{"line":164,"column":3},"end":{"line":166,"column":4}},"43":{"start":{"line":165,"column":4},"end":{"line":165,"column":62}},"44":{"start":{"line":167,"column":3},"end":{"line":167,"column":52}},"45":{"start":{"line":177,"column":0},"end":{"line":199,"column":2}},"46":{"start":{"line":181,"column":2},"end":{"line":197,"column":3}},"47":{"start":{"line":183,"column":3},"end":{"line":191,"column":6}},"48":{"start":{"line":193,"column":3},"end":{"line":195,"column":4}},"49":{"start":{"line":194,"column":4},"end":{"line":194,"column":62}},"50":{"start":{"line":196,"column":3},"end":{"line":196,"column":56}},"51":{"start":{"line":206,"column":0},"end":{"line":229,"column":2}},"52":{"start":{"line":210,"column":2},"end":{"line":227,"column":3}},"53":{"start":{"line":212,"column":3},"end":{"line":221,"column":6}},"54":{"start":{"line":223,"column":3},"end":{"line":225,"column":4}},"55":{"start":{"line":224,"column":4},"end":{"line":224,"column":59}},"56":{"start":{"line":226,"column":3},"end":{"line":226,"column":56}},"57":{"start":{"line":231,"column":0},"end":{"line":231,"column":24}}},"fnMap":{"0":{"name":"(anonymous_0)","decl":{"start":{"line":26,"column":1},"end":{"line":26,"column":2}},"loc":{"start":{"line":26,"column":27},"end":{"line":71,"column":2}},"line":26},"1":{"name":"(anonymous_1)","decl":{"start":{"line":83,"column":1},"end":{"line":83,"column":2}},"loc":{"start":{"line":83,"column":27},"end":{"line":140,"column":2}},"line":83},"2":{"name":"(anonymous_2)","decl":{"start":{"line":153,"column":1},"end":{"line":153,"column":2}},"loc":{"start":{"line":153,"column":27},"end":{"line":169,"column":2}},"line":153},"3":{"name":"(anonymous_3)","decl":{"start":{"line":180,"column":1},"end":{"line":180,"column":2}},"loc":{"start":{"line":180,"column":27},"end":{"line":198,"column":2}},"line":180},"4":{"name":"(anonymous_4)","decl":{"start":{"line":209,"column":1},"end":{"line":209,"column":2}},"loc":{"start":{"line":209,"column":27},"end":{"line":228,"column":2}},"line":209}},"branchMap":{"0":{"loc":{"start":{"line":28,"column":3},"end":{"line":30,"column":4}},"type":"if","locations":[{"start":{"line":28,"column":3},"end":{"line":30,"column":4}},{"start":{},"end":{}}],"line":28},"1":{"loc":{"start":{"line":39,"column":3},"end":{"line":51,"column":4}},"type":"if","locations":[{"start":{"line":39,"column":3},"end":{"line":51,"column":4}},{"start":{},"end":{}}],"line":39},"2":{"loc":{"start":{"line":40,"column":4},"end":{"line":42,"column":5}},"type":"if","locations":[{"start":{"line":40,"column":4},"end":{"line":42,"column":5}},{"start":{},"end":{}}],"line":40},"3":{"loc":{"start":{"line":66,"column":3},"end":{"line":68,"column":4}},"type":"if","locations":[{"start":{"line":66,"column":3},"end":{"line":68,"column":4}},{"start":{},"end":{}}],"line":66},"4":{"loc":{"start":{"line":85,"column":3},"end":{"line":87,"column":4}},"type":"if","locations":[{"start":{"line":85,"column":3},"end":{"line":87,"column":4}},{"start":{},"end":{}}],"line":85},"5":{"loc":{"start":{"line":96,"column":3},"end":{"line":108,"column":4}},"type":"if","locations":[{"start":{"line":96,"column":3},"end":{"line":108,"column":4}},{"start":{},"end":{}}],"line":96},"6":{"loc":{"start":{"line":97,"column":4},"end":{"line":99,"column":5}},"type":"if","locations":[{"start":{"line":97,"column":4},"end":{"line":99,"column":5}},{"start":{},"end":{}}],"line":97},"7":{"loc":{"start":{"line":135,"column":3},"end":{"line":137,"column":4}},"type":"if","locations":[{"start":{"line":135,"column":3},"end":{"line":137,"column":4}},{"start":{},"end":{}}],"line":135},"8":{"loc":{"start":{"line":164,"column":3},"end":{"line":166,"column":4}},"type":"if","locations":[{"start":{"line":164,"column":3},"end":{"line":166,"column":4}},{"start":{},"end":{}}],"line":164},"9":{"loc":{"start":{"line":187,"column":12},"end":{"line":187,"column":35}},"type":"binary-expr","locations":[{"start":{"line":187,"column":12},"end":{"line":187,"column":26}},{"start":{"line":187,"column":30},"end":{"line":187,"column":35}}],"line":187},"10":{"loc":{"start":{"line":193,"column":3},"end":{"line":195,"column":4}},"type":"if","locations":[{"start":{"line":193,"column":3},"end":{"line":195,"column":4}},{"start":{},"end":{}}],"line":193},"11":{"loc":{"start":{"line":217,"column":17},"end":{"line":217,"column":43}},"type":"binary-expr","locations":[{"start":{"line":217,"column":17},"end":{"line":217,"column":34}},{"start":{"line":217,"column":38},"end":{"line":217,"column":43}}],"line":217},"12":{"loc":{"start":{"line":223,"column":3},"end":{"line":225,"column":4}},"type":"if","locations":[{"start":{"line":223,"column":3},"end":{"line":225,"column":4}},{"start":{},"end":{}}],"line":223}},"s":{"0":25,"1":25,"2":25,"3":25,"4":25,"5":25,"6":25,"7":25,"8":25,"9":25,"10":25,"11":10,"12":10,"13":0,"14":10,"15":10,"16":5,"17":1,"18":0,"19":1,"20":4,"21":5,"22":0,"23":5,"24":25,"25":11,"26":11,"27":0,"28":11,"29":11,"30":5,"31":2,"32":0,"33":2,"34":3,"35":3,"36":6,"37":0,"38":6,"39":25,"40":4,"41":4,"42":0,"43":0,"44":0,"45":25,"46":2,"47":2,"48":0,"49":0,"50":0,"51":25,"52":2,"53":2,"54":0,"55":0,"56":0,"57":25},"f":{"0":10,"1":11,"2":4,"3":2,"4":2},"b":{"0":[0,10],"1":[1,4],"2":[0,1],"3":[0,5],"4":[0,11],"5":[2,3],"6":[0,2],"7":[0,6],"8":[0,0],"9":[2,0],"10":[0,0],"11":[2,2],"12":[0,0]},"_coverageSchema":"1a1c01bbd47fc00a2c39e90264f33305004495a9","hash":"e51c2bee2b317df794dadbbdfecf74322e6c892a"}
,"C:\\Users\\dhanj\\OneDrive\\Documents\\CourseAI\\final-project!\\book-catalog-main\\backend\\routes\\bookRoutes.js": {"path":"C:\\Users\\dhanj\\OneDrive\\Documents\\CourseAI\\final-project!\\book-catalog-main\\backend\\routes\\bookRoutes.js","statementMap":{"0":{"start":{"line":1,"column":16},"end":{"line":1,"column":34}},"1":{"start":{"line":2,"column":13},"end":{"line":2,"column":29}},"2":{"start":{"line":3,"column":23},"end":{"line":3,"column":63}},"3":{"start":{"line":8,"column":4},"end":{"line":8,"column":40}},"4":{"start":{"line":9,"column":24},"end":{"line":9,"column":61}},"5":{"start":{"line":10,"column":27},"end":{"line":10,"column":59}},"6":{"start":{"line":11,"column":21},"end":{"line":11,"column":59}},"7":{"start":{"line":13,"column":15},"end":{"line":13,"column":31}},"8":{"start":{"line":15,"column":0},"end":{"line":15,"column":27}},"9":{"start":{"line":30,"column":0},"end":{"line":86,"column":3}},"10":{"start":{"line":31,"column":1},"end":{"line":85,"column":2}},"11":{"start":{"line":32,"column":17},"end":{"line":32,"column":28}},"12":{"start":{"line":35,"column":43},"end":{"line":35,"column":52}},"13":{"start":{"line":36,"column":17},"end":{"line":36,"column":35}},"14":{"start":{"line":38,"column":14},"end":{"line":38,"column":54}},"15":{"start":{"line":39,"column":20},"end":{"line":39,"column":28}},"16":{"start":{"line":42,"column":2},"end":{"line":45,"column":3}},"17":{"start":{"line":43,"column":3},"end":{"line":43,"column":55}},"18":{"start":{"line":44,"column":3},"end":{"line":44,"column":35}},"19":{"start":{"line":48,"column":2},"end":{"line":52,"column":28}},"20":{"start":{"line":53,"column":2},"end":{"line":53,"column":34}},"21":{"start":{"line":55,"column":19},"end":{"line":55,"column":55}},"22":{"start":{"line":58,"column":19},"end":{"line":58,"column":66}},"23":{"start":{"line":59,"column":20},"end":{"line":59,"column":28}},"24":{"start":{"line":61,"column":2},"end":{"line":64,"column":3}},"25":{"start":{"line":62,"column":3},"end":{"line":62,"column":60}},"26":{"start":{"line":63,"column":3},"end":{"line":63,"column":35}},"27":{"start":{"line":66,"column":30},"end":{"line":66,"column":71}},"28":{"start":{"line":67,"column":21},"end":{"line":67,"column":49}},"29":{"start":{"line":69,"column":2},"end":{"line":79,"column":5}},"30":{"start":{"line":81,"column":2},"end":{"line":83,"column":3}},"31":{"start":{"line":82,"column":3},"end":{"line":82,"column":57}},"32":{"start":{"line":84,"column":2},"end":{"line":84,"column":51}},"33":{"start":{"line":93,"column":0},"end":{"line":118,"column":3}},"34":{"start":{"line":94,"column":1},"end":{"line":117,"column":2}},"35":{"start":{"line":95,"column":17},"end":{"line":95,"column":30}},"36":{"start":{"line":96,"column":17},"end":{"line":96,"column":28}},"37":{"start":{"line":98,"column":19},"end":{"line":101,"column":3}},"38":{"start":{"line":103,"column":2},"end":{"line":105,"column":3}},"39":{"start":{"line":104,"column":3},"end":{"line":104,"column":52}},"40":{"start":{"line":107,"column":2},"end":{"line":111,"column":5}},"41":{"start":{"line":113,"column":2},"end":{"line":115,"column":3}},"42":{"start":{"line":114,"column":3},"end":{"line":114,"column":56}},"43":{"start":{"line":116,"column":2},"end":{"line":116,"column":50}},"44":{"start":{"line":125,"column":0},"end":{"line":164,"column":2}},"45":{"start":{"line":130,"column":2},"end":{"line":162,"column":3}},"46":{"start":{"line":131,"column":29},"end":{"line":131,"column":37}},"47":{"start":{"line":132,"column":18},"end":{"line":132,"column":29}},"48":{"start":{"line":135,"column":35},"end":{"line":138,"column":4}},"49":{"start":{"line":140,"column":3},"end":{"line":144,"column":4}},"50":{"start":{"line":141,"column":4},"end":{"line":143,"column":6}},"51":{"start":{"line":146,"column":20},"end":{"line":149,"column":4}},"52":{"start":{"line":151,"column":3},"end":{"line":156,"column":6}},"53":{"start":{"line":158,"column":3},"end":{"line":160,"column":4}},"54":{"start":{"line":159,"column":4},"end":{"line":159,"column":55}},"55":{"start":{"line":161,"column":3},"end":{"line":161,"column":49}},"56":{"start":{"line":171,"column":0},"end":{"line":225,"column":2}},"57":{"start":{"line":177,"column":2},"end":{"line":223,"column":3}},"58":{"start":{"line":178,"column":18},"end":{"line":178,"column":31}},"59":{"start":{"line":179,"column":18},"end":{"line":179,"column":29}},"60":{"start":{"line":180,"column":24},"end":{"line":180,"column":32}},"61":{"start":{"line":183,"column":22},"end":{"line":183,"column":24}},"62":{"start":{"line":184,"column":18},"end":{"line":184,"column":20}},"63":{"start":{"line":185,"column":20},"end":{"line":185,"column":21}},"64":{"start":{"line":187,"column":3},"end":{"line":191,"column":6}},"65":{"start":{"line":188,"column":4},"end":{"line":188,"column":47}},"66":{"start":{"line":189,"column":4},"end":{"line":189,"column":35}},"67":{"start":{"line":190,"column":4},"end":{"line":190,"column":17}},"68":{"start":{"line":194,"column":3},"end":{"line":194,"column":41}},"69":{"start":{"line":197,"column":3},"end":{"line":197,"column":31}},"70":{"start":{"line":199,"column":17},"end":{"line":204,"column":5}},"71":{"start":{"line":206,"column":20},"end":{"line":206,"column":51}},"72":{"start":{"line":208,"column":3},"end":{"line":210,"column":4}},"73":{"start":{"line":209,"column":4},"end":{"line":209,"column":69}},"74":{"start":{"line":212,"column":3},"end":{"line":217,"column":6}},"75":{"start":{"line":219,"column":3},"end":{"line":221,"column":4}},"76":{"start":{"line":220,"column":4},"end":{"line":220,"column":57}},"77":{"start":{"line":222,"column":3},"end":{"line":222,"column":52}},"78":{"start":{"line":232,"column":0},"end":{"line":263,"column":2}},"79":{"start":{"line":237,"column":2},"end":{"line":261,"column":3}},"80":{"start":{"line":238,"column":18},"end":{"line":238,"column":31}},"81":{"start":{"line":239,"column":18},"end":{"line":239,"column":29}},"82":{"start":{"line":241,"column":20},"end":{"line":244,"column":4}},"83":{"start":{"line":246,"column":3},"end":{"line":248,"column":4}},"84":{"start":{"line":247,"column":4},"end":{"line":247,"column":69}},"85":{"start":{"line":250,"column":3},"end":{"line":255,"column":6}},"86":{"start":{"line":257,"column":3},"end":{"line":259,"column":4}},"87":{"start":{"line":258,"column":4},"end":{"line":258,"column":57}},"88":{"start":{"line":260,"column":3},"end":{"line":260,"column":52}},"89":{"start":{"line":265,"column":0},"end":{"line":265,"column":24}}},"fnMap":{"0":{"name":"(anonymous_0)","decl":{"start":{"line":30,"column":16},"end":{"line":30,"column":17}},"loc":{"start":{"line":30,"column":42},"end":{"line":86,"column":1}},"line":30},"1":{"name":"(anonymous_1)","decl":{"start":{"line":93,"column":31},"end":{"line":93,"column":32}},"loc":{"start":{"line":93,"column":57},"end":{"line":118,"column":1}},"line":93},"2":{"name":"(anonymous_2)","decl":{"start":{"line":129,"column":1},"end":{"line":129,"column":2}},"loc":{"start":{"line":129,"column":27},"end":{"line":163,"column":2}},"line":129},"3":{"name":"(anonymous_3)","decl":{"start":{"line":176,"column":1},"end":{"line":176,"column":2}},"loc":{"start":{"line":176,"column":27},"end":{"line":224,"column":2}},"line":176},"4":{"name":"(anonymous_4)","decl":{"start":{"line":187,"column":37},"end":{"line":187,"column":38}},"loc":{"start":{"line":187,"column":46},"end":{"line":191,"column":4}},"line":187},"5":{"name":"(anonymous_5)","decl":{"start":{"line":236,"column":1},"end":{"line":236,"column":2}},"loc":{"start":{"line":236,"column":27},"end":{"line":262,"column":2}},"line":236}},"branchMap":{"0":{"loc":{"start":{"line":35,"column":10},"end":{"line":35,"column":18}},"type":"default-arg","locations":[{"start":{"line":35,"column":17},"end":{"line":35,"column":18}}],"line":35},"1":{"loc":{"start":{"line":35,"column":20},"end":{"line":35,"column":30}},"type":"default-arg","locations":[{"start":{"line":35,"column":28},"end":{"line":35,"column":30}}],"line":35},"2":{"loc":{"start":{"line":42,"column":2},"end":{"line":45,"column":3}},"type":"if","locations":[{"start":{"line":42,"column":2},"end":{"line":45,"column":3}},{"start":{},"end":{}}],"line":42},"3":{"loc":{"start":{"line":61,"column":2},"end":{"line":64,"column":3}},"type":"if","locations":[{"start":{"line":61,"column":2},"end":{"line":64,"column":3}},{"start":{},"end":{}}],"line":61},"4":{"loc":{"start":{"line":81,"column":2},"end":{"line":83,"column":3}},"type":"if","locations":[{"start":{"line":81,"column":2},"end":{"line":83,"column":3}},{"start":{},"end":{}}],"line":81},"5":{"loc":{"start":{"line":103,"column":2},"end":{"line":105,"column":3}},"type":"if","locations":[{"start":{"line":103,"column":2},"end":{"line":105,"column":3}},{"start":{},"end":{}}],"line":103},"6":{"loc":{"start":{"line":113,"column":2},"end":{"line":115,"column":3}},"type":"if","locations":[{"start":{"line":113,"column":2},"end":{"line":115,"column":3}},{"start":{},"end":{}}],"line":113},"7":{"loc":{"start":{"line":140,"column":3},"end":{"line":144,"column":4}},"type":"if","locations":[{"start":{"line":140,"column":3},"end":{"line":144,"column":4}},{"start":{},"end":{}}],"line":140},"8":{"loc":{"start":{"line":158,"column":3},"end":{"line":160,"column":4}},"type":"if","locations":[{"start":{"line":158,"column":3},"end":{"line":160,"column":4}},{"start":{},"end":{}}],"line":158},"9":{"loc":{"start":{"line":208,"column":3},"end":{"line":210,"column":4}},"type":"if","locations":[{"start":{"line":208,"column":3},"end":{"line":210,"column":4}},{"start":{},"end":{}}],"line":208},"10":{"loc":{"start":{"line":219,"column":3},"end":{"line":221,"column":4}},"type":"if","locations":[{"start":{"line":219,"column":3},"end":{"line":221,"column":4}},{"start":{},"end":{}}],"line":219},"11":{"loc":{"start":{"line":246,"column":3},"end":{"line":248,"column":4}},"type":"if","locations":[{"start":{"line":246,"column":3},"end":{"line":248,"column":4}},{"start":{},"end":{}}],"line":246},"12":{"loc":{"start":{"line":257,"column":3},"end":{"line":259,"column":4}},"type":"if","locations":[{"start":{"line":257,"column":3},"end":{"line":259,"column":4}},{"start":{},"end":{}}],"line":257}},"s":{"0":25,"1":25,"2":25,"3":25,"4":25,"5":25,"6":25,"7":25,"8":25,"9":25,"10":13,"11":13,"12":13,"13":13,"14":13,"15":13,"16":13,"17":3,"18":3,"19":13,"20":13,"21":13,"22":11,"23":11,"24":11,"25":3,"26":3,"27":11,"28":11,"29":11,"30":2,"31":0,"32":2,"33":25,"34":7,"35":7,"36":7,"37":7,"38":6,"39":4,"40":2,"41":1,"42":0,"43":1,"44":25,"45":8,"46":8,"47":8,"48":8,"49":6,"50":2,"51":4,"52":3,"53":3,"54":0,"55":3,"56":25,"57":6,"58":6,"59":6,"60":6,"61":6,"62":6,"63":6,"64":6,"65":8,"66":8,"67":8,"68":6,"69":6,"70":6,"71":6,"72":5,"73":2,"74":3,"75":1,"76":0,"77":1,"78":25,"79":5,"80":5,"81":5,"82":5,"83":4,"84":2,"85":2,"86":1,"87":0,"88":1,"89":25},"f":{"0":13,"1":7,"2":8,"3":6,"4":8,"5":5},"b":{"0":[9],"1":[9],"2":[3,10],"3":[3,8],"4":[0,2],"5":[4,2],"6":[0,1],"7":[2,4],"8":[0,3],"9":[2,3],"10":[0,1],"11":[2,2],"12":[0,1]},"_coverageSchema":"1a1c01bbd47fc00a2c39e90264f33305004495a9","hash":"36c4e222b3092867c917f6d0803dec8b82cb9c4f"}
}
