{"C:\\Users\\LENOVO\\Documents\\Workshop AI\\lab-catalog\\backend\\db.js": {"path":"C:\\Users\\LENOVO\\Documents\\Workshop AI\\lab-catalog\\backend\\db.js","statementMap":{"0":{"start":{"line":17,"column":17},"end":{"line":17,"column":30}},"1":{"start":{"line":18,"column":0},"end":{"line":18,"column":27}},"2":{"start":{"line":20,"column":13},"end":{"line":23,"column":2}},"3":{"start":{"line":25,"column":0},"end":{"line":27,"column":2}},"4":{"start":{"line":26,"column":27},"end":{"line":26,"column":51}}},"fnMap":{"0":{"name":"(anonymous_0)","decl":{"start":{"line":26,"column":9},"end":{"line":26,"column":10}},"loc":{"start":{"line":26,"column":27},"end":{"line":26,"column":51}},"line":26}},"branchMap":{},"s":{"0":0,"1":0,"2":0,"3":0,"4":0},"f":{"0":0},"b":{}}
,"C:\\Users\\LENOVO\\Documents\\Workshop AI\\lab-catalog\\backend\\server.js": {"path":"C:\\Users\\LENOVO\\Documents\\Workshop AI\\lab-catalog\\backend\\server.js","statementMap":{"0":{"start":{"line":2,"column":16},"end":{"line":2,"column":34}},"1":{"start":{"line":3,"column":13},"end":{"line":3,"column":28}},"2":{"start":{"line":4,"column":19},"end":{"line":4,"column":41}},"3":{"start":{"line":5,"column":15},"end":{"line":5,"column":32}},"4":{"start":{"line":6,"column":13},"end":{"line":6,"column":28}},"5":{"start":{"line":7,"column":18},"end":{"line":7,"column":47}},"6":{"start":{"line":8,"column":11},"end":{"line":8,"column":24}},"7":{"start":{"line":11,"column":15},"end":{"line":11,"column":41}},"8":{"start":{"line":12,"column":25},"end":{"line":12,"column":62}},"9":{"start":{"line":13,"column":39},"end":{"line":13,"column":70}},"10":{"start":{"line":14,"column":23},"end":{"line":14,"column":59}},"11":{"start":{"line":15,"column":21},"end":{"line":15,"column":56}},"12":{"start":{"line":18,"column":19},"end":{"line":18,"column":49}},"13":{"start":{"line":19,"column":19},"end":{"line":19,"column":49}},"14":{"start":{"line":23,"column":0},"end":{"line":58,"column":1}},"15":{"start":{"line":25,"column":23},"end":{"line":30,"column":2}},"16":{"start":{"line":32,"column":16},"end":{"line":32,"column":20}},"17":{"start":{"line":33,"column":1},"end":{"line":38,"column":2}},"18":{"start":{"line":34,"column":2},"end":{"line":37,"column":3}},"19":{"start":{"line":35,"column":3},"end":{"line":35,"column":22}},"20":{"start":{"line":36,"column":3},"end":{"line":36,"column":9}},"21":{"start":{"line":40,"column":1},"end":{"line":49,"column":2}},"22":{"start":{"line":41,"column":2},"end":{"line":41,"column":62}},"23":{"start":{"line":44,"column":2},"end":{"line":48,"column":4}},"24":{"start":{"line":51,"column":1},"end":{"line":51,"column":86}},"25":{"start":{"line":53,"column":1},"end":{"line":57,"column":3}},"26":{"start":{"line":60,"column":12},"end":{"line":60,"column":21}},"27":{"start":{"line":61,"column":16},"end":{"line":61,"column":42}},"28":{"start":{"line":62,"column":13},"end":{"line":62,"column":24}},"29":{"start":{"line":68,"column":0},"end":{"line":77,"column":1}},"30":{"start":{"line":69,"column":22},"end":{"line":69,"column":34}},"31":{"start":{"line":70,"column":1},"end":{"line":76,"column":3}},"32":{"start":{"line":72,"column":2},"end":{"line":74,"column":3}},"33":{"start":{"line":73,"column":3},"end":{"line":73,"column":10}},"34":{"start":{"line":75,"column":2},"end":{"line":75,"column":33}},"35":{"start":{"line":79,"column":0},"end":{"line":90,"column":2}},"36":{"start":{"line":97,"column":0},"end":{"line":113,"column":2}},"37":{"start":{"line":120,"column":0},"end":{"line":123,"column":1}},"38":{"start":{"line":121,"column":1},"end":{"line":121,"column":24}},"39":{"start":{"line":122,"column":1},"end":{"line":122,"column":22}},"40":{"start":{"line":126,"column":0},"end":{"line":135,"column":3}},"41":{"start":{"line":128,"column":1},"end":{"line":133,"column":2}},"42":{"start":{"line":129,"column":2},"end":{"line":132,"column":4}},"43":{"start":{"line":134,"column":1},"end":{"line":134,"column":8}},"44":{"start":{"line":139,"column":30},"end":{"line":139,"column":66}},"45":{"start":{"line":141,"column":0},"end":{"line":148,"column":2}},"46":{"start":{"line":149,"column":0},"end":{"line":156,"column":2}},"47":{"start":{"line":159,"column":0},"end":{"line":159,"column":44}},"48":{"start":{"line":160,"column":0},"end":{"line":160,"column":66}},"49":{"start":{"line":163,"column":0},"end":{"line":168,"column":3}},"50":{"start":{"line":164,"column":1},"end":{"line":166,"column":2}},"51":{"start":{"line":165,"column":2},"end":{"line":165,"column":66}},"52":{"start":{"line":167,"column":1},"end":{"line":167,"column":8}},"53":{"start":{"line":171,"column":0},"end":{"line":171,"column":18}},"54":{"start":{"line":174,"column":0},"end":{"line":174,"column":27}},"55":{"start":{"line":181,"column":23},"end":{"line":189,"column":1}},"56":{"start":{"line":191,"column":0},"end":{"line":195,"column":2}},"57":{"start":{"line":198,"column":0},"end":{"line":206,"column":3}},"58":{"start":{"line":199,"column":1},"end":{"line":205,"column":4}},"59":{"start":{"line":209,"column":0},"end":{"line":209,"column":33}},"60":{"start":{"line":210,"column":0},"end":{"line":210,"column":34}},"61":{"start":{"line":213,"column":0},"end":{"line":222,"column":1}},"62":{"start":{"line":214,"column":25},"end":{"line":214,"column":56}},"63":{"start":{"line":215,"column":1},"end":{"line":221,"column":4}},"64":{"start":{"line":216,"column":2},"end":{"line":220,"column":5}},"65":{"start":{"line":231,"column":0},"end":{"line":250,"column":3}},"66":{"start":{"line":232,"column":1},"end":{"line":249,"column":2}},"67":{"start":{"line":233,"column":2},"end":{"line":240,"column":5}},"68":{"start":{"line":243,"column":2},"end":{"line":248,"column":5}},"69":{"start":{"line":257,"column":0},"end":{"line":257,"column":22}},"70":{"start":{"line":264,"column":0},"end":{"line":294,"column":1}},"71":{"start":{"line":266,"column":16},"end":{"line":276,"column":3}},"72":{"start":{"line":267,"column":2},"end":{"line":267,"column":51}},"73":{"start":{"line":268,"column":2},"end":{"line":268,"column":51}},"74":{"start":{"line":269,"column":2},"end":{"line":269,"column":66}},"75":{"start":{"line":270,"column":2},"end":{"line":270,"column":73}},"76":{"start":{"line":272,"column":2},"end":{"line":275,"column":3}},"77":{"start":{"line":273,"column":3},"end":{"line":273,"column":67}},"78":{"start":{"line":274,"column":3},"end":{"line":274,"column":56}},"79":{"start":{"line":279,"column":1},"end":{"line":285,"column":4}},"80":{"start":{"line":280,"column":2},"end":{"line":280,"column":65}},"81":{"start":{"line":281,"column":2},"end":{"line":284,"column":5}},"82":{"start":{"line":282,"column":3},"end":{"line":282,"column":39}},"83":{"start":{"line":283,"column":3},"end":{"line":283,"column":19}},"84":{"start":{"line":287,"column":1},"end":{"line":293,"column":4}},"85":{"start":{"line":288,"column":2},"end":{"line":288,"column":64}},"86":{"start":{"line":289,"column":2},"end":{"line":292,"column":5}},"87":{"start":{"line":290,"column":3},"end":{"line":290,"column":39}},"88":{"start":{"line":291,"column":3},"end":{"line":291,"column":19}},"89":{"start":{"line":296,"column":0},"end":{"line":296,"column":21}}},"fnMap":{"0":{"name":"(anonymous_0)","decl":{"start":{"line":70,"column":16},"end":{"line":70,"column":17}},"loc":{"start":{"line":70,"column":38},"end":{"line":76,"column":2}},"line":70},"1":{"name":"(anonymous_1)","decl":{"start":{"line":126,"column":8},"end":{"line":126,"column":9}},"loc":{"start":{"line":126,"column":28},"end":{"line":135,"column":1}},"line":126},"2":{"name":"(anonymous_2)","decl":{"start":{"line":163,"column":8},"end":{"line":163,"column":9}},"loc":{"start":{"line":163,"column":28},"end":{"line":168,"column":1}},"line":163},"3":{"name":"(anonymous_3)","decl":{"start":{"line":198,"column":19},"end":{"line":198,"column":20}},"loc":{"start":{"line":198,"column":33},"end":{"line":206,"column":1}},"line":198},"4":{"name":"(anonymous_4)","decl":{"start":{"line":215,"column":23},"end":{"line":215,"column":24}},"loc":{"start":{"line":215,"column":37},"end":{"line":221,"column":2}},"line":215},"5":{"name":"(anonymous_5)","decl":{"start":{"line":231,"column":8},"end":{"line":231,"column":9}},"loc":{"start":{"line":231,"column":28},"end":{"line":250,"column":1}},"line":231},"6":{"name":"(anonymous_6)","decl":{"start":{"line":266,"column":33},"end":{"line":266,"column":34}},"loc":{"start":{"line":266,"column":39},"end":{"line":276,"column":2}},"line":266},"7":{"name":"(anonymous_7)","decl":{"start":{"line":279,"column":23},"end":{"line":279,"column":24}},"loc":{"start":{"line":279,"column":29},"end":{"line":285,"column":2}},"line":279},"8":{"name":"(anonymous_8)","decl":{"start":{"line":281,"column":15},"end":{"line":281,"column":16}},"loc":{"start":{"line":281,"column":21},"end":{"line":284,"column":3}},"line":281},"9":{"name":"(anonymous_9)","decl":{"start":{"line":287,"column":22},"end":{"line":287,"column":23}},"loc":{"start":{"line":287,"column":28},"end":{"line":293,"column":2}},"line":287},"10":{"name":"(anonymous_10)","decl":{"start":{"line":289,"column":15},"end":{"line":289,"column":16}},"loc":{"start":{"line":289,"column":21},"end":{"line":292,"column":3}},"line":289}},"branchMap":{"0":{"loc":{"start":{"line":34,"column":2},"end":{"line":37,"column":3}},"type":"if","locations":[{"start":{"line":34,"column":2},"end":{"line":37,"column":3}},{"start":{},"end":{}}],"line":34},"1":{"loc":{"start":{"line":40,"column":1},"end":{"line":49,"column":2}},"type":"if","locations":[{"start":{"line":40,"column":1},"end":{"line":49,"column":2}},{"start":{"line":42,"column":8},"end":{"line":49,"column":2}}],"line":40},"2":{"loc":{"start":{"line":68,"column":0},"end":{"line":77,"column":1}},"type":"if","locations":[{"start":{"line":68,"column":0},"end":{"line":77,"column":1}},{"start":{},"end":{}}],"line":68},"3":{"loc":{"start":{"line":72,"column":2},"end":{"line":74,"column":3}},"type":"if","locations":[{"start":{"line":72,"column":2},"end":{"line":74,"column":3}},{"start":{},"end":{}}],"line":72},"4":{"loc":{"start":{"line":72,"column":6},"end":{"line":72,"column":75}},"type":"binary-expr","locations":[{"start":{"line":72,"column":6},"end":{"line":72,"column":33}},{"start":{"line":72,"column":37},"end":{"line":72,"column":75}}],"line":72},"5":{"loc":{"start":{"line":81,"column":10},"end":{"line":81,"column":59}},"type":"binary-expr","locations":[{"start":{"line":81,"column":10},"end":{"line":81,"column":36}},{"start":{"line":81,"column":40},"end":{"line":81,"column":59}}],"line":81},"6":{"loc":{"start":{"line":120,"column":0},"end":{"line":123,"column":1}},"type":"if","locations":[{"start":{"line":120,"column":0},"end":{"line":123,"column":1}},{"start":{},"end":{}}],"line":120},"7":{"loc":{"start":{"line":128,"column":1},"end":{"line":133,"column":2}},"type":"if","locations":[{"start":{"line":128,"column":1},"end":{"line":133,"column":2}},{"start":{},"end":{}}],"line":128},"8":{"loc":{"start":{"line":130,"column":52},"end":{"line":130,"column":92}},"type":"binary-expr","locations":[{"start":{"line":130,"column":52},"end":{"line":130,"column":82}},{"start":{"line":130,"column":86},"end":{"line":130,"column":92}}],"line":130},"9":{"loc":{"start":{"line":164,"column":1},"end":{"line":166,"column":2}},"type":"if","locations":[{"start":{"line":164,"column":1},"end":{"line":166,"column":2}},{"start":{},"end":{}}],"line":164},"10":{"loc":{"start":{"line":164,"column":5},"end":{"line":164,"column":87}},"type":"binary-expr","locations":[{"start":{"line":164,"column":6},"end":{"line":164,"column":27}},{"start":{"line":164,"column":31},"end":{"line":164,"column":51}},{"start":{"line":164,"column":56},"end":{"line":164,"column":87}}],"line":164},"11":{"loc":{"start":{"line":203,"column":11},"end":{"line":203,"column":53}},"type":"binary-expr","locations":[{"start":{"line":203,"column":11},"end":{"line":203,"column":42}},{"start":{"line":203,"column":46},"end":{"line":203,"column":53}}],"line":203},"12":{"loc":{"start":{"line":213,"column":0},"end":{"line":222,"column":1}},"type":"if","locations":[{"start":{"line":213,"column":0},"end":{"line":222,"column":1}},{"start":{},"end":{}}],"line":213},"13":{"loc":{"start":{"line":232,"column":1},"end":{"line":249,"column":2}},"type":"if","locations":[{"start":{"line":232,"column":1},"end":{"line":249,"column":2}},{"start":{"line":241,"column":8},"end":{"line":249,"column":2}}],"line":232},"14":{"loc":{"start":{"line":264,"column":0},"end":{"line":294,"column":1}},"type":"if","locations":[{"start":{"line":264,"column":0},"end":{"line":294,"column":1}},{"start":{},"end":{}}],"line":264},"15":{"loc":{"start":{"line":272,"column":2},"end":{"line":275,"column":3}},"type":"if","locations":[{"start":{"line":272,"column":2},"end":{"line":275,"column":3}},{"start":{},"end":{}}],"line":272}},"s":{"0":23,"1":23,"2":23,"3":23,"4":23,"5":23,"6":23,"7":23,"8":23,"9":23,"10":23,"11":23,"12":23,"13":23,"14":23,"15":23,"16":23,"17":23,"18":23,"19":23,"20":23,"21":23,"22":23,"23":0,"24":0,"25":0,"26":23,"27":23,"28":23,"29":23,"30":20,"31":20,"32":2,"33":2,"34":0,"35":23,"36":23,"37":23,"38":3,"39":3,"40":23,"41":80,"42":63,"43":80,"44":23,"45":23,"46":23,"47":23,"48":23,"49":23,"50":77,"51":0,"52":77,"53":23,"54":23,"55":23,"56":23,"57":23,"58":10,"59":23,"60":23,"61":23,"62":1,"63":1,"64":0,"65":23,"66":9,"67":5,"68":4,"69":23,"70":23,"71":0,"72":0,"73":0,"74":0,"75":0,"76":0,"77":0,"78":0,"79":0,"80":0,"81":0,"82":0,"83":0,"84":0,"85":0,"86":0,"87":0,"88":0,"89":23},"f":{"0":2,"1":80,"2":77,"3":10,"4":0,"5":9,"6":0,"7":0,"8":0,"9":0,"10":0},"b":{"0":[23,0],"1":[23,0],"2":[20,3],"3":[2,0],"4":[2,2],"5":[23,16],"6":[3,20],"7":[63,17],"8":[63,63],"9":[0,77],"10":[77,49,31],"11":[10,0],"12":[1,22],"13":[5,4],"14":[0,23],"15":[0,0]},"_coverageSchema":"1a1c01bbd47fc00a2c39e90264f33305004495a9","hash":"401f83e38176a11dd8813d2d7aa6992b39e3622d"}
,"C:\\Users\\LENOVO\\Documents\\Workshop AI\\lab-catalog\\backend\\config\\config.js": {"path":"C:\\Users\\LENOVO\\Documents\\Workshop AI\\lab-catalog\\backend\\config\\config.js","statementMap":{"0":{"start":{"line":1,"column":0},"end":{"line":1,"column":27}},"1":{"start":{"line":3,"column":15},"end":{"line":61,"column":1}},"2":{"start":{"line":24,"column":3},"end":{"line":24,"column":44}},"3":{"start":{"line":24,"column":16},"end":{"line":24,"column":44}},"4":{"start":{"line":26,"column":26},"end":{"line":32,"column":20}},"5":{"start":{"line":34,"column":3},"end":{"line":41,"column":4}},"6":{"start":{"line":35,"column":4},"end":{"line":35,"column":25}},"7":{"start":{"line":37,"column":4},"end":{"line":39,"column":5}},"8":{"start":{"line":38,"column":5},"end":{"line":38,"column":49}},"9":{"start":{"line":40,"column":4},"end":{"line":40,"column":47}},"10":{"start":{"line":64,"column":24},"end":{"line":69,"column":1}},"11":{"start":{"line":71,"column":20},"end":{"line":71,"column":78}},"12":{"start":{"line":71,"column":56},"end":{"line":71,"column":77}},"13":{"start":{"line":73,"column":0},"end":{"line":82,"column":1}},"14":{"start":{"line":74,"column":1},"end":{"line":74,"column":60}},"15":{"start":{"line":75,"column":1},"end":{"line":77,"column":4}},"16":{"start":{"line":76,"column":2},"end":{"line":76,"column":35}},"17":{"start":{"line":78,"column":1},"end":{"line":80,"column":3}},"18":{"start":{"line":81,"column":1},"end":{"line":81,"column":17}},"19":{"start":{"line":84,"column":0},"end":{"line":84,"column":24}}},"fnMap":{"0":{"name":"(anonymous_0)","decl":{"start":{"line":22,"column":10},"end":{"line":22,"column":11}},"loc":{"start":{"line":22,"column":38},"end":{"line":42,"column":3}},"line":22},"1":{"name":"(anonymous_1)","decl":{"start":{"line":71,"column":43},"end":{"line":71,"column":44}},"loc":{"start":{"line":71,"column":56},"end":{"line":71,"column":77}},"line":71},"2":{"name":"(anonymous_2)","decl":{"start":{"line":75,"column":21},"end":{"line":75,"column":22}},"loc":{"start":{"line":75,"column":34},"end":{"line":77,"column":2}},"line":75}},"branchMap":{"0":{"loc":{"start":{"line":5,"column":7},"end":{"line":5,"column":31}},"type":"binary-expr","locations":[{"start":{"line":5,"column":7},"end":{"line":5,"column":23}},{"start":{"line":5,"column":27},"end":{"line":5,"column":31}}],"line":5},"1":{"loc":{"start":{"line":6,"column":10},"end":{"line":6,"column":47}},"type":"binary-expr","locations":[{"start":{"line":6,"column":10},"end":{"line":6,"column":30}},{"start":{"line":6,"column":34},"end":{"line":6,"column":47}}],"line":6},"2":{"loc":{"start":{"line":17,"column":13},"end":{"line":17,"column":48}},"type":"binary-expr","locations":[{"start":{"line":17,"column":13},"end":{"line":17,"column":39}},{"start":{"line":17,"column":43},"end":{"line":17,"column":48}}],"line":17},"3":{"loc":{"start":{"line":24,"column":3},"end":{"line":24,"column":44}},"type":"if","locations":[{"start":{"line":24,"column":3},"end":{"line":24,"column":44}},{"start":{},"end":{}}],"line":24},"4":{"loc":{"start":{"line":34,"column":3},"end":{"line":41,"column":4}},"type":"if","locations":[{"start":{"line":34,"column":3},"end":{"line":41,"column":4}},{"start":{"line":36,"column":10},"end":{"line":41,"column":4}}],"line":34},"5":{"loc":{"start":{"line":37,"column":4},"end":{"line":39,"column":5}},"type":"if","locations":[{"start":{"line":37,"column":4},"end":{"line":39,"column":5}},{"start":{},"end":{}}],"line":37},"6":{"loc":{"start":{"line":57,"column":3},"end":{"line":57,"column":70}},"type":"cond-expr","locations":[{"start":{"line":57,"column":44},"end":{"line":57,"column":53}},{"start":{"line":57,"column":56},"end":{"line":57,"column":70}}],"line":57},"7":{"loc":{"start":{"line":58,"column":15},"end":{"line":58,"column":65}},"type":"cond-expr","locations":[{"start":{"line":58,"column":56},"end":{"line":58,"column":59}},{"start":{"line":58,"column":62},"end":{"line":58,"column":65}}],"line":58},"8":{"loc":{"start":{"line":59,"column":19},"end":{"line":59,"column":66}},"type":"cond-expr","locations":[{"start":{"line":59,"column":60},"end":{"line":59,"column":62}},{"start":{"line":59,"column":65},"end":{"line":59,"column":66}}],"line":59},"9":{"loc":{"start":{"line":73,"column":0},"end":{"line":82,"column":1}},"type":"if","locations":[{"start":{"line":73,"column":0},"end":{"line":82,"column":1}},{"start":{},"end":{}}],"line":73}},"s":{"0":46,"1":46,"2":86,"3":79,"4":7,"5":7,"6":5,"7":2,"8":1,"9":2,"10":46,"11":46,"12":184,"13":46,"14":0,"15":0,"16":0,"17":0,"18":0,"19":46},"f":{"0":86,"1":184,"2":0},"b":{"0":[46,0],"1":[46,0],"2":[46,0],"3":[79,7],"4":[5,2],"5":[1,1],"6":[3,43],"7":[3,43],"8":[3,43],"9":[0,46]},"_coverageSchema":"1a1c01bbd47fc00a2c39e90264f33305004495a9","hash":"577439f6c973046ac3ac7ef78e8a62c85c3f703b"}
,"C:\\Users\\LENOVO\\Documents\\Workshop AI\\lab-catalog\\backend\\middlewares\\authMiddleware.js": {"path":"C:\\Users\\LENOVO\\Documents\\Workshop AI\\lab-catalog\\backend\\middlewares\\authMiddleware.js","statementMap":{"0":{"start":{"line":1,"column":12},"end":{"line":1,"column":35}},"1":{"start":{"line":2,"column":15},"end":{"line":2,"column":42}},"2":{"start":{"line":4,"column":0},"end":{"line":29,"column":2}},"3":{"start":{"line":5,"column":20},"end":{"line":5,"column":45}},"4":{"start":{"line":6,"column":1},"end":{"line":8,"column":2}},"5":{"start":{"line":7,"column":2},"end":{"line":7,"column":64}},"6":{"start":{"line":11,"column":15},"end":{"line":11,"column":45}},"7":{"start":{"line":12,"column":1},"end":{"line":14,"column":2}},"8":{"start":{"line":13,"column":2},"end":{"line":13,"column":67}},"9":{"start":{"line":16,"column":15},"end":{"line":16,"column":23}},"10":{"start":{"line":17,"column":1},"end":{"line":19,"column":2}},"11":{"start":{"line":18,"column":2},"end":{"line":18,"column":64}},"12":{"start":{"line":21,"column":1},"end":{"line":28,"column":4}},"13":{"start":{"line":22,"column":2},"end":{"line":22,"column":69}},"14":{"start":{"line":22,"column":11},"end":{"line":22,"column":69}},"15":{"start":{"line":24,"column":2},"end":{"line":24,"column":31}},"16":{"start":{"line":25,"column":2},"end":{"line":25,"column":33}},"17":{"start":{"line":26,"column":2},"end":{"line":26,"column":34}},"18":{"start":{"line":27,"column":2},"end":{"line":27,"column":9}}},"fnMap":{"0":{"name":"(anonymous_0)","decl":{"start":{"line":4,"column":17},"end":{"line":4,"column":18}},"loc":{"start":{"line":4,"column":43},"end":{"line":29,"column":1}},"line":4},"1":{"name":"(anonymous_1)","decl":{"start":{"line":21,"column":38},"end":{"line":21,"column":39}},"loc":{"start":{"line":21,"column":56},"end":{"line":28,"column":2}},"line":21}},"branchMap":{"0":{"loc":{"start":{"line":6,"column":1},"end":{"line":8,"column":2}},"type":"if","locations":[{"start":{"line":6,"column":1},"end":{"line":8,"column":2}},{"start":{},"end":{}}],"line":6},"1":{"loc":{"start":{"line":12,"column":1},"end":{"line":14,"column":2}},"type":"if","locations":[{"start":{"line":12,"column":1},"end":{"line":14,"column":2}},{"start":{},"end":{}}],"line":12},"2":{"loc":{"start":{"line":12,"column":5},"end":{"line":12,"column":62}},"type":"binary-expr","locations":[{"start":{"line":12,"column":5},"end":{"line":12,"column":23}},{"start":{"line":12,"column":27},"end":{"line":12,"column":62}}],"line":12},"3":{"loc":{"start":{"line":17,"column":1},"end":{"line":19,"column":2}},"type":"if","locations":[{"start":{"line":17,"column":1},"end":{"line":19,"column":2}},{"start":{},"end":{}}],"line":17},"4":{"loc":{"start":{"line":22,"column":2},"end":{"line":22,"column":69}},"type":"if","locations":[{"start":{"line":22,"column":2},"end":{"line":22,"column":69}},{"start":{},"end":{}}],"line":22}},"s":{"0":24,"1":24,"2":24,"3":50,"4":50,"5":32,"6":18,"7":18,"8":5,"9":13,"10":13,"11":0,"12":13,"13":13,"14":8,"15":5,"16":5,"17":5,"18":5},"f":{"0":50,"1":13},"b":{"0":[32,18],"1":[5,13],"2":[18,13],"3":[0,13],"4":[8,5]},"_coverageSchema":"1a1c01bbd47fc00a2c39e90264f33305004495a9","hash":"5a71027d421b0727383d4cf9d8175849eb6e40c8"}
,"C:\\Users\\LENOVO\\Documents\\Workshop AI\\lab-catalog\\backend\\middlewares\\errorHandler.js": {"path":"C:\\Users\\LENOVO\\Documents\\Workshop AI\\lab-catalog\\backend\\middlewares\\errorHandler.js","statementMap":{"0":{"start":{"line":8,"column":2},"end":{"line":8,"column":17}},"1":{"start":{"line":9,"column":2},"end":{"line":9,"column":31}},"2":{"start":{"line":10,"column":2},"end":{"line":10,"column":67}},"3":{"start":{"line":11,"column":2},"end":{"line":11,"column":28}},"4":{"start":{"line":13,"column":2},"end":{"line":13,"column":50}},"5":{"start":{"line":17,"column":21},"end":{"line":99,"column":1}},"6":{"start":{"line":19,"column":1},"end":{"line":22,"column":2}},"7":{"start":{"line":20,"column":2},"end":{"line":20,"column":43}},"8":{"start":{"line":21,"column":2},"end":{"line":21,"column":23}},"9":{"start":{"line":24,"column":13},"end":{"line":24,"column":23}},"10":{"start":{"line":25,"column":1},"end":{"line":25,"column":56}},"11":{"start":{"line":28,"column":1},"end":{"line":34,"column":2}},"12":{"start":{"line":29,"column":2},"end":{"line":29,"column":75}},"13":{"start":{"line":30,"column":2},"end":{"line":30,"column":41}},"14":{"start":{"line":31,"column":2},"end":{"line":33,"column":3}},"15":{"start":{"line":32,"column":3},"end":{"line":32,"column":38}},"16":{"start":{"line":37,"column":1},"end":{"line":40,"column":2}},"17":{"start":{"line":38,"column":18},"end":{"line":38,"column":38}},"18":{"start":{"line":39,"column":2},"end":{"line":39,"column":37}},"19":{"start":{"line":43,"column":1},"end":{"line":47,"column":2}},"20":{"start":{"line":44,"column":16},"end":{"line":44,"column":55}},"21":{"start":{"line":45,"column":18},"end":{"line":45,"column":78}},"22":{"start":{"line":46,"column":2},"end":{"line":46,"column":37}},"23":{"start":{"line":50,"column":1},"end":{"line":54,"column":2}},"24":{"start":{"line":51,"column":17},"end":{"line":51,"column":68}},"25":{"start":{"line":51,"column":56},"end":{"line":51,"column":67}},"26":{"start":{"line":52,"column":18},"end":{"line":52,"column":60}},"27":{"start":{"line":53,"column":2},"end":{"line":53,"column":37}},"28":{"start":{"line":57,"column":1},"end":{"line":60,"column":2}},"29":{"start":{"line":58,"column":18},"end":{"line":58,"column":55}},"30":{"start":{"line":59,"column":2},"end":{"line":59,"column":37}},"31":{"start":{"line":62,"column":1},"end":{"line":65,"column":2}},"32":{"start":{"line":63,"column":18},"end":{"line":63,"column":64}},"33":{"start":{"line":64,"column":2},"end":{"line":64,"column":37}},"34":{"start":{"line":68,"column":1},"end":{"line":72,"column":2}},"35":{"start":{"line":70,"column":18},"end":{"line":70,"column":44}},"36":{"start":{"line":71,"column":2},"end":{"line":71,"column":37}},"37":{"start":{"line":74,"column":1},"end":{"line":78,"column":2}},"38":{"start":{"line":76,"column":18},"end":{"line":76,"column":46}},"39":{"start":{"line":77,"column":2},"end":{"line":77,"column":37}},"40":{"start":{"line":81,"column":20},"end":{"line":81,"column":43}},"41":{"start":{"line":82,"column":16},"end":{"line":82,"column":39}},"42":{"start":{"line":85,"column":1},"end":{"line":98,"column":4}},"43":{"start":{"line":102,"column":0},"end":{"line":109,"column":3}},"44":{"start":{"line":103,"column":1},"end":{"line":103,"column":50}},"45":{"start":{"line":104,"column":1},"end":{"line":104,"column":38}},"46":{"start":{"line":105,"column":1},"end":{"line":105,"column":36}},"47":{"start":{"line":108,"column":1},"end":{"line":108,"column":17}},"48":{"start":{"line":112,"column":0},"end":{"line":119,"column":3}},"49":{"start":{"line":113,"column":1},"end":{"line":113,"column":41}},"50":{"start":{"line":114,"column":1},"end":{"line":114,"column":38}},"51":{"start":{"line":115,"column":1},"end":{"line":115,"column":36}},"52":{"start":{"line":118,"column":1},"end":{"line":118,"column":17}},"53":{"start":{"line":121,"column":0},"end":{"line":124,"column":2}}},"fnMap":{"0":{"name":"(anonymous_0)","decl":{"start":{"line":7,"column":1},"end":{"line":7,"column":2}},"loc":{"start":{"line":7,"column":34},"end":{"line":14,"column":2}},"line":7},"1":{"name":"(anonymous_1)","decl":{"start":{"line":17,"column":21},"end":{"line":17,"column":22}},"loc":{"start":{"line":17,"column":46},"end":{"line":99,"column":1}},"line":17},"2":{"name":"(anonymous_2)","decl":{"start":{"line":51,"column":47},"end":{"line":51,"column":48}},"loc":{"start":{"line":51,"column":56},"end":{"line":51,"column":67}},"line":51},"3":{"name":"(anonymous_3)","decl":{"start":{"line":102,"column":33},"end":{"line":102,"column":34}},"loc":{"start":{"line":102,"column":51},"end":{"line":109,"column":1}},"line":102},"4":{"name":"(anonymous_4)","decl":{"start":{"line":112,"column":32},"end":{"line":112,"column":33}},"loc":{"start":{"line":112,"column":41},"end":{"line":119,"column":1}},"line":112}},"branchMap":{"0":{"loc":{"start":{"line":10,"column":16},"end":{"line":10,"column":66}},"type":"cond-expr","locations":[{"start":{"line":10,"column":50},"end":{"line":10,"column":56}},{"start":{"line":10,"column":59},"end":{"line":10,"column":66}}],"line":10},"1":{"loc":{"start":{"line":19,"column":1},"end":{"line":22,"column":2}},"type":"if","locations":[{"start":{"line":19,"column":1},"end":{"line":22,"column":2}},{"start":{},"end":{}}],"line":19},"2":{"loc":{"start":{"line":25,"column":17},"end":{"line":25,"column":55}},"type":"binary-expr","locations":[{"start":{"line":25,"column":17},"end":{"line":25,"column":28}},{"start":{"line":25,"column":32},"end":{"line":25,"column":55}}],"line":25},"3":{"loc":{"start":{"line":28,"column":1},"end":{"line":34,"column":2}},"type":"if","locations":[{"start":{"line":28,"column":1},"end":{"line":34,"column":2}},{"start":{},"end":{}}],"line":28},"4":{"loc":{"start":{"line":31,"column":2},"end":{"line":33,"column":3}},"type":"if","locations":[{"start":{"line":31,"column":2},"end":{"line":33,"column":3}},{"start":{},"end":{}}],"line":31},"5":{"loc":{"start":{"line":37,"column":1},"end":{"line":40,"column":2}},"type":"if","locations":[{"start":{"line":37,"column":1},"end":{"line":40,"column":2}},{"start":{},"end":{}}],"line":37},"6":{"loc":{"start":{"line":43,"column":1},"end":{"line":47,"column":2}},"type":"if","locations":[{"start":{"line":43,"column":1},"end":{"line":47,"column":2}},{"start":{},"end":{}}],"line":43},"7":{"loc":{"start":{"line":50,"column":1},"end":{"line":54,"column":2}},"type":"if","locations":[{"start":{"line":50,"column":1},"end":{"line":54,"column":2}},{"start":{},"end":{}}],"line":50},"8":{"loc":{"start":{"line":57,"column":1},"end":{"line":60,"column":2}},"type":"if","locations":[{"start":{"line":57,"column":1},"end":{"line":60,"column":2}},{"start":{},"end":{}}],"line":57},"9":{"loc":{"start":{"line":62,"column":1},"end":{"line":65,"column":2}},"type":"if","locations":[{"start":{"line":62,"column":1},"end":{"line":65,"column":2}},{"start":{},"end":{}}],"line":62},"10":{"loc":{"start":{"line":68,"column":1},"end":{"line":72,"column":2}},"type":"if","locations":[{"start":{"line":68,"column":1},"end":{"line":72,"column":2}},{"start":{},"end":{}}],"line":68},"11":{"loc":{"start":{"line":74,"column":1},"end":{"line":78,"column":2}},"type":"if","locations":[{"start":{"line":74,"column":1},"end":{"line":78,"column":2}},{"start":{},"end":{}}],"line":74},"12":{"loc":{"start":{"line":81,"column":20},"end":{"line":81,"column":43}},"type":"binary-expr","locations":[{"start":{"line":81,"column":20},"end":{"line":81,"column":36}},{"start":{"line":81,"column":40},"end":{"line":81,"column":43}}],"line":81},"13":{"loc":{"start":{"line":82,"column":16},"end":{"line":82,"column":39}},"type":"binary-expr","locations":[{"start":{"line":82,"column":16},"end":{"line":82,"column":28}},{"start":{"line":82,"column":32},"end":{"line":82,"column":39}}],"line":82},"14":{"loc":{"start":{"line":89,"column":12},"end":{"line":89,"column":52}},"type":"binary-expr","locations":[{"start":{"line":89,"column":12},"end":{"line":89,"column":25}},{"start":{"line":89,"column":29},"end":{"line":89,"column":52}}],"line":89},"15":{"loc":{"start":{"line":90,"column":7},"end":{"line":93,"column":4}},"type":"binary-expr","locations":[{"start":{"line":90,"column":7},"end":{"line":90,"column":45}},{"start":{"line":90,"column":49},"end":{"line":93,"column":4}}],"line":90}},"s":{"0":88,"1":88,"2":88,"3":88,"4":88,"5":28,"6":74,"7":1,"8":1,"9":74,"10":74,"11":74,"12":3,"13":3,"14":3,"15":2,"16":74,"17":1,"18":1,"19":74,"20":1,"21":1,"22":1,"23":74,"24":1,"25":2,"26":1,"27":1,"28":74,"29":1,"30":1,"31":74,"32":1,"33":1,"34":74,"35":1,"36":1,"37":74,"38":1,"39":1,"40":74,"41":74,"42":74,"43":28,"44":0,"45":0,"46":0,"47":0,"48":28,"49":0,"50":0,"51":0,"52":0,"53":28},"f":{"0":88,"1":74,"2":2,"3":0,"4":0},"b":{"0":[68,20],"1":[1,73],"2":[74,1],"3":[3,71],"4":[2,1],"5":[1,73],"6":[1,73],"7":[1,73],"8":[1,73],"9":[1,73],"10":[1,73],"11":[1,73],"12":[74,3],"13":[74,5],"14":[74,0],"15":[74,2]},"_coverageSchema":"1a1c01bbd47fc00a2c39e90264f33305004495a9","hash":"6894f555f0d99738fd590071b76eebc8bcaeef05"}
,"C:\\Users\\LENOVO\\Documents\\Workshop AI\\lab-catalog\\backend\\middlewares\\logger.js": {"path":"C:\\Users\\LENOVO\\Documents\\Workshop AI\\lab-catalog\\backend\\middlewares\\logger.js","statementMap":{"0":{"start":{"line":6,"column":22},"end":{"line":72,"column":1}},"1":{"start":{"line":7,"column":15},"end":{"line":7,"column":25}},"2":{"start":{"line":10,"column":20},"end":{"line":64,"column":2}},"3":{"start":{"line":11,"column":19},"end":{"line":11,"column":37}},"4":{"start":{"line":12,"column":20},"end":{"line":12,"column":44}},"5":{"start":{"line":15,"column":22},"end":{"line":23,"column":3}},"6":{"start":{"line":26,"column":2},"end":{"line":28,"column":3}},"7":{"start":{"line":27,"column":3},"end":{"line":27,"column":36}},"8":{"start":{"line":31,"column":2},"end":{"line":43,"column":3}},"9":{"start":{"line":32,"column":25},"end":{"line":32,"column":40}},"10":{"start":{"line":35,"column":3},"end":{"line":37,"column":4}},"11":{"start":{"line":36,"column":4},"end":{"line":36,"column":42}},"12":{"start":{"line":38,"column":3},"end":{"line":40,"column":4}},"13":{"start":{"line":39,"column":4},"end":{"line":39,"column":39}},"14":{"start":{"line":42,"column":3},"end":{"line":42,"column":36}},"15":{"start":{"line":46,"column":17},"end":{"line":46,"column":27}},"16":{"start":{"line":47,"column":2},"end":{"line":51,"column":3}},"17":{"start":{"line":48,"column":3},"end":{"line":48,"column":25}},"18":{"start":{"line":49,"column":9},"end":{"line":51,"column":3}},"19":{"start":{"line":50,"column":3},"end":{"line":50,"column":25}},"20":{"start":{"line":54,"column":2},"end":{"line":63,"column":3}},"21":{"start":{"line":55,"column":3},"end":{"line":57,"column":5}},"22":{"start":{"line":60,"column":3},"end":{"line":62,"column":4}},"23":{"start":{"line":61,"column":4},"end":{"line":61,"column":74}},"24":{"start":{"line":67,"column":1},"end":{"line":69,"column":2}},"25":{"start":{"line":68,"column":2},"end":{"line":68,"column":31}},"26":{"start":{"line":71,"column":1},"end":{"line":71,"column":8}},"27":{"start":{"line":75,"column":23},"end":{"line":92,"column":1}},"28":{"start":{"line":76,"column":1},"end":{"line":91,"column":3}},"29":{"start":{"line":77,"column":20},"end":{"line":77,"column":44}},"30":{"start":{"line":78,"column":13},"end":{"line":78,"column":51}},"31":{"start":{"line":79,"column":20},"end":{"line":79,"column":41}},"32":{"start":{"line":81,"column":2},"end":{"line":88,"column":3}},"33":{"start":{"line":82,"column":3},"end":{"line":82,"column":78}},"34":{"start":{"line":83,"column":3},"end":{"line":83,"column":46}},"35":{"start":{"line":85,"column":3},"end":{"line":87,"column":4}},"36":{"start":{"line":86,"column":4},"end":{"line":86,"column":46}},"37":{"start":{"line":90,"column":2},"end":{"line":90,"column":9}},"38":{"start":{"line":95,"column":17},"end":{"line":100,"column":1}},"39":{"start":{"line":102,"column":20},"end":{"line":118,"column":1}},"40":{"start":{"line":103,"column":1},"end":{"line":103,"column":21}},"41":{"start":{"line":105,"column":18},"end":{"line":105,"column":64}},"42":{"start":{"line":106,"column":1},"end":{"line":106,"column":72}},"43":{"start":{"line":109,"column":22},"end":{"line":109,"column":30}},"44":{"start":{"line":110,"column":1},"end":{"line":115,"column":3}},"45":{"start":{"line":111,"column":2},"end":{"line":113,"column":3}},"46":{"start":{"line":112,"column":3},"end":{"line":112,"column":21}},"47":{"start":{"line":114,"column":2},"end":{"line":114,"column":32}},"48":{"start":{"line":117,"column":1},"end":{"line":117,"column":8}},"49":{"start":{"line":121,"column":20},"end":{"line":134,"column":1}},"50":{"start":{"line":122,"column":16},"end":{"line":122,"column":47}},"51":{"start":{"line":123,"column":21},"end":{"line":123,"column":58}},"52":{"start":{"line":124,"column":23},"end":{"line":124,"column":76}},"53":{"start":{"line":126,"column":1},"end":{"line":133,"column":3}},"54":{"start":{"line":136,"column":0},"end":{"line":141,"column":2}}},"fnMap":{"0":{"name":"(anonymous_0)","decl":{"start":{"line":6,"column":22},"end":{"line":6,"column":23}},"loc":{"start":{"line":6,"column":42},"end":{"line":72,"column":1}},"line":6},"1":{"name":"(anonymous_1)","decl":{"start":{"line":10,"column":20},"end":{"line":10,"column":21}},"loc":{"start":{"line":10,"column":26},"end":{"line":64,"column":2}},"line":10},"2":{"name":"(anonymous_2)","decl":{"start":{"line":75,"column":23},"end":{"line":75,"column":24}},"loc":{"start":{"line":75,"column":38},"end":{"line":92,"column":1}},"line":75},"3":{"name":"(anonymous_3)","decl":{"start":{"line":76,"column":8},"end":{"line":76,"column":9}},"loc":{"start":{"line":76,"column":28},"end":{"line":91,"column":2}},"line":76},"4":{"name":"(anonymous_4)","decl":{"start":{"line":102,"column":20},"end":{"line":102,"column":21}},"loc":{"start":{"line":102,"column":40},"end":{"line":118,"column":1}},"line":102},"5":{"name":"(anonymous_5)","decl":{"start":{"line":110,"column":12},"end":{"line":110,"column":13}},"loc":{"start":{"line":110,"column":28},"end":{"line":115,"column":2}},"line":110},"6":{"name":"(anonymous_6)","decl":{"start":{"line":121,"column":20},"end":{"line":121,"column":21}},"loc":{"start":{"line":121,"column":26},"end":{"line":134,"column":1}},"line":121}},"branchMap":{"0":{"loc":{"start":{"line":18,"column":8},"end":{"line":18,"column":34}},"type":"binary-expr","locations":[{"start":{"line":18,"column":8},"end":{"line":18,"column":23}},{"start":{"line":18,"column":27},"end":{"line":18,"column":34}}],"line":18},"1":{"loc":{"start":{"line":19,"column":7},"end":{"line":19,"column":65}},"type":"binary-expr","locations":[{"start":{"line":19,"column":7},"end":{"line":19,"column":13}},{"start":{"line":19,"column":18},"end":{"line":19,"column":32}},{"start":{"line":19,"column":36},"end":{"line":19,"column":64}}],"line":19},"2":{"loc":{"start":{"line":20,"column":14},"end":{"line":20,"column":88}},"type":"cond-expr","locations":[{"start":{"line":20,"column":24},"end":{"line":20,"column":45}},{"start":{"line":20,"column":48},"end":{"line":20,"column":88}}],"line":20},"3":{"loc":{"start":{"line":20,"column":48},"end":{"line":20,"column":88}},"type":"binary-expr","locations":[{"start":{"line":20,"column":48},"end":{"line":20,"column":59}},{"start":{"line":20,"column":63},"end":{"line":20,"column":88}}],"line":20},"4":{"loc":{"start":{"line":26,"column":2},"end":{"line":28,"column":3}},"type":"if","locations":[{"start":{"line":26,"column":2},"end":{"line":28,"column":3}},{"start":{},"end":{}}],"line":26},"5":{"loc":{"start":{"line":31,"column":2},"end":{"line":43,"column":3}},"type":"if","locations":[{"start":{"line":31,"column":2},"end":{"line":43,"column":3}},{"start":{},"end":{}}],"line":31},"6":{"loc":{"start":{"line":31,"column":6},"end":{"line":31,"column":38}},"type":"binary-expr","locations":[{"start":{"line":31,"column":6},"end":{"line":31,"column":26}},{"start":{"line":31,"column":30},"end":{"line":31,"column":38}}],"line":31},"7":{"loc":{"start":{"line":35,"column":3},"end":{"line":37,"column":4}},"type":"if","locations":[{"start":{"line":35,"column":3},"end":{"line":37,"column":4}},{"start":{},"end":{}}],"line":35},"8":{"loc":{"start":{"line":38,"column":3},"end":{"line":40,"column":4}},"type":"if","locations":[{"start":{"line":38,"column":3},"end":{"line":40,"column":4}},{"start":{},"end":{}}],"line":38},"9":{"loc":{"start":{"line":47,"column":2},"end":{"line":51,"column":3}},"type":"if","locations":[{"start":{"line":47,"column":2},"end":{"line":51,"column":3}},{"start":{"line":49,"column":9},"end":{"line":51,"column":3}}],"line":47},"10":{"loc":{"start":{"line":47,"column":6},"end":{"line":47,"column":51}},"type":"binary-expr","locations":[{"start":{"line":47,"column":6},"end":{"line":47,"column":27}},{"start":{"line":47,"column":31},"end":{"line":47,"column":51}}],"line":47},"11":{"loc":{"start":{"line":49,"column":9},"end":{"line":51,"column":3}},"type":"if","locations":[{"start":{"line":49,"column":9},"end":{"line":51,"column":3}},{"start":{},"end":{}}],"line":49},"12":{"loc":{"start":{"line":54,"column":2},"end":{"line":63,"column":3}},"type":"if","locations":[{"start":{"line":54,"column":2},"end":{"line":63,"column":3}},{"start":{},"end":{}}],"line":54},"13":{"loc":{"start":{"line":60,"column":3},"end":{"line":62,"column":4}},"type":"if","locations":[{"start":{"line":60,"column":3},"end":{"line":62,"column":4}},{"start":{},"end":{}}],"line":60},"14":{"loc":{"start":{"line":67,"column":1},"end":{"line":69,"column":2}},"type":"if","locations":[{"start":{"line":67,"column":1},"end":{"line":69,"column":2}},{"start":{},"end":{}}],"line":67},"15":{"loc":{"start":{"line":67,"column":5},"end":{"line":67,"column":40}},"type":"binary-expr","locations":[{"start":{"line":67,"column":5},"end":{"line":67,"column":8}},{"start":{"line":67,"column":12},"end":{"line":67,"column":40}}],"line":67},"16":{"loc":{"start":{"line":78,"column":13},"end":{"line":78,"column":51}},"type":"binary-expr","locations":[{"start":{"line":78,"column":13},"end":{"line":78,"column":19}},{"start":{"line":78,"column":23},"end":{"line":78,"column":51}}],"line":78},"17":{"loc":{"start":{"line":81,"column":2},"end":{"line":88,"column":3}},"type":"if","locations":[{"start":{"line":81,"column":2},"end":{"line":88,"column":3}},{"start":{},"end":{}}],"line":81},"18":{"loc":{"start":{"line":85,"column":3},"end":{"line":87,"column":4}},"type":"if","locations":[{"start":{"line":85,"column":3},"end":{"line":87,"column":4}},{"start":{},"end":{}}],"line":85},"19":{"loc":{"start":{"line":105,"column":35},"end":{"line":105,"column":62}},"type":"binary-expr","locations":[{"start":{"line":105,"column":35},"end":{"line":105,"column":50}},{"start":{"line":105,"column":54},"end":{"line":105,"column":62}}],"line":105},"20":{"loc":{"start":{"line":106,"column":33},"end":{"line":106,"column":66}},"type":"binary-expr","locations":[{"start":{"line":106,"column":33},"end":{"line":106,"column":61}},{"start":{"line":106,"column":65},"end":{"line":106,"column":66}}],"line":106},"21":{"loc":{"start":{"line":111,"column":2},"end":{"line":113,"column":3}},"type":"if","locations":[{"start":{"line":111,"column":2},"end":{"line":113,"column":3}},{"start":{},"end":{}}],"line":111}},"s":{"0":28,"1":12,"2":12,"3":4,"4":4,"5":4,"6":4,"7":0,"8":4,"9":0,"10":0,"11":0,"12":0,"13":0,"14":0,"15":4,"16":4,"17":1,"18":3,"19":0,"20":4,"21":4,"22":4,"23":4,"24":12,"25":11,"26":12,"27":28,"28":153,"29":47,"30":47,"31":47,"32":47,"33":2,"34":2,"35":2,"36":1,"37":47,"38":28,"39":28,"40":17,"41":17,"42":17,"43":17,"44":17,"45":2,"46":2,"47":2,"48":17,"49":28,"50":3,"51":3,"52":3,"53":3,"54":28},"f":{"0":12,"1":4,"2":153,"3":47,"4":17,"5":2,"6":3},"b":{"0":[4,0],"1":[4,0,0],"2":[4,0],"3":[0,0],"4":[0,4],"5":[0,4],"6":[4,0],"7":[0,0],"8":[0,0],"9":[1,3],"10":[4,1],"11":[0,3],"12":[4,0],"13":[4,0],"14":[11,1],"15":[12,12],"16":[47,0],"17":[2,45],"18":[1,1],"19":[17,14],"20":[17,6],"21":[2,0]},"_coverageSchema":"1a1c01bbd47fc00a2c39e90264f33305004495a9","hash":"c0cdbdc9b7510dff39cc2fa6121e20681f1be8e0"}
,"C:\\Users\\LENOVO\\Documents\\Workshop AI\\lab-catalog\\backend\\middlewares\\rateLimiter.js": {"path":"C:\\Users\\LENOVO\\Documents\\Workshop AI\\lab-catalog\\backend\\middlewares\\rateLimiter.js","statementMap":{"0":{"start":{"line":1,"column":18},"end":{"line":1,"column":47}},"1":{"start":{"line":2,"column":15},"end":{"line":2,"column":42}},"2":{"start":{"line":9,"column":26},"end":{"line":71,"column":1}},"3":{"start":{"line":15,"column":1},"end":{"line":70,"column":4}},"4":{"start":{"line":31,"column":21},"end":{"line":31,"column":51}},"5":{"start":{"line":32,"column":3},"end":{"line":35,"column":4}},"6":{"start":{"line":34,"column":4},"end":{"line":34,"column":42}},"7":{"start":{"line":36,"column":3},"end":{"line":36,"column":17}},"8":{"start":{"line":40,"column":21},"end":{"line":40,"column":51}},"9":{"start":{"line":41,"column":14},"end":{"line":41,"column":65}},"10":{"start":{"line":42,"column":3},"end":{"line":53,"column":4}},"11":{"start":{"line":44,"column":4},"end":{"line":49,"column":5}},"12":{"start":{"line":45,"column":5},"end":{"line":48,"column":7}},"13":{"start":{"line":50,"column":4},"end":{"line":52,"column":74}},"14":{"start":{"line":54,"column":3},"end":{"line":59,"column":4}},"15":{"start":{"line":55,"column":4},"end":{"line":58,"column":6}},"16":{"start":{"line":60,"column":3},"end":{"line":68,"column":6}},"17":{"start":{"line":76,"column":19},"end":{"line":80,"column":1}},"18":{"start":{"line":83,"column":20},"end":{"line":88,"column":1}},"19":{"start":{"line":91,"column":22},"end":{"line":95,"column":1}},"20":{"start":{"line":98,"column":22},"end":{"line":102,"column":1}},"21":{"start":{"line":104,"column":0},"end":{"line":117,"column":2}},"22":{"start":{"line":112,"column":2},"end":{"line":116,"column":3}}},"fnMap":{"0":{"name":"(anonymous_0)","decl":{"start":{"line":9,"column":26},"end":{"line":9,"column":27}},"loc":{"start":{"line":14,"column":5},"end":{"line":71,"column":1}},"line":14},"1":{"name":"(anonymous_1)","decl":{"start":{"line":29,"column":16},"end":{"line":29,"column":17}},"loc":{"start":{"line":29,"column":25},"end":{"line":37,"column":3}},"line":29},"2":{"name":"(anonymous_2)","decl":{"start":{"line":38,"column":11},"end":{"line":38,"column":12}},"loc":{"start":{"line":38,"column":25},"end":{"line":69,"column":3}},"line":38},"3":{"name":"(anonymous_3)","decl":{"start":{"line":111,"column":20},"end":{"line":111,"column":21}},"loc":{"start":{"line":112,"column":2},"end":{"line":116,"column":3}},"line":112}},"branchMap":{"0":{"loc":{"start":{"line":13,"column":1},"end":{"line":13,"column":31}},"type":"default-arg","locations":[{"start":{"line":13,"column":26},"end":{"line":13,"column":31}}],"line":13},"1":{"loc":{"start":{"line":32,"column":3},"end":{"line":35,"column":4}},"type":"if","locations":[{"start":{"line":32,"column":3},"end":{"line":35,"column":4}},{"start":{},"end":{}}],"line":32},"2":{"loc":{"start":{"line":41,"column":14},"end":{"line":41,"column":65}},"type":"cond-expr","locations":[{"start":{"line":41,"column":26},"end":{"line":41,"column":56}},{"start":{"line":41,"column":59},"end":{"line":41,"column":65}}],"line":41},"3":{"loc":{"start":{"line":42,"column":3},"end":{"line":53,"column":4}},"type":"if","locations":[{"start":{"line":42,"column":3},"end":{"line":53,"column":4}},{"start":{},"end":{}}],"line":42},"4":{"loc":{"start":{"line":44,"column":4},"end":{"line":49,"column":5}},"type":"if","locations":[{"start":{"line":44,"column":4},"end":{"line":49,"column":5}},{"start":{},"end":{}}],"line":44},"5":{"loc":{"start":{"line":54,"column":3},"end":{"line":59,"column":4}},"type":"if","locations":[{"start":{"line":54,"column":3},"end":{"line":59,"column":4}},{"start":{},"end":{}}],"line":54},"6":{"loc":{"start":{"line":85,"column":1},"end":{"line":85,"column":73}},"type":"cond-expr","locations":[{"start":{"line":85,"column":36},"end":{"line":85,"column":38}},{"start":{"line":85,"column":41},"end":{"line":85,"column":73}}],"line":85},"7":{"loc":{"start":{"line":93,"column":1},"end":{"line":93,"column":42}},"type":"cond-expr","locations":[{"start":{"line":93,"column":36},"end":{"line":93,"column":38}},{"start":{"line":93,"column":41},"end":{"line":93,"column":42}}],"line":93},"8":{"loc":{"start":{"line":114,"column":3},"end":{"line":114,"column":47}},"type":"cond-expr","locations":[{"start":{"line":114,"column":38},"end":{"line":114,"column":41}},{"start":{"line":114,"column":44},"end":{"line":114,"column":47}}],"line":114}},"s":{"0":27,"1":27,"2":27,"3":167,"4":73,"5":61,"6":1,"7":60,"8":0,"9":0,"10":0,"11":0,"12":0,"13":0,"14":0,"15":0,"16":0,"17":27,"18":27,"19":27,"20":27,"21":27,"22":3},"f":{"0":167,"1":73,"2":0,"3":3},"b":{"0":[138],"1":[1,60],"2":[0,0],"3":[0,0],"4":[0,0],"5":[0,0],"6":[1,26],"7":[1,26],"8":[0,3]},"_coverageSchema":"1a1c01bbd47fc00a2c39e90264f33305004495a9","hash":"0b8ea7c8e3836dc0f1389c654b86d121beadd13c"}
,"C:\\Users\\LENOVO\\Documents\\Workshop AI\\lab-catalog\\backend\\middlewares\\validation.js": {"path":"C:\\Users\\LENOVO\\Documents\\Workshop AI\\lab-catalog\\backend\\middlewares\\validation.js","statementMap":{"0":{"start":{"line":1,"column":12},"end":{"line":1,"column":26}},"1":{"start":{"line":2,"column":21},"end":{"line":2,"column":46}},"2":{"start":{"line":9,"column":16},"end":{"line":57,"column":1}},"3":{"start":{"line":60,"column":17},"end":{"line":82,"column":1}},"4":{"start":{"line":61,"column":2},"end":{"line":81,"column":4}},"5":{"start":{"line":62,"column":27},"end":{"line":62,"column":40}},"6":{"start":{"line":64,"column":29},"end":{"line":68,"column":6}},"7":{"start":{"line":70,"column":4},"end":{"line":76,"column":5}},"8":{"start":{"line":71,"column":27},"end":{"line":73,"column":19}},"9":{"start":{"line":72,"column":25},"end":{"line":72,"column":39}},"10":{"start":{"line":75,"column":6},"end":{"line":75,"column":74}},"11":{"start":{"line":79,"column":4},"end":{"line":79,"column":26}},"12":{"start":{"line":80,"column":4},"end":{"line":80,"column":11}},"13":{"start":{"line":85,"column":21},"end":{"line":85,"column":51}},"14":{"start":{"line":86,"column":21},"end":{"line":86,"column":51}},"15":{"start":{"line":87,"column":19},"end":{"line":87,"column":49}},"16":{"start":{"line":88,"column":26},"end":{"line":88,"column":62}},"17":{"start":{"line":91,"column":27},"end":{"line":113,"column":1}},"18":{"start":{"line":92,"column":23},"end":{"line":95,"column":11}},"19":{"start":{"line":97,"column":27},"end":{"line":101,"column":4}},"20":{"start":{"line":103,"column":2},"end":{"line":109,"column":3}},"21":{"start":{"line":104,"column":25},"end":{"line":106,"column":17}},"22":{"start":{"line":105,"column":23},"end":{"line":105,"column":37}},"23":{"start":{"line":108,"column":4},"end":{"line":108,"column":72}},"24":{"start":{"line":111,"column":2},"end":{"line":111,"column":19}},"25":{"start":{"line":112,"column":2},"end":{"line":112,"column":9}},"26":{"start":{"line":116,"column":17},"end":{"line":144,"column":1}},"27":{"start":{"line":118,"column":25},"end":{"line":124,"column":3}},"28":{"start":{"line":119,"column":4},"end":{"line":119,"column":44}},"29":{"start":{"line":119,"column":33},"end":{"line":119,"column":44}},"30":{"start":{"line":120,"column":4},"end":{"line":123,"column":14}},"31":{"start":{"line":127,"column":25},"end":{"line":138,"column":3}},"32":{"start":{"line":128,"column":4},"end":{"line":136,"column":5}},"33":{"start":{"line":129,"column":6},"end":{"line":135,"column":7}},"34":{"start":{"line":130,"column":8},"end":{"line":134,"column":9}},"35":{"start":{"line":131,"column":10},"end":{"line":131,"column":46}},"36":{"start":{"line":132,"column":15},"end":{"line":134,"column":9}},"37":{"start":{"line":133,"column":10},"end":{"line":133,"column":35}},"38":{"start":{"line":137,"column":4},"end":{"line":137,"column":15}},"39":{"start":{"line":140,"column":2},"end":{"line":140,"column":38}},"40":{"start":{"line":141,"column":2},"end":{"line":141,"column":40}},"41":{"start":{"line":143,"column":2},"end":{"line":143,"column":9}},"42":{"start":{"line":146,"column":0},"end":{"line":155,"column":2}}},"fnMap":{"0":{"name":"(anonymous_0)","decl":{"start":{"line":60,"column":17},"end":{"line":60,"column":18}},"loc":{"start":{"line":60,"column":48},"end":{"line":82,"column":1}},"line":60},"1":{"name":"(anonymous_1)","decl":{"start":{"line":61,"column":9},"end":{"line":61,"column":10}},"loc":{"start":{"line":61,"column":29},"end":{"line":81,"column":3}},"line":61},"2":{"name":"(anonymous_2)","decl":{"start":{"line":72,"column":13},"end":{"line":72,"column":14}},"loc":{"start":{"line":72,"column":25},"end":{"line":72,"column":39}},"line":72},"3":{"name":"(anonymous_3)","decl":{"start":{"line":91,"column":27},"end":{"line":91,"column":28}},"loc":{"start":{"line":91,"column":47},"end":{"line":113,"column":1}},"line":91},"4":{"name":"(anonymous_4)","decl":{"start":{"line":105,"column":11},"end":{"line":105,"column":12}},"loc":{"start":{"line":105,"column":23},"end":{"line":105,"column":37}},"line":105},"5":{"name":"(anonymous_5)","decl":{"start":{"line":116,"column":17},"end":{"line":116,"column":18}},"loc":{"start":{"line":116,"column":37},"end":{"line":144,"column":1}},"line":116},"6":{"name":"(anonymous_6)","decl":{"start":{"line":118,"column":25},"end":{"line":118,"column":26}},"loc":{"start":{"line":118,"column":34},"end":{"line":124,"column":3}},"line":118},"7":{"name":"(anonymous_7)","decl":{"start":{"line":127,"column":25},"end":{"line":127,"column":26}},"loc":{"start":{"line":127,"column":34},"end":{"line":138,"column":3}},"line":127}},"branchMap":{"0":{"loc":{"start":{"line":60,"column":26},"end":{"line":60,"column":43}},"type":"default-arg","locations":[{"start":{"line":60,"column":37},"end":{"line":60,"column":43}}],"line":60},"1":{"loc":{"start":{"line":70,"column":4},"end":{"line":76,"column":5}},"type":"if","locations":[{"start":{"line":70,"column":4},"end":{"line":76,"column":5}},{"start":{},"end":{}}],"line":70},"2":{"loc":{"start":{"line":103,"column":2},"end":{"line":109,"column":3}},"type":"if","locations":[{"start":{"line":103,"column":2},"end":{"line":109,"column":3}},{"start":{},"end":{}}],"line":103},"3":{"loc":{"start":{"line":119,"column":4},"end":{"line":119,"column":44}},"type":"if","locations":[{"start":{"line":119,"column":4},"end":{"line":119,"column":44}},{"start":{},"end":{}}],"line":119},"4":{"loc":{"start":{"line":128,"column":4},"end":{"line":136,"column":5}},"type":"if","locations":[{"start":{"line":128,"column":4},"end":{"line":136,"column":5}},{"start":{},"end":{}}],"line":128},"5":{"loc":{"start":{"line":128,"column":8},"end":{"line":128,"column":38}},"type":"binary-expr","locations":[{"start":{"line":128,"column":8},"end":{"line":128,"column":11}},{"start":{"line":128,"column":15},"end":{"line":128,"column":38}}],"line":128},"6":{"loc":{"start":{"line":130,"column":8},"end":{"line":134,"column":9}},"type":"if","locations":[{"start":{"line":130,"column":8},"end":{"line":134,"column":9}},{"start":{"line":132,"column":15},"end":{"line":134,"column":9}}],"line":130},"7":{"loc":{"start":{"line":132,"column":15},"end":{"line":134,"column":9}},"type":"if","locations":[{"start":{"line":132,"column":15},"end":{"line":134,"column":9}},{"start":{},"end":{}}],"line":132}},"s":{"0":27,"1":27,"2":27,"3":27,"4":108,"5":95,"6":95,"7":95,"8":38,"9":47,"10":38,"11":57,"12":57,"13":27,"14":27,"15":27,"16":27,"17":27,"18":8,"19":8,"20":8,"21":2,"22":2,"23":2,"24":6,"25":6,"26":27,"27":83,"28":71,"29":0,"30":71,"31":83,"32":169,"33":168,"34":78,"35":71,"36":7,"37":3,"38":169,"39":83,"40":83,"41":83,"42":27},"f":{"0":108,"1":95,"2":47,"3":8,"4":2,"5":83,"6":71,"7":169},"b":{"0":[0],"1":[38,57],"2":[2,6],"3":[0,71],"4":[168,1],"5":[169,168],"6":[71,7],"7":[3,4]},"_coverageSchema":"1a1c01bbd47fc00a2c39e90264f33305004495a9","hash":"cd9f037e9e8218ac2cc6cdef69c72de3ccb57cd8"}
,"C:\\Users\\LENOVO\\Documents\\Workshop AI\\lab-catalog\\backend\\routes\\authRoutes.js": {"path":"C:\\Users\\LENOVO\\Documents\\Workshop AI\\lab-catalog\\backend\\routes\\authRoutes.js","statementMap":{"0":{"start":{"line":1,"column":16},"end":{"line":1,"column":34}},"1":{"start":{"line":2,"column":25},"end":{"line":2,"column":57}},"2":{"start":{"line":3,"column":12},"end":{"line":3,"column":35}},"3":{"start":{"line":4,"column":15},"end":{"line":4,"column":42}},"4":{"start":{"line":5,"column":25},"end":{"line":5,"column":61}},"5":{"start":{"line":6,"column":39},"end":{"line":6,"column":76}},"6":{"start":{"line":7,"column":27},"end":{"line":7,"column":59}},"7":{"start":{"line":8,"column":21},"end":{"line":8,"column":59}},"8":{"start":{"line":10,"column":15},"end":{"line":10,"column":31}},"9":{"start":{"line":13,"column":17},"end":{"line":13,"column":75}},"10":{"start":{"line":22,"column":0},"end":{"line":72,"column":2}},"11":{"start":{"line":27,"column":2},"end":{"line":70,"column":3}},"12":{"start":{"line":28,"column":3},"end":{"line":30,"column":4}},"13":{"start":{"line":29,"column":4},"end":{"line":29,"column":52}},"14":{"start":{"line":31,"column":31},"end":{"line":31,"column":39}},"15":{"start":{"line":34,"column":27},"end":{"line":37,"column":5}},"16":{"start":{"line":39,"column":3},"end":{"line":51,"column":4}},"17":{"start":{"line":40,"column":4},"end":{"line":42,"column":5}},"18":{"start":{"line":41,"column":5},"end":{"line":41,"column":59}},"19":{"start":{"line":43,"column":4},"end":{"line":50,"column":7}},"20":{"start":{"line":53,"column":3},"end":{"line":64,"column":6}},"21":{"start":{"line":66,"column":3},"end":{"line":68,"column":4}},"22":{"start":{"line":67,"column":4},"end":{"line":67,"column":68}},"23":{"start":{"line":69,"column":3},"end":{"line":69,"column":58}},"24":{"start":{"line":79,"column":0},"end":{"line":141,"column":2}},"25":{"start":{"line":84,"column":2},"end":{"line":139,"column":3}},"26":{"start":{"line":85,"column":3},"end":{"line":87,"column":4}},"27":{"start":{"line":86,"column":4},"end":{"line":86,"column":49}},"28":{"start":{"line":88,"column":31},"end":{"line":88,"column":39}},"29":{"start":{"line":91,"column":27},"end":{"line":94,"column":5}},"30":{"start":{"line":96,"column":3},"end":{"line":108,"column":4}},"31":{"start":{"line":97,"column":4},"end":{"line":99,"column":5}},"32":{"start":{"line":98,"column":5},"end":{"line":98,"column":52}},"33":{"start":{"line":100,"column":4},"end":{"line":107,"column":7}},"34":{"start":{"line":111,"column":17},"end":{"line":120,"column":4}},"35":{"start":{"line":122,"column":3},"end":{"line":133,"column":6}},"36":{"start":{"line":135,"column":3},"end":{"line":137,"column":4}},"37":{"start":{"line":136,"column":4},"end":{"line":136,"column":61}},"38":{"start":{"line":138,"column":3},"end":{"line":138,"column":51}},"39":{"start":{"line":150,"column":0},"end":{"line":170,"column":2}},"40":{"start":{"line":154,"column":2},"end":{"line":168,"column":3}},"41":{"start":{"line":155,"column":3},"end":{"line":162,"column":6}},"42":{"start":{"line":164,"column":3},"end":{"line":166,"column":4}},"43":{"start":{"line":165,"column":4},"end":{"line":165,"column":62}},"44":{"start":{"line":167,"column":3},"end":{"line":167,"column":52}},"45":{"start":{"line":177,"column":0},"end":{"line":199,"column":2}},"46":{"start":{"line":181,"column":2},"end":{"line":197,"column":3}},"47":{"start":{"line":183,"column":3},"end":{"line":191,"column":6}},"48":{"start":{"line":193,"column":3},"end":{"line":195,"column":4}},"49":{"start":{"line":194,"column":4},"end":{"line":194,"column":62}},"50":{"start":{"line":196,"column":3},"end":{"line":196,"column":56}},"51":{"start":{"line":206,"column":0},"end":{"line":229,"column":2}},"52":{"start":{"line":210,"column":2},"end":{"line":227,"column":3}},"53":{"start":{"line":212,"column":3},"end":{"line":221,"column":6}},"54":{"start":{"line":223,"column":3},"end":{"line":225,"column":4}},"55":{"start":{"line":224,"column":4},"end":{"line":224,"column":59}},"56":{"start":{"line":226,"column":3},"end":{"line":226,"column":56}},"57":{"start":{"line":231,"column":0},"end":{"line":231,"column":24}}},"fnMap":{"0":{"name":"(anonymous_0)","decl":{"start":{"line":26,"column":1},"end":{"line":26,"column":2}},"loc":{"start":{"line":26,"column":27},"end":{"line":71,"column":2}},"line":26},"1":{"name":"(anonymous_1)","decl":{"start":{"line":83,"column":1},"end":{"line":83,"column":2}},"loc":{"start":{"line":83,"column":27},"end":{"line":140,"column":2}},"line":83},"2":{"name":"(anonymous_2)","decl":{"start":{"line":153,"column":1},"end":{"line":153,"column":2}},"loc":{"start":{"line":153,"column":27},"end":{"line":169,"column":2}},"line":153},"3":{"name":"(anonymous_3)","decl":{"start":{"line":180,"column":1},"end":{"line":180,"column":2}},"loc":{"start":{"line":180,"column":27},"end":{"line":198,"column":2}},"line":180},"4":{"name":"(anonymous_4)","decl":{"start":{"line":209,"column":1},"end":{"line":209,"column":2}},"loc":{"start":{"line":209,"column":27},"end":{"line":228,"column":2}},"line":209}},"branchMap":{"0":{"loc":{"start":{"line":28,"column":3},"end":{"line":30,"column":4}},"type":"if","locations":[{"start":{"line":28,"column":3},"end":{"line":30,"column":4}},{"start":{},"end":{}}],"line":28},"1":{"loc":{"start":{"line":39,"column":3},"end":{"line":51,"column":4}},"type":"if","locations":[{"start":{"line":39,"column":3},"end":{"line":51,"column":4}},{"start":{},"end":{}}],"line":39},"2":{"loc":{"start":{"line":40,"column":4},"end":{"line":42,"column":5}},"type":"if","locations":[{"start":{"line":40,"column":4},"end":{"line":42,"column":5}},{"start":{},"end":{}}],"line":40},"3":{"loc":{"start":{"line":66,"column":3},"end":{"line":68,"column":4}},"type":"if","locations":[{"start":{"line":66,"column":3},"end":{"line":68,"column":4}},{"start":{},"end":{}}],"line":66},"4":{"loc":{"start":{"line":85,"column":3},"end":{"line":87,"column":4}},"type":"if","locations":[{"start":{"line":85,"column":3},"end":{"line":87,"column":4}},{"start":{},"end":{}}],"line":85},"5":{"loc":{"start":{"line":96,"column":3},"end":{"line":108,"column":4}},"type":"if","locations":[{"start":{"line":96,"column":3},"end":{"line":108,"column":4}},{"start":{},"end":{}}],"line":96},"6":{"loc":{"start":{"line":97,"column":4},"end":{"line":99,"column":5}},"type":"if","locations":[{"start":{"line":97,"column":4},"end":{"line":99,"column":5}},{"start":{},"end":{}}],"line":97},"7":{"loc":{"start":{"line":135,"column":3},"end":{"line":137,"column":4}},"type":"if","locations":[{"start":{"line":135,"column":3},"end":{"line":137,"column":4}},{"start":{},"end":{}}],"line":135},"8":{"loc":{"start":{"line":164,"column":3},"end":{"line":166,"column":4}},"type":"if","locations":[{"start":{"line":164,"column":3},"end":{"line":166,"column":4}},{"start":{},"end":{}}],"line":164},"9":{"loc":{"start":{"line":187,"column":12},"end":{"line":187,"column":35}},"type":"binary-expr","locations":[{"start":{"line":187,"column":12},"end":{"line":187,"column":26}},{"start":{"line":187,"column":30},"end":{"line":187,"column":35}}],"line":187},"10":{"loc":{"start":{"line":193,"column":3},"end":{"line":195,"column":4}},"type":"if","locations":[{"start":{"line":193,"column":3},"end":{"line":195,"column":4}},{"start":{},"end":{}}],"line":193},"11":{"loc":{"start":{"line":217,"column":17},"end":{"line":217,"column":43}},"type":"binary-expr","locations":[{"start":{"line":217,"column":17},"end":{"line":217,"column":34}},{"start":{"line":217,"column":38},"end":{"line":217,"column":43}}],"line":217},"12":{"loc":{"start":{"line":223,"column":3},"end":{"line":225,"column":4}},"type":"if","locations":[{"start":{"line":223,"column":3},"end":{"line":225,"column":4}},{"start":{},"end":{}}],"line":223}},"s":{"0":25,"1":25,"2":25,"3":25,"4":25,"5":25,"6":25,"7":25,"8":25,"9":25,"10":25,"11":10,"12":10,"13":0,"14":10,"15":10,"16":5,"17":1,"18":0,"19":1,"20":4,"21":5,"22":0,"23":5,"24":25,"25":11,"26":11,"27":0,"28":11,"29":11,"30":5,"31":2,"32":0,"33":2,"34":3,"35":3,"36":6,"37":0,"38":6,"39":25,"40":4,"41":4,"42":0,"43":0,"44":0,"45":25,"46":2,"47":2,"48":0,"49":0,"50":0,"51":25,"52":2,"53":2,"54":0,"55":0,"56":0,"57":25},"f":{"0":10,"1":11,"2":4,"3":2,"4":2},"b":{"0":[0,10],"1":[1,4],"2":[0,1],"3":[0,5],"4":[0,11],"5":[2,3],"6":[0,2],"7":[0,6],"8":[0,0],"9":[2,0],"10":[0,0],"11":[2,2],"12":[0,0]},"_coverageSchema":"1a1c01bbd47fc00a2c39e90264f33305004495a9","hash":"7d20ad46abd24e0889c6e9a31aef02171de061de"}
,"C:\\Users\\LENOVO\\Documents\\Workshop AI\\lab-catalog\\backend\\routes\\labRoutes.js": {"path":"C:\\Users\\LENOVO\\Documents\\Workshop AI\\lab-catalog\\backend\\routes\\labRoutes.js","statementMap":{"0":{"start":{"line":3,"column":16},"end":{"line":3,"column":34}},"1":{"start":{"line":4,"column":13},"end":{"line":4,"column":29}},"2":{"start":{"line":5,"column":23},"end":{"line":5,"column":63}},"3":{"start":{"line":10,"column":4},"end":{"line":10,"column":40}},"4":{"start":{"line":11,"column":24},"end":{"line":11,"column":61}},"5":{"start":{"line":12,"column":27},"end":{"line":12,"column":59}},"6":{"start":{"line":13,"column":21},"end":{"line":13,"column":59}},"7":{"start":{"line":15,"column":15},"end":{"line":15,"column":31}},"8":{"start":{"line":16,"column":0},"end":{"line":16,"column":27}},"9":{"start":{"line":26,"column":0},"end":{"line":76,"column":3}},"10":{"start":{"line":27,"column":2},"end":{"line":75,"column":3}},"11":{"start":{"line":28,"column":16},"end":{"line":28,"column":27}},"12":{"start":{"line":29,"column":42},"end":{"line":29,"column":51}},"13":{"start":{"line":30,"column":17},"end":{"line":30,"column":44}},"14":{"start":{"line":31,"column":18},"end":{"line":31,"column":61}},"15":{"start":{"line":32,"column":16},"end":{"line":32,"column":40}},"16":{"start":{"line":34,"column":13},"end":{"line":34,"column":53}},"17":{"start":{"line":35,"column":19},"end":{"line":35,"column":27}},"18":{"start":{"line":37,"column":1},"end":{"line":40,"column":2}},"19":{"start":{"line":38,"column":3},"end":{"line":38,"column":55}},"20":{"start":{"line":39,"column":3},"end":{"line":39,"column":30}},"21":{"start":{"line":42,"column":1},"end":{"line":46,"column":28}},"22":{"start":{"line":47,"column":1},"end":{"line":47,"column":36}},"23":{"start":{"line":49,"column":18},"end":{"line":49,"column":54}},"24":{"start":{"line":52,"column":18},"end":{"line":52,"column":65}},"25":{"start":{"line":53,"column":19},"end":{"line":53,"column":27}},"26":{"start":{"line":54,"column":1},"end":{"line":57,"column":2}},"27":{"start":{"line":55,"column":3},"end":{"line":55,"column":60}},"28":{"start":{"line":56,"column":3},"end":{"line":56,"column":30}},"29":{"start":{"line":58,"column":29},"end":{"line":58,"column":70}},"30":{"start":{"line":59,"column":20},"end":{"line":59,"column":48}},"31":{"start":{"line":61,"column":1},"end":{"line":72,"column":4}},"32":{"start":{"line":74,"column":1},"end":{"line":74,"column":11}},"33":{"start":{"line":84,"column":0},"end":{"line":140,"column":3}},"34":{"start":{"line":85,"column":1},"end":{"line":139,"column":2}},"35":{"start":{"line":86,"column":17},"end":{"line":86,"column":28}},"36":{"start":{"line":89,"column":43},"end":{"line":89,"column":52}},"37":{"start":{"line":90,"column":17},"end":{"line":90,"column":35}},"38":{"start":{"line":92,"column":14},"end":{"line":92,"column":54}},"39":{"start":{"line":93,"column":20},"end":{"line":93,"column":28}},"40":{"start":{"line":96,"column":2},"end":{"line":99,"column":3}},"41":{"start":{"line":97,"column":3},"end":{"line":97,"column":55}},"42":{"start":{"line":98,"column":3},"end":{"line":98,"column":35}},"43":{"start":{"line":102,"column":2},"end":{"line":106,"column":28}},"44":{"start":{"line":107,"column":2},"end":{"line":107,"column":34}},"45":{"start":{"line":109,"column":19},"end":{"line":109,"column":55}},"46":{"start":{"line":112,"column":19},"end":{"line":112,"column":66}},"47":{"start":{"line":113,"column":20},"end":{"line":113,"column":28}},"48":{"start":{"line":115,"column":2},"end":{"line":118,"column":3}},"49":{"start":{"line":116,"column":3},"end":{"line":116,"column":60}},"50":{"start":{"line":117,"column":3},"end":{"line":117,"column":35}},"51":{"start":{"line":120,"column":30},"end":{"line":120,"column":71}},"52":{"start":{"line":121,"column":21},"end":{"line":121,"column":49}},"53":{"start":{"line":123,"column":2},"end":{"line":133,"column":5}},"54":{"start":{"line":135,"column":2},"end":{"line":137,"column":3}},"55":{"start":{"line":136,"column":3},"end":{"line":136,"column":57}},"56":{"start":{"line":138,"column":2},"end":{"line":138,"column":51}},"57":{"start":{"line":147,"column":0},"end":{"line":172,"column":3}},"58":{"start":{"line":148,"column":1},"end":{"line":171,"column":2}},"59":{"start":{"line":149,"column":17},"end":{"line":149,"column":30}},"60":{"start":{"line":150,"column":17},"end":{"line":150,"column":28}},"61":{"start":{"line":152,"column":19},"end":{"line":155,"column":3}},"62":{"start":{"line":157,"column":2},"end":{"line":159,"column":3}},"63":{"start":{"line":158,"column":3},"end":{"line":158,"column":52}},"64":{"start":{"line":161,"column":2},"end":{"line":165,"column":5}},"65":{"start":{"line":167,"column":2},"end":{"line":169,"column":3}},"66":{"start":{"line":168,"column":3},"end":{"line":168,"column":56}},"67":{"start":{"line":170,"column":2},"end":{"line":170,"column":50}},"68":{"start":{"line":179,"column":0},"end":{"line":218,"column":2}},"69":{"start":{"line":184,"column":2},"end":{"line":216,"column":3}},"70":{"start":{"line":185,"column":29},"end":{"line":185,"column":37}},"71":{"start":{"line":186,"column":18},"end":{"line":186,"column":29}},"72":{"start":{"line":189,"column":35},"end":{"line":192,"column":4}},"73":{"start":{"line":194,"column":3},"end":{"line":198,"column":4}},"74":{"start":{"line":195,"column":4},"end":{"line":197,"column":6}},"75":{"start":{"line":200,"column":20},"end":{"line":203,"column":4}},"76":{"start":{"line":205,"column":3},"end":{"line":210,"column":6}},"77":{"start":{"line":212,"column":3},"end":{"line":214,"column":4}},"78":{"start":{"line":213,"column":4},"end":{"line":213,"column":55}},"79":{"start":{"line":215,"column":3},"end":{"line":215,"column":49}},"80":{"start":{"line":225,"column":0},"end":{"line":279,"column":2}},"81":{"start":{"line":231,"column":2},"end":{"line":277,"column":3}},"82":{"start":{"line":232,"column":18},"end":{"line":232,"column":31}},"83":{"start":{"line":233,"column":18},"end":{"line":233,"column":29}},"84":{"start":{"line":234,"column":24},"end":{"line":234,"column":32}},"85":{"start":{"line":237,"column":22},"end":{"line":237,"column":24}},"86":{"start":{"line":238,"column":18},"end":{"line":238,"column":20}},"87":{"start":{"line":239,"column":20},"end":{"line":239,"column":21}},"88":{"start":{"line":241,"column":3},"end":{"line":245,"column":6}},"89":{"start":{"line":242,"column":4},"end":{"line":242,"column":47}},"90":{"start":{"line":243,"column":4},"end":{"line":243,"column":35}},"91":{"start":{"line":244,"column":4},"end":{"line":244,"column":17}},"92":{"start":{"line":248,"column":3},"end":{"line":248,"column":41}},"93":{"start":{"line":251,"column":3},"end":{"line":251,"column":31}},"94":{"start":{"line":253,"column":17},"end":{"line":258,"column":2}},"95":{"start":{"line":260,"column":20},"end":{"line":260,"column":51}},"96":{"start":{"line":262,"column":3},"end":{"line":264,"column":4}},"97":{"start":{"line":263,"column":4},"end":{"line":263,"column":69}},"98":{"start":{"line":266,"column":3},"end":{"line":271,"column":6}},"99":{"start":{"line":273,"column":3},"end":{"line":275,"column":4}},"100":{"start":{"line":274,"column":4},"end":{"line":274,"column":57}},"101":{"start":{"line":276,"column":3},"end":{"line":276,"column":52}},"102":{"start":{"line":286,"column":0},"end":{"line":317,"column":2}},"103":{"start":{"line":291,"column":2},"end":{"line":315,"column":3}},"104":{"start":{"line":292,"column":18},"end":{"line":292,"column":31}},"105":{"start":{"line":293,"column":18},"end":{"line":293,"column":29}},"106":{"start":{"line":295,"column":20},"end":{"line":298,"column":4}},"107":{"start":{"line":300,"column":3},"end":{"line":302,"column":4}},"108":{"start":{"line":301,"column":4},"end":{"line":301,"column":69}},"109":{"start":{"line":304,"column":3},"end":{"line":309,"column":6}},"110":{"start":{"line":311,"column":3},"end":{"line":313,"column":4}},"111":{"start":{"line":312,"column":4},"end":{"line":312,"column":57}},"112":{"start":{"line":314,"column":3},"end":{"line":314,"column":52}},"113":{"start":{"line":319,"column":0},"end":{"line":319,"column":24}}},"fnMap":{"0":{"name":"(anonymous_0)","decl":{"start":{"line":26,"column":22},"end":{"line":26,"column":23}},"loc":{"start":{"line":26,"column":48},"end":{"line":76,"column":1}},"line":26},"1":{"name":"(anonymous_1)","decl":{"start":{"line":84,"column":16},"end":{"line":84,"column":17}},"loc":{"start":{"line":84,"column":42},"end":{"line":140,"column":1}},"line":84},"2":{"name":"(anonymous_2)","decl":{"start":{"line":147,"column":31},"end":{"line":147,"column":32}},"loc":{"start":{"line":147,"column":57},"end":{"line":172,"column":1}},"line":147},"3":{"name":"(anonymous_3)","decl":{"start":{"line":183,"column":1},"end":{"line":183,"column":2}},"loc":{"start":{"line":183,"column":27},"end":{"line":217,"column":2}},"line":183},"4":{"name":"(anonymous_4)","decl":{"start":{"line":230,"column":1},"end":{"line":230,"column":2}},"loc":{"start":{"line":230,"column":27},"end":{"line":278,"column":2}},"line":230},"5":{"name":"(anonymous_5)","decl":{"start":{"line":241,"column":37},"end":{"line":241,"column":38}},"loc":{"start":{"line":241,"column":46},"end":{"line":245,"column":4}},"line":241},"6":{"name":"(anonymous_6)","decl":{"start":{"line":290,"column":1},"end":{"line":290,"column":2}},"loc":{"start":{"line":290,"column":27},"end":{"line":316,"column":2}},"line":290}},"branchMap":{"0":{"loc":{"start":{"line":29,"column":9},"end":{"line":29,"column":15}},"type":"default-arg","locations":[{"start":{"line":29,"column":13},"end":{"line":29,"column":15}}],"line":29},"1":{"loc":{"start":{"line":29,"column":17},"end":{"line":29,"column":25}},"type":"default-arg","locations":[{"start":{"line":29,"column":24},"end":{"line":29,"column":25}}],"line":29},"2":{"loc":{"start":{"line":29,"column":27},"end":{"line":29,"column":37}},"type":"default-arg","locations":[{"start":{"line":29,"column":35},"end":{"line":29,"column":37}}],"line":29},"3":{"loc":{"start":{"line":37,"column":1},"end":{"line":40,"column":2}},"type":"if","locations":[{"start":{"line":37,"column":1},"end":{"line":40,"column":2}},{"start":{},"end":{}}],"line":37},"4":{"loc":{"start":{"line":54,"column":1},"end":{"line":57,"column":2}},"type":"if","locations":[{"start":{"line":54,"column":1},"end":{"line":57,"column":2}},{"start":{},"end":{}}],"line":54},"5":{"loc":{"start":{"line":89,"column":10},"end":{"line":89,"column":18}},"type":"default-arg","locations":[{"start":{"line":89,"column":17},"end":{"line":89,"column":18}}],"line":89},"6":{"loc":{"start":{"line":89,"column":20},"end":{"line":89,"column":30}},"type":"default-arg","locations":[{"start":{"line":89,"column":28},"end":{"line":89,"column":30}}],"line":89},"7":{"loc":{"start":{"line":96,"column":2},"end":{"line":99,"column":3}},"type":"if","locations":[{"start":{"line":96,"column":2},"end":{"line":99,"column":3}},{"start":{},"end":{}}],"line":96},"8":{"loc":{"start":{"line":115,"column":2},"end":{"line":118,"column":3}},"type":"if","locations":[{"start":{"line":115,"column":2},"end":{"line":118,"column":3}},{"start":{},"end":{}}],"line":115},"9":{"loc":{"start":{"line":135,"column":2},"end":{"line":137,"column":3}},"type":"if","locations":[{"start":{"line":135,"column":2},"end":{"line":137,"column":3}},{"start":{},"end":{}}],"line":135},"10":{"loc":{"start":{"line":157,"column":2},"end":{"line":159,"column":3}},"type":"if","locations":[{"start":{"line":157,"column":2},"end":{"line":159,"column":3}},{"start":{},"end":{}}],"line":157},"11":{"loc":{"start":{"line":167,"column":2},"end":{"line":169,"column":3}},"type":"if","locations":[{"start":{"line":167,"column":2},"end":{"line":169,"column":3}},{"start":{},"end":{}}],"line":167},"12":{"loc":{"start":{"line":194,"column":3},"end":{"line":198,"column":4}},"type":"if","locations":[{"start":{"line":194,"column":3},"end":{"line":198,"column":4}},{"start":{},"end":{}}],"line":194},"13":{"loc":{"start":{"line":212,"column":3},"end":{"line":214,"column":4}},"type":"if","locations":[{"start":{"line":212,"column":3},"end":{"line":214,"column":4}},{"start":{},"end":{}}],"line":212},"14":{"loc":{"start":{"line":262,"column":3},"end":{"line":264,"column":4}},"type":"if","locations":[{"start":{"line":262,"column":3},"end":{"line":264,"column":4}},{"start":{},"end":{}}],"line":262},"15":{"loc":{"start":{"line":273,"column":3},"end":{"line":275,"column":4}},"type":"if","locations":[{"start":{"line":273,"column":3},"end":{"line":275,"column":4}},{"start":{},"end":{}}],"line":273},"16":{"loc":{"start":{"line":300,"column":3},"end":{"line":302,"column":4}},"type":"if","locations":[{"start":{"line":300,"column":3},"end":{"line":302,"column":4}},{"start":{},"end":{}}],"line":300},"17":{"loc":{"start":{"line":311,"column":3},"end":{"line":313,"column":4}},"type":"if","locations":[{"start":{"line":311,"column":3},"end":{"line":313,"column":4}},{"start":{},"end":{}}],"line":311}},"s":{"0":25,"1":25,"2":25,"3":25,"4":25,"5":25,"6":25,"7":25,"8":25,"9":25,"10":0,"11":0,"12":0,"13":0,"14":0,"15":0,"16":0,"17":0,"18":0,"19":0,"20":0,"21":0,"22":0,"23":0,"24":0,"25":0,"26":0,"27":0,"28":0,"29":0,"30":0,"31":0,"32":0,"33":25,"34":13,"35":13,"36":13,"37":13,"38":13,"39":13,"40":13,"41":3,"42":3,"43":13,"44":13,"45":13,"46":11,"47":11,"48":11,"49":3,"50":3,"51":11,"52":11,"53":11,"54":2,"55":0,"56":2,"57":25,"58":7,"59":7,"60":7,"61":7,"62":6,"63":4,"64":2,"65":1,"66":0,"67":1,"68":25,"69":8,"70":8,"71":8,"72":8,"73":6,"74":2,"75":4,"76":3,"77":3,"78":0,"79":3,"80":25,"81":6,"82":6,"83":6,"84":6,"85":6,"86":6,"87":6,"88":6,"89":8,"90":8,"91":8,"92":6,"93":6,"94":6,"95":6,"96":5,"97":2,"98":3,"99":1,"100":0,"101":1,"102":25,"103":5,"104":5,"105":5,"106":5,"107":4,"108":2,"109":2,"110":1,"111":0,"112":1,"113":25},"f":{"0":0,"1":13,"2":7,"3":8,"4":6,"5":8,"6":5},"b":{"0":[0],"1":[0],"2":[0],"3":[0,0],"4":[0,0],"5":[9],"6":[9],"7":[3,10],"8":[3,8],"9":[0,2],"10":[4,2],"11":[0,1],"12":[2,4],"13":[0,3],"14":[2,3],"15":[0,1],"16":[2,2],"17":[0,1]},"_coverageSchema":"1a1c01bbd47fc00a2c39e90264f33305004495a9","hash":"ca4e81622c27edd10f16b37fa7b947a353055751"}
}


