{"total": {"lines":{"total":476,"covered":373,"skipped":0,"pct":78.36},"statements":{"total":481,"covered":377,"skipped":0,"pct":78.37},"functions":{"total":53,"covered":41,"skipped":0,"pct":77.35},"branches":{"total":229,"covered":161,"skipped":0,"pct":70.3},"branchesTrue":{"total":0,"covered":0,"skipped":0,"pct":100}}
,"C:\\Users\\LENOVO\\Documents\\Workshop AI\\book-catalog\\backend\\db.js": {"lines":{"total":5,"covered":0,"skipped":0,"pct":0},"functions":{"total":1,"covered":0,"skipped":0,"pct":0},"statements":{"total":5,"covered":0,"skipped":0,"pct":0},"branches":{"total":0,"covered":0,"skipped":0,"pct":100}}
,"C:\\Users\\LENOVO\\Documents\\Workshop AI\\book-catalog\\backend\\server.js": {"lines":{"total":90,"covered":66,"skipped":0,"pct":73.33},"functions":{"total":11,"covered":5,"skipped":0,"pct":45.45},"statements":{"total":90,"covered":66,"skipped":0,"pct":73.33},"branches":{"total":33,"covered":25,"skipped":0,"pct":75.75}}
,"C:\\Users\\LENOVO\\Documents\\Workshop AI\\book-catalog\\backend\\config\\config.js": {"lines":{"total":18,"covered":13,"skipped":0,"pct":72.22},"functions":{"total":3,"covered":2,"skipped":0,"pct":66.66},"statements":{"total":20,"covered":15,"skipped":0,"pct":75},"branches":{"total":20,"covered":16,"skipped":0,"pct":80}}
,"C:\\Users\\LENOVO\\Documents\\Workshop AI\\book-catalog\\backend\\middlewares\\authMiddleware.js": {"lines":{"total":18,"covered":17,"skipped":0,"pct":94.44},"functions":{"total":2,"covered":2,"skipped":0,"pct":100},"statements":{"total":19,"covered":18,"skipped":0,"pct":94.73},"branches":{"total":10,"covered":9,"skipped":0,"pct":90}}
,"C:\\Users\\LENOVO\\Documents\\Workshop AI\\book-catalog\\backend\\middlewares\\errorHandler.js": {"lines":{"total":53,"covered":45,"skipped":0,"pct":84.9},"functions":{"total":5,"covered":3,"skipped":0,"pct":60},"statements":{"total":54,"covered":46,"skipped":0,"pct":85.18},"branches":{"total":32,"covered":31,"skipped":0,"pct":96.87}}
,"C:\\Users\\LENOVO\\Documents\\Workshop AI\\book-catalog\\backend\\middlewares\\logger.js": {"lines":{"total":55,"covered":47,"skipped":0,"pct":85.45},"functions":{"total":7,"covered":7,"skipped":0,"pct":100},"statements":{"total":55,"covered":47,"skipped":0,"pct":85.45},"branches":{"total":45,"covered":27,"skipped":0,"pct":60}}
,"C:\\Users\\LENOVO\\Documents\\Workshop AI\\book-catalog\\backend\\middlewares\\rateLimiter.js": {"lines":{"total":23,"covered":14,"skipped":0,"pct":60.86},"functions":{"total":4,"covered":3,"skipped":0,"pct":75},"statements":{"total":23,"covered":14,"skipped":0,"pct":60.86},"branches":{"total":17,"covered":8,"skipped":0,"pct":47.05}}
,"C:\\Users\\LENOVO\\Documents\\Workshop AI\\book-catalog\\backend\\middlewares\\validation.js": {"lines":{"total":42,"covered":42,"skipped":0,"pct":100},"functions":{"total":8,"covered":8,"skipped":0,"pct":100},"statements":{"total":43,"covered":42,"skipped":0,"pct":97.67},"branches":{"total":15,"covered":13,"skipped":0,"pct":86.66}}
,"C:\\Users\\LENOVO\\Documents\\Workshop AI\\book-catalog\\backend\\routes\\authRoutes.js": {"lines":{"total":58,"covered":43,"skipped":0,"pct":74.13},"functions":{"total":5,"covered":5,"skipped":0,"pct":100},"statements":{"total":58,"covered":43,"skipped":0,"pct":74.13},"branches":{"total":26,"covered":13,"skipped":0,"pct":50}}
,"C:\\Users\\LENOVO\\Documents\\Workshop AI\\book-catalog\\backend\\routes\\bookRoutes.js": {"lines":{"total":114,"covered":86,"skipped":0,"pct":75.43},"functions":{"total":7,"covered":6,"skipped":0,"pct":85.71},"statements":{"total":114,"covered":86,"skipped":0,"pct":75.43},"branches":{"total":31,"covered":19,"skipped":0,"pct":61.29}}
}
