TN:
SF:backend\db.js
FN:26,(anonymous_0)
FNF:1
FNH:0
FNDA:0,(anonymous_0)
DA:17,4
DA:18,4
DA:20,4
DA:25,4
DA:26,0
LF:5
LH:4
BRF:0
BRH:0
end_of_record
TN:
SF:backend\server.js
FN:73,(anonymous_0)
FN:129,(anonymous_1)
FN:167,(anonymous_2)
FN:205,(anonymous_3)
FN:222,(anonymous_4)
FN:238,(anonymous_5)
FN:273,(anonymous_6)
FN:286,(anonymous_7)
FN:288,(anonymous_8)
FN:294,(anonymous_9)
FN:296,(anonymous_10)
FNF:11
FNH:2
FNDA:0,(anonymous_0)
FNDA:24,(anonymous_1)
FNDA:23,(anonymous_2)
FNDA:0,(anonymous_3)
FNDA:0,(anonymous_4)
FNDA:0,(anonymous_5)
FNDA:0,(anonymous_6)
FNDA:0,(anonymous_7)
FNDA:0,(anonymous_8)
FNDA:0,(anonymous_9)
FNDA:0,(anonymous_10)
DA:2,1
DA:3,1
DA:4,1
DA:5,1
DA:6,1
DA:7,1
DA:8,1
DA:11,1
DA:12,1
DA:13,1
DA:14,1
DA:15,1
DA:18,1
DA:19,1
DA:23,1
DA:25,1
DA:32,1
DA:33,1
DA:34,1
DA:35,1
DA:36,1
DA:40,1
DA:41,1
DA:44,0
DA:51,1
DA:56,1
DA:63,1
DA:64,1
DA:65,1
DA:71,1
DA:72,1
DA:73,1
DA:75,0
DA:76,0
DA:78,0
DA:82,1
DA:100,1
DA:123,1
DA:124,0
DA:125,0
DA:129,1
DA:131,24
DA:132,24
DA:138,24
DA:143,1
DA:145,1
DA:153,1
DA:163,1
DA:164,1
DA:167,1
DA:168,23
DA:172,0
DA:174,23
DA:178,1
DA:181,1
DA:188,1
DA:198,1
DA:205,1
DA:206,0
DA:216,1
DA:217,1
DA:220,1
DA:221,0
DA:222,0
DA:223,0
DA:238,1
DA:239,0
DA:240,0
DA:250,0
DA:264,1
DA:271,1
DA:273,0
DA:274,0
DA:275,0
DA:276,0
DA:277,0
DA:279,0
DA:280,0
DA:281,0
DA:286,0
DA:287,0
DA:288,0
DA:289,0
DA:290,0
DA:294,0
DA:295,0
DA:296,0
DA:297,0
DA:298,0
DA:303,1
LF:90
LH:58
BRDA:34,0,0,1
BRDA:34,0,1,0
BRDA:40,1,0,1
BRDA:40,1,1,0
BRDA:71,2,0,1
BRDA:71,2,1,0
BRDA:75,3,0,0
BRDA:75,3,1,0
BRDA:75,4,0,0
BRDA:75,4,1,0
BRDA:84,5,0,1
BRDA:84,5,1,0
BRDA:123,6,0,0
BRDA:123,6,1,1
BRDA:131,7,0,24
BRDA:131,7,1,0
BRDA:134,8,0,24
BRDA:134,8,1,24
BRDA:168,9,0,0
BRDA:168,9,1,23
BRDA:169,10,0,23
BRDA:169,10,1,16
BRDA:169,10,2,10
BRDA:210,11,0,0
BRDA:210,11,1,0
BRDA:220,12,0,0
BRDA:220,12,1,1
BRDA:239,13,0,0
BRDA:239,13,1,0
BRDA:271,14,0,0
BRDA:271,14,1,1
BRDA:279,15,0,0
BRDA:279,15,1,0
BRF:33
BRH:14
end_of_record
TN:
SF:backend\config\config.js
FN:22,(anonymous_0)
FN:71,(anonymous_1)
FN:75,(anonymous_2)
FNF:3
FNH:2
FNDA:32,(anonymous_0)
FNDA:96,(anonymous_1)
FNDA:0,(anonymous_2)
DA:1,24
DA:3,24
DA:24,32
DA:26,7
DA:34,7
DA:35,5
DA:37,2
DA:38,1
DA:40,2
DA:64,24
DA:71,96
DA:73,24
DA:74,0
DA:75,0
DA:76,0
DA:78,0
DA:81,0
DA:84,24
LF:18
LH:13
BRDA:5,0,0,24
BRDA:5,0,1,0
BRDA:6,1,0,24
BRDA:6,1,1,0
BRDA:17,2,0,24
BRDA:17,2,1,23
BRDA:24,3,0,25
BRDA:24,3,1,7
BRDA:34,4,0,5
BRDA:34,4,1,2
BRDA:37,5,0,1
BRDA:37,5,1,1
BRDA:57,6,0,2
BRDA:57,6,1,22
BRDA:58,7,0,2
BRDA:58,7,1,22
BRDA:59,8,0,2
BRDA:59,8,1,22
BRDA:73,9,0,0
BRDA:73,9,1,24
BRF:20
BRH:17
end_of_record
TN:
SF:backend\middlewares\authMiddleware.js
FN:4,(anonymous_0)
FN:21,(anonymous_1)
FNF:2
FNH:2
FNDA:38,(anonymous_0)
FNDA:12,(anonymous_1)
DA:1,2
DA:2,2
DA:4,2
DA:5,38
DA:6,38
DA:7,22
DA:11,16
DA:12,16
DA:13,4
DA:16,12
DA:17,12
DA:18,0
DA:21,12
DA:22,12
DA:24,5
DA:25,5
DA:26,5
DA:27,5
LF:18
LH:17
BRDA:6,0,0,22
BRDA:6,0,1,16
BRDA:12,1,0,4
BRDA:12,1,1,12
BRDA:12,2,0,16
BRDA:12,2,1,12
BRDA:17,3,0,0
BRDA:17,3,1,12
BRDA:22,4,0,7
BRDA:22,4,1,5
BRF:10
BRH:9
end_of_record
TN:
SF:backend\middlewares\errorHandler.js
FN:7,(anonymous_0)
FN:17,(anonymous_1)
FN:51,(anonymous_2)
FN:102,(anonymous_3)
FN:112,(anonymous_4)
FNF:5
FNH:3
FNDA:53,(anonymous_0)
FNDA:37,(anonymous_1)
FNDA:2,(anonymous_2)
FNDA:0,(anonymous_3)
FNDA:0,(anonymous_4)
DA:8,53
DA:9,53
DA:10,53
DA:11,53
DA:13,53
DA:17,6
DA:19,37
DA:20,1
DA:21,1
DA:24,37
DA:25,37
DA:28,37
DA:29,3
DA:30,3
DA:31,3
DA:32,2
DA:37,37
DA:38,1
DA:39,1
DA:43,37
DA:44,1
DA:45,1
DA:46,1
DA:50,37
DA:51,2
DA:52,1
DA:53,1
DA:57,37
DA:58,1
DA:59,1
DA:62,37
DA:63,1
DA:64,1
DA:68,37
DA:70,1
DA:71,1
DA:74,37
DA:76,1
DA:77,1
DA:81,37
DA:82,37
DA:85,37
DA:102,6
DA:103,0
DA:104,0
DA:105,0
DA:108,0
DA:112,6
DA:113,0
DA:114,0
DA:115,0
DA:118,0
DA:121,6
LF:53
LH:45
BRDA:10,0,0,48
BRDA:10,0,1,5
BRDA:19,1,0,1
BRDA:19,1,1,36
BRDA:25,2,0,37
BRDA:25,2,1,1
BRDA:28,3,0,3
BRDA:28,3,1,34
BRDA:31,4,0,2
BRDA:31,4,1,1
BRDA:37,5,0,1
BRDA:37,5,1,36
BRDA:43,6,0,1
BRDA:43,6,1,36
BRDA:50,7,0,1
BRDA:50,7,1,36
BRDA:57,8,0,1
BRDA:57,8,1,36
BRDA:62,9,0,1
BRDA:62,9,1,36
BRDA:68,10,0,1
BRDA:68,10,1,36
BRDA:74,11,0,1
BRDA:74,11,1,36
BRDA:81,12,0,37
BRDA:81,12,1,3
BRDA:82,13,0,37
BRDA:82,13,1,5
BRDA:89,14,0,37
BRDA:89,14,1,0
BRDA:90,15,0,37
BRDA:90,15,1,2
BRF:32
BRH:31
end_of_record
TN:
SF:backend\middlewares\logger.js
FN:6,(anonymous_0)
FN:10,(anonymous_1)
FN:75,(anonymous_2)
FN:76,(anonymous_3)
FN:102,(anonymous_4)
FN:110,(anonymous_5)
FN:121,(anonymous_6)
FNF:7
FNH:7
FNDA:12,(anonymous_0)
FNDA:4,(anonymous_1)
FNDA:21,(anonymous_2)
FNDA:21,(anonymous_3)
FNDA:3,(anonymous_4)
FNDA:2,(anonymous_5)
FNDA:3,(anonymous_6)
DA:6,5
DA:7,12
DA:10,12
DA:11,4
DA:12,4
DA:15,4
DA:26,4
DA:27,0
DA:31,4
DA:32,0
DA:35,0
DA:36,0
DA:38,0
DA:39,0
DA:42,0
DA:46,4
DA:47,4
DA:48,1
DA:49,3
DA:50,0
DA:54,4
DA:55,4
DA:60,4
DA:61,4
DA:67,12
DA:68,11
DA:71,12
DA:75,5
DA:76,21
DA:77,21
DA:78,21
DA:79,21
DA:81,21
DA:82,2
DA:83,2
DA:85,2
DA:86,1
DA:90,21
DA:95,5
DA:102,5
DA:103,3
DA:105,3
DA:106,3
DA:109,3
DA:110,3
DA:111,2
DA:112,2
DA:114,2
DA:117,3
DA:121,5
DA:122,3
DA:123,3
DA:124,3
DA:126,3
DA:136,5
LF:55
LH:47
BRDA:18,0,0,4
BRDA:18,0,1,0
BRDA:19,1,0,4
BRDA:19,1,1,0
BRDA:19,1,2,0
BRDA:20,2,0,4
BRDA:20,2,1,0
BRDA:20,3,0,0
BRDA:20,3,1,0
BRDA:26,4,0,0
BRDA:26,4,1,4
BRDA:31,5,0,0
BRDA:31,5,1,4
BRDA:31,6,0,4
BRDA:31,6,1,0
BRDA:35,7,0,0
BRDA:35,7,1,0
BRDA:38,8,0,0
BRDA:38,8,1,0
BRDA:47,9,0,1
BRDA:47,9,1,3
BRDA:47,10,0,4
BRDA:47,10,1,1
BRDA:49,11,0,0
BRDA:49,11,1,3
BRDA:54,12,0,4
BRDA:54,12,1,0
BRDA:60,13,0,4
BRDA:60,13,1,0
BRDA:67,14,0,11
BRDA:67,14,1,1
BRDA:67,15,0,12
BRDA:67,15,1,12
BRDA:78,16,0,21
BRDA:78,16,1,0
BRDA:81,17,0,2
BRDA:81,17,1,19
BRDA:85,18,0,1
BRDA:85,18,1,1
BRDA:105,19,0,3
BRDA:105,19,1,0
BRDA:106,20,0,3
BRDA:106,20,1,1
BRDA:111,21,0,2
BRDA:111,21,1,0
BRF:45
BRH:26
end_of_record
TN:
SF:backend\middlewares\rateLimiter.js
FN:9,(anonymous_0)
FN:29,(anonymous_1)
FN:38,(anonymous_2)
FN:111,(anonymous_3)
FNF:4
FNH:3
FNDA:35,(anonymous_0)
FNDA:37,(anonymous_1)
FNDA:0,(anonymous_2)
FNDA:3,(anonymous_3)
DA:1,5
DA:2,5
DA:9,5
DA:15,35
DA:31,37
DA:32,25
DA:34,1
DA:36,24
DA:40,0
DA:41,0
DA:42,0
DA:44,0
DA:45,0
DA:50,0
DA:54,0
DA:55,0
DA:60,0
DA:76,5
DA:83,5
DA:91,5
DA:98,5
DA:104,5
DA:112,3
LF:23
LH:14
BRDA:13,0,0,28
BRDA:32,1,0,1
BRDA:32,1,1,24
BRDA:41,2,0,0
BRDA:41,2,1,0
BRDA:42,3,0,0
BRDA:42,3,1,0
BRDA:44,4,0,0
BRDA:44,4,1,0
BRDA:54,5,0,0
BRDA:54,5,1,0
BRDA:85,6,0,0
BRDA:85,6,1,5
BRDA:93,7,0,0
BRDA:93,7,1,5
BRDA:114,8,0,0
BRDA:114,8,1,3
BRF:17
BRH:6
end_of_record
TN:
SF:backend\middlewares\validation.js
FN:60,(anonymous_0)
FN:61,(anonymous_1)
FN:72,(anonymous_2)
FN:91,(anonymous_3)
FN:105,(anonymous_4)
FN:116,(anonymous_5)
FN:118,(anonymous_6)
FN:127,(anonymous_7)
FNF:8
FNH:8
FNDA:20,(anonymous_0)
FNDA:53,(anonymous_1)
FNDA:31,(anonymous_2)
FNDA:1,(anonymous_3)
FNDA:1,(anonymous_4)
FNDA:29,(anonymous_5)
FNDA:34,(anonymous_6)
FNDA:61,(anonymous_7)
DA:1,5
DA:2,5
DA:9,5
DA:60,5
DA:61,20
DA:62,53
DA:64,53
DA:70,53
DA:71,26
DA:72,31
DA:75,26
DA:79,27
DA:80,27
DA:85,5
DA:86,5
DA:87,5
DA:88,5
DA:91,5
DA:92,1
DA:97,1
DA:103,1
DA:104,1
DA:105,1
DA:108,1
DA:111,0
DA:112,0
DA:116,5
DA:118,29
DA:119,34
DA:120,34
DA:127,29
DA:128,61
DA:129,60
DA:130,40
DA:131,34
DA:132,6
DA:133,3
DA:137,61
DA:140,29
DA:141,29
DA:143,29
DA:146,5
LF:42
LH:40
BRDA:60,0,0,0
BRDA:70,1,0,26
BRDA:70,1,1,27
BRDA:103,2,0,1
BRDA:103,2,1,0
BRDA:119,3,0,0
BRDA:119,3,1,34
BRDA:128,4,0,60
BRDA:128,4,1,1
BRDA:128,5,0,61
BRDA:128,5,1,60
BRDA:130,6,0,34
BRDA:130,6,1,6
BRDA:132,7,0,3
BRDA:132,7,1,3
BRF:15
BRH:12
end_of_record
TN:
SF:backend\routes\authRoutes.js
FN:26,(anonymous_0)
FN:83,(anonymous_1)
FN:153,(anonymous_2)
FN:180,(anonymous_3)
FN:209,(anonymous_4)
FNF:5
FNH:5
FNDA:7,(anonymous_0)
FNDA:6,(anonymous_1)
FNDA:2,(anonymous_2)
FNDA:2,(anonymous_3)
FNDA:2,(anonymous_4)
DA:1,3
DA:2,3
DA:3,3
DA:4,3
DA:5,3
DA:6,3
DA:7,3
DA:8,3
DA:10,3
DA:13,3
DA:22,3
DA:27,7
DA:28,7
DA:29,0
DA:31,7
DA:34,7
DA:39,5
DA:40,1
DA:41,0
DA:43,1
DA:53,4
DA:66,2
DA:67,0
DA:69,2
DA:79,3
DA:84,6
DA:85,6
DA:86,0
DA:88,6
DA:91,6
DA:96,5
DA:97,2
DA:98,0
DA:100,2
DA:111,3
DA:122,3
DA:135,1
DA:136,0
DA:138,1
DA:150,3
DA:154,2
DA:155,2
DA:164,0
DA:165,0
DA:167,0
DA:177,3
DA:181,2
DA:183,2
DA:193,0
DA:194,0
DA:196,0
DA:206,3
DA:210,2
DA:212,2
DA:223,0
DA:224,0
DA:226,0
DA:231,3
LF:58
LH:43
BRDA:28,0,0,0
BRDA:28,0,1,7
BRDA:39,1,0,1
BRDA:39,1,1,4
BRDA:40,2,0,0
BRDA:40,2,1,1
BRDA:66,3,0,0
BRDA:66,3,1,2
BRDA:85,4,0,0
BRDA:85,4,1,6
BRDA:96,5,0,2
BRDA:96,5,1,3
BRDA:97,6,0,0
BRDA:97,6,1,2
BRDA:135,7,0,0
BRDA:135,7,1,1
BRDA:164,8,0,0
BRDA:164,8,1,0
BRDA:187,9,0,2
BRDA:187,9,1,0
BRDA:193,10,0,0
BRDA:193,10,1,0
BRDA:217,11,0,2
BRDA:217,11,1,2
BRDA:223,12,0,0
BRDA:223,12,1,0
BRF:26
BRH:13
end_of_record
TN:
SF:backend\routes\labRoutes.js
FN:24,(anonymous_0)
FN:82,(anonymous_1)
FN:145,(anonymous_2)
FN:181,(anonymous_3)
FN:228,(anonymous_4)
FN:239,(anonymous_5)
FN:288,(anonymous_6)
FNF:7
FNH:3
FNDA:0,(anonymous_0)
FNDA:4,(anonymous_1)
FNDA:2,(anonymous_2)
FNDA:3,(anonymous_3)
FNDA:0,(anonymous_4)
FNDA:0,(anonymous_5)
FNDA:0,(anonymous_6)
DA:1,3
DA:2,3
DA:3,3
DA:8,3
DA:9,3
DA:10,3
DA:11,3
DA:13,3
DA:14,3
DA:24,3
DA:25,0
DA:26,0
DA:27,0
DA:28,0
DA:29,0
DA:30,0
DA:32,0
DA:33,0
DA:35,0
DA:36,0
DA:37,0
DA:40,0
DA:45,0
DA:47,0
DA:50,0
DA:51,0
DA:52,0
DA:53,0
DA:54,0
DA:56,0
DA:57,0
DA:59,0
DA:72,0
DA:82,3
DA:83,4
DA:84,4
DA:87,4
DA:88,4
DA:90,4
DA:91,4
DA:94,4
DA:95,1
DA:96,1
DA:100,4
DA:105,4
DA:107,4
DA:110,3
DA:111,3
DA:113,3
DA:114,1
DA:115,1
DA:118,3
DA:119,3
DA:121,3
DA:133,1
DA:134,0
DA:136,1
DA:145,3
DA:146,2
DA:147,2
DA:148,2
DA:150,2
DA:155,2
DA:156,2
DA:159,0
DA:165,0
DA:166,0
DA:168,0
DA:177,3
DA:182,3
DA:183,3
DA:184,3
DA:187,3
DA:192,3
DA:193,1
DA:198,2
DA:203,2
DA:210,0
DA:211,0
DA:213,0
DA:223,3
DA:229,0
DA:230,0
DA:231,0
DA:232,0
DA:235,0
DA:236,0
DA:237,0
DA:239,0
DA:240,0
DA:241,0
DA:242,0
DA:246,0
DA:249,0
DA:251,0
DA:258,0
DA:260,0
DA:261,0
DA:264,0
DA:271,0
DA:272,0
DA:274,0
DA:284,3
DA:289,0
DA:290,0
DA:291,0
DA:293,0
DA:298,0
DA:299,0
DA:302,0
DA:309,0
DA:310,0
DA:312,0
DA:317,3
LF:114
LH:52
BRDA:27,0,0,0
BRDA:27,1,0,0
BRDA:27,2,0,0
BRDA:35,3,0,0
BRDA:35,3,1,0
BRDA:52,4,0,0
BRDA:52,4,1,0
BRDA:87,5,0,3
BRDA:87,6,0,3
BRDA:94,7,0,1
BRDA:94,7,1,3
BRDA:113,8,0,1
BRDA:113,8,1,2
BRDA:133,9,0,0
BRDA:133,9,1,1
BRDA:155,10,0,2
BRDA:155,10,1,0
BRDA:165,11,0,0
BRDA:165,11,1,0
BRDA:192,12,0,1
BRDA:192,12,1,2
BRDA:210,13,0,0
BRDA:210,13,1,0
BRDA:260,14,0,0
BRDA:260,14,1,0
BRDA:271,15,0,0
BRDA:271,15,1,0
BRDA:298,16,0,0
BRDA:298,16,1,0
BRDA:309,17,0,0
BRDA:309,17,1,0
BRF:31
BRH:10
end_of_record
