TN:
SF:backend\db.js
FN:26,(anonymous_0)
FNF:1
FNH:0
FNDA:0,(anonymous_0)
DA:17,0
DA:18,0
DA:20,0
DA:25,0
DA:26,0
LF:5
LH:0
BRF:0
BRH:0
end_of_record
TN:
SF:backend\server.js
FN:70,(anonymous_0)
FN:126,(anonymous_1)
FN:163,(anonymous_2)
FN:198,(anonymous_3)
FN:215,(anonymous_4)
FN:231,(anonymous_5)
FN:266,(anonymous_6)
FN:279,(anonymous_7)
FN:281,(anonymous_8)
FN:287,(anonymous_9)
FN:289,(anonymous_10)
FNF:11
FNH:5
FNDA:2,(anonymous_0)
FNDA:80,(anonymous_1)
FNDA:77,(anonymous_2)
FNDA:10,(anonymous_3)
FNDA:0,(anonymous_4)
FNDA:9,(anonymous_5)
FNDA:0,(anonymous_6)
FNDA:0,(anonymous_7)
FNDA:0,(anonymous_8)
FNDA:0,(anonymous_9)
FNDA:0,(anonymous_10)
DA:2,23
DA:3,23
DA:4,23
DA:5,23
DA:6,23
DA:7,23
DA:8,23
DA:11,23
DA:12,23
DA:13,23
DA:14,23
DA:15,23
DA:18,23
DA:19,23
DA:23,23
DA:25,23
DA:32,23
DA:33,23
DA:34,23
DA:35,23
DA:36,23
DA:40,23
DA:41,23
DA:44,0
DA:51,0
DA:53,0
DA:60,23
DA:61,23
DA:62,23
DA:68,23
DA:69,20
DA:70,20
DA:72,2
DA:73,2
DA:75,0
DA:79,23
DA:97,23
DA:120,23
DA:121,3
DA:122,3
DA:126,23
DA:128,80
DA:129,63
DA:134,80
DA:139,23
DA:141,23
DA:149,23
DA:159,23
DA:160,23
DA:163,23
DA:164,77
DA:165,0
DA:167,77
DA:171,23
DA:174,23
DA:181,23
DA:191,23
DA:198,23
DA:199,10
DA:209,23
DA:210,23
DA:213,23
DA:214,1
DA:215,1
DA:216,0
DA:231,23
DA:232,9
DA:233,5
DA:243,4
DA:257,23
DA:264,23
DA:266,0
DA:267,0
DA:268,0
DA:269,0
DA:270,0
DA:272,0
DA:273,0
DA:274,0
DA:279,0
DA:280,0
DA:281,0
DA:282,0
DA:283,0
DA:287,0
DA:288,0
DA:289,0
DA:290,0
DA:291,0
DA:296,23
LF:90
LH:66
BRDA:34,0,0,23
BRDA:34,0,1,0
BRDA:40,1,0,23
BRDA:40,1,1,0
BRDA:68,2,0,20
BRDA:68,2,1,3
BRDA:72,3,0,2
BRDA:72,3,1,0
BRDA:72,4,0,2
BRDA:72,4,1,2
BRDA:81,5,0,23
BRDA:81,5,1,16
BRDA:120,6,0,3
BRDA:120,6,1,20
BRDA:128,7,0,63
BRDA:128,7,1,17
BRDA:130,8,0,63
BRDA:130,8,1,63
BRDA:164,9,0,0
BRDA:164,9,1,77
BRDA:164,10,0,77
BRDA:164,10,1,49
BRDA:164,10,2,31
BRDA:203,11,0,10
BRDA:203,11,1,0
BRDA:213,12,0,1
BRDA:213,12,1,22
BRDA:232,13,0,5
BRDA:232,13,1,4
BRDA:264,14,0,0
BRDA:264,14,1,23
BRDA:272,15,0,0
BRDA:272,15,1,0
BRF:33
BRH:25
end_of_record
TN:
SF:backend\config\config.js
FN:22,(anonymous_0)
FN:71,(anonymous_1)
FN:75,(anonymous_2)
FNF:3
FNH:2
FNDA:86,(anonymous_0)
FNDA:184,(anonymous_1)
FNDA:0,(anonymous_2)
DA:1,46
DA:3,46
DA:24,86
DA:26,7
DA:34,7
DA:35,5
DA:37,2
DA:38,1
DA:40,2
DA:64,46
DA:71,184
DA:73,46
DA:74,0
DA:75,0
DA:76,0
DA:78,0
DA:81,0
DA:84,46
LF:18
LH:13
BRDA:5,0,0,46
BRDA:5,0,1,0
BRDA:6,1,0,46
BRDA:6,1,1,0
BRDA:17,2,0,46
BRDA:17,2,1,0
BRDA:24,3,0,79
BRDA:24,3,1,7
BRDA:34,4,0,5
BRDA:34,4,1,2
BRDA:37,5,0,1
BRDA:37,5,1,1
BRDA:57,6,0,3
BRDA:57,6,1,43
BRDA:58,7,0,3
BRDA:58,7,1,43
BRDA:59,8,0,3
BRDA:59,8,1,43
BRDA:73,9,0,0
BRDA:73,9,1,46
BRF:20
BRH:16
end_of_record
TN:
SF:backend\middlewares\authMiddleware.js
FN:4,(anonymous_0)
FN:21,(anonymous_1)
FNF:2
FNH:2
FNDA:50,(anonymous_0)
FNDA:13,(anonymous_1)
DA:1,24
DA:2,24
DA:4,24
DA:5,50
DA:6,50
DA:7,32
DA:11,18
DA:12,18
DA:13,5
DA:16,13
DA:17,13
DA:18,0
DA:21,13
DA:22,13
DA:24,5
DA:25,5
DA:26,5
DA:27,5
LF:18
LH:17
BRDA:6,0,0,32
BRDA:6,0,1,18
BRDA:12,1,0,5
BRDA:12,1,1,13
BRDA:12,2,0,18
BRDA:12,2,1,13
BRDA:17,3,0,0
BRDA:17,3,1,13
BRDA:22,4,0,8
BRDA:22,4,1,5
BRF:10
BRH:9
end_of_record
TN:
SF:backend\middlewares\errorHandler.js
FN:7,(anonymous_0)
FN:17,(anonymous_1)
FN:51,(anonymous_2)
FN:102,(anonymous_3)
FN:112,(anonymous_4)
FNF:5
FNH:3
FNDA:88,(anonymous_0)
FNDA:74,(anonymous_1)
FNDA:2,(anonymous_2)
FNDA:0,(anonymous_3)
FNDA:0,(anonymous_4)
DA:8,88
DA:9,88
DA:10,88
DA:11,88
DA:13,88
DA:17,28
DA:19,74
DA:20,1
DA:21,1
DA:24,74
DA:25,74
DA:28,74
DA:29,3
DA:30,3
DA:31,3
DA:32,2
DA:37,74
DA:38,1
DA:39,1
DA:43,74
DA:44,1
DA:45,1
DA:46,1
DA:50,74
DA:51,2
DA:52,1
DA:53,1
DA:57,74
DA:58,1
DA:59,1
DA:62,74
DA:63,1
DA:64,1
DA:68,74
DA:70,1
DA:71,1
DA:74,74
DA:76,1
DA:77,1
DA:81,74
DA:82,74
DA:85,74
DA:102,28
DA:103,0
DA:104,0
DA:105,0
DA:108,0
DA:112,28
DA:113,0
DA:114,0
DA:115,0
DA:118,0
DA:121,28
LF:53
LH:45
BRDA:10,0,0,68
BRDA:10,0,1,20
BRDA:19,1,0,1
BRDA:19,1,1,73
BRDA:25,2,0,74
BRDA:25,2,1,1
BRDA:28,3,0,3
BRDA:28,3,1,71
BRDA:31,4,0,2
BRDA:31,4,1,1
BRDA:37,5,0,1
BRDA:37,5,1,73
BRDA:43,6,0,1
BRDA:43,6,1,73
BRDA:50,7,0,1
BRDA:50,7,1,73
BRDA:57,8,0,1
BRDA:57,8,1,73
BRDA:62,9,0,1
BRDA:62,9,1,73
BRDA:68,10,0,1
BRDA:68,10,1,73
BRDA:74,11,0,1
BRDA:74,11,1,73
BRDA:81,12,0,74
BRDA:81,12,1,3
BRDA:82,13,0,74
BRDA:82,13,1,5
BRDA:89,14,0,74
BRDA:89,14,1,0
BRDA:90,15,0,74
BRDA:90,15,1,2
BRF:32
BRH:31
end_of_record
TN:
SF:backend\middlewares\logger.js
FN:6,(anonymous_0)
FN:10,(anonymous_1)
FN:75,(anonymous_2)
FN:76,(anonymous_3)
FN:102,(anonymous_4)
FN:110,(anonymous_5)
FN:121,(anonymous_6)
FNF:7
FNH:7
FNDA:12,(anonymous_0)
FNDA:4,(anonymous_1)
FNDA:153,(anonymous_2)
FNDA:47,(anonymous_3)
FNDA:17,(anonymous_4)
FNDA:2,(anonymous_5)
FNDA:3,(anonymous_6)
DA:6,28
DA:7,12
DA:10,12
DA:11,4
DA:12,4
DA:15,4
DA:26,4
DA:27,0
DA:31,4
DA:32,0
DA:35,0
DA:36,0
DA:38,0
DA:39,0
DA:42,0
DA:46,4
DA:47,4
DA:48,1
DA:49,3
DA:50,0
DA:54,4
DA:55,4
DA:60,4
DA:61,4
DA:67,12
DA:68,11
DA:71,12
DA:75,28
DA:76,153
DA:77,47
DA:78,47
DA:79,47
DA:81,47
DA:82,2
DA:83,2
DA:85,2
DA:86,1
DA:90,47
DA:95,28
DA:102,28
DA:103,17
DA:105,17
DA:106,17
DA:109,17
DA:110,17
DA:111,2
DA:112,2
DA:114,2
DA:117,17
DA:121,28
DA:122,3
DA:123,3
DA:124,3
DA:126,3
DA:136,28
LF:55
LH:47
BRDA:18,0,0,4
BRDA:18,0,1,0
BRDA:19,1,0,4
BRDA:19,1,1,0
BRDA:19,1,2,0
BRDA:20,2,0,4
BRDA:20,2,1,0
BRDA:20,3,0,0
BRDA:20,3,1,0
BRDA:26,4,0,0
BRDA:26,4,1,4
BRDA:31,5,0,0
BRDA:31,5,1,4
BRDA:31,6,0,4
BRDA:31,6,1,0
BRDA:35,7,0,0
BRDA:35,7,1,0
BRDA:38,8,0,0
BRDA:38,8,1,0
BRDA:47,9,0,1
BRDA:47,9,1,3
BRDA:47,10,0,4
BRDA:47,10,1,1
BRDA:49,11,0,0
BRDA:49,11,1,3
BRDA:54,12,0,4
BRDA:54,12,1,0
BRDA:60,13,0,4
BRDA:60,13,1,0
BRDA:67,14,0,11
BRDA:67,14,1,1
BRDA:67,15,0,12
BRDA:67,15,1,12
BRDA:78,16,0,47
BRDA:78,16,1,0
BRDA:81,17,0,2
BRDA:81,17,1,45
BRDA:85,18,0,1
BRDA:85,18,1,1
BRDA:105,19,0,17
BRDA:105,19,1,14
BRDA:106,20,0,17
BRDA:106,20,1,6
BRDA:111,21,0,2
BRDA:111,21,1,0
BRF:45
BRH:27
end_of_record
TN:
SF:backend\middlewares\rateLimiter.js
FN:9,(anonymous_0)
FN:29,(anonymous_1)
FN:38,(anonymous_2)
FN:111,(anonymous_3)
FNF:4
FNH:3
FNDA:167,(anonymous_0)
FNDA:73,(anonymous_1)
FNDA:0,(anonymous_2)
FNDA:3,(anonymous_3)
DA:1,27
DA:2,27
DA:9,27
DA:15,167
DA:31,73
DA:32,61
DA:34,1
DA:36,60
DA:40,0
DA:41,0
DA:42,0
DA:44,0
DA:45,0
DA:50,0
DA:54,0
DA:55,0
DA:60,0
DA:76,27
DA:83,27
DA:91,27
DA:98,27
DA:104,27
DA:112,3
LF:23
LH:14
BRDA:13,0,0,138
BRDA:32,1,0,1
BRDA:32,1,1,60
BRDA:41,2,0,0
BRDA:41,2,1,0
BRDA:42,3,0,0
BRDA:42,3,1,0
BRDA:44,4,0,0
BRDA:44,4,1,0
BRDA:54,5,0,0
BRDA:54,5,1,0
BRDA:85,6,0,1
BRDA:85,6,1,26
BRDA:93,7,0,1
BRDA:93,7,1,26
BRDA:114,8,0,0
BRDA:114,8,1,3
BRF:17
BRH:8
end_of_record
TN:
SF:backend\middlewares\validation.js
FN:60,(anonymous_0)
FN:61,(anonymous_1)
FN:72,(anonymous_2)
FN:91,(anonymous_3)
FN:105,(anonymous_4)
FN:116,(anonymous_5)
FN:118,(anonymous_6)
FN:127,(anonymous_7)
FNF:8
FNH:8
FNDA:108,(anonymous_0)
FNDA:95,(anonymous_1)
FNDA:47,(anonymous_2)
FNDA:8,(anonymous_3)
FNDA:2,(anonymous_4)
FNDA:83,(anonymous_5)
FNDA:71,(anonymous_6)
FNDA:169,(anonymous_7)
DA:1,27
DA:2,27
DA:9,27
DA:60,27
DA:61,108
DA:62,95
DA:64,95
DA:70,95
DA:71,38
DA:72,47
DA:75,38
DA:79,57
DA:80,57
DA:85,27
DA:86,27
DA:87,27
DA:88,27
DA:91,27
DA:92,8
DA:97,8
DA:103,8
DA:104,2
DA:105,2
DA:108,2
DA:111,6
DA:112,6
DA:116,27
DA:118,83
DA:119,71
DA:120,71
DA:127,83
DA:128,169
DA:129,168
DA:130,78
DA:131,71
DA:132,7
DA:133,3
DA:137,169
DA:140,83
DA:141,83
DA:143,83
DA:146,27
LF:42
LH:42
BRDA:60,0,0,0
BRDA:70,1,0,38
BRDA:70,1,1,57
BRDA:103,2,0,2
BRDA:103,2,1,6
BRDA:119,3,0,0
BRDA:119,3,1,71
BRDA:128,4,0,168
BRDA:128,4,1,1
BRDA:128,5,0,169
BRDA:128,5,1,168
BRDA:130,6,0,71
BRDA:130,6,1,7
BRDA:132,7,0,3
BRDA:132,7,1,4
BRF:15
BRH:13
end_of_record
TN:
SF:backend\routes\authRoutes.js
FN:26,(anonymous_0)
FN:83,(anonymous_1)
FN:153,(anonymous_2)
FN:180,(anonymous_3)
FN:209,(anonymous_4)
FNF:5
FNH:5
FNDA:10,(anonymous_0)
FNDA:11,(anonymous_1)
FNDA:4,(anonymous_2)
FNDA:2,(anonymous_3)
FNDA:2,(anonymous_4)
DA:1,25
DA:2,25
DA:3,25
DA:4,25
DA:5,25
DA:6,25
DA:7,25
DA:8,25
DA:10,25
DA:13,25
DA:22,25
DA:27,10
DA:28,10
DA:29,0
DA:31,10
DA:34,10
DA:39,5
DA:40,1
DA:41,0
DA:43,1
DA:53,4
DA:66,5
DA:67,0
DA:69,5
DA:79,25
DA:84,11
DA:85,11
DA:86,0
DA:88,11
DA:91,11
DA:96,5
DA:97,2
DA:98,0
DA:100,2
DA:111,3
DA:122,3
DA:135,6
DA:136,0
DA:138,6
DA:150,25
DA:154,4
DA:155,4
DA:164,0
DA:165,0
DA:167,0
DA:177,25
DA:181,2
DA:183,2
DA:193,0
DA:194,0
DA:196,0
DA:206,25
DA:210,2
DA:212,2
DA:223,0
DA:224,0
DA:226,0
DA:231,25
LF:58
LH:43
BRDA:28,0,0,0
BRDA:28,0,1,10
BRDA:39,1,0,1
BRDA:39,1,1,4
BRDA:40,2,0,0
BRDA:40,2,1,1
BRDA:66,3,0,0
BRDA:66,3,1,5
BRDA:85,4,0,0
BRDA:85,4,1,11
BRDA:96,5,0,2
BRDA:96,5,1,3
BRDA:97,6,0,0
BRDA:97,6,1,2
BRDA:135,7,0,0
BRDA:135,7,1,6
BRDA:164,8,0,0
BRDA:164,8,1,0
BRDA:187,9,0,2
BRDA:187,9,1,0
BRDA:193,10,0,0
BRDA:193,10,1,0
BRDA:217,11,0,2
BRDA:217,11,1,2
BRDA:223,12,0,0
BRDA:223,12,1,0
BRF:26
BRH:13
end_of_record
TN:
SF:backend\routes\bookRoutes.js
FN:26,(anonymous_0)
FN:84,(anonymous_1)
FN:147,(anonymous_2)
FN:183,(anonymous_3)
FN:230,(anonymous_4)
FN:241,(anonymous_5)
FN:290,(anonymous_6)
FNF:7
FNH:6
FNDA:0,(anonymous_0)
FNDA:13,(anonymous_1)
FNDA:7,(anonymous_2)
FNDA:8,(anonymous_3)
FNDA:6,(anonymous_4)
FNDA:8,(anonymous_5)
FNDA:5,(anonymous_6)
DA:3,25
DA:4,25
DA:5,25
DA:10,25
DA:11,25
DA:12,25
DA:13,25
DA:15,25
DA:16,25
DA:26,25
DA:27,0
DA:28,0
DA:29,0
DA:30,0
DA:31,0
DA:32,0
DA:34,0
DA:35,0
DA:37,0
DA:38,0
DA:39,0
DA:42,0
DA:47,0
DA:49,0
DA:52,0
DA:53,0
DA:54,0
DA:55,0
DA:56,0
DA:58,0
DA:59,0
DA:61,0
DA:74,0
DA:84,25
DA:85,13
DA:86,13
DA:89,13
DA:90,13
DA:92,13
DA:93,13
DA:96,13
DA:97,3
DA:98,3
DA:102,13
DA:107,13
DA:109,13
DA:112,11
DA:113,11
DA:115,11
DA:116,3
DA:117,3
DA:120,11
DA:121,11
DA:123,11
DA:135,2
DA:136,0
DA:138,2
DA:147,25
DA:148,7
DA:149,7
DA:150,7
DA:152,7
DA:157,6
DA:158,4
DA:161,2
DA:167,1
DA:168,0
DA:170,1
DA:179,25
DA:184,8
DA:185,8
DA:186,8
DA:189,8
DA:194,6
DA:195,2
DA:200,4
DA:205,3
DA:212,3
DA:213,0
DA:215,3
DA:225,25
DA:231,6
DA:232,6
DA:233,6
DA:234,6
DA:237,6
DA:238,6
DA:239,6
DA:241,6
DA:242,8
DA:243,8
DA:244,8
DA:248,6
DA:251,6
DA:253,6
DA:260,6
DA:262,5
DA:263,2
DA:266,3
DA:273,1
DA:274,0
DA:276,1
DA:286,25
DA:291,5
DA:292,5
DA:293,5
DA:295,5
DA:300,4
DA:301,2
DA:304,2
DA:311,1
DA:312,0
DA:314,1
DA:319,25
LF:114
LH:86
BRDA:29,0,0,0
BRDA:29,1,0,0
BRDA:29,2,0,0
BRDA:37,3,0,0
BRDA:37,3,1,0
BRDA:54,4,0,0
BRDA:54,4,1,0
BRDA:89,5,0,9
BRDA:89,6,0,9
BRDA:96,7,0,3
BRDA:96,7,1,10
BRDA:115,8,0,3
BRDA:115,8,1,8
BRDA:135,9,0,0
BRDA:135,9,1,2
BRDA:157,10,0,4
BRDA:157,10,1,2
BRDA:167,11,0,0
BRDA:167,11,1,1
BRDA:194,12,0,2
BRDA:194,12,1,4
BRDA:212,13,0,0
BRDA:212,13,1,3
BRDA:262,14,0,2
BRDA:262,14,1,3
BRDA:273,15,0,0
BRDA:273,15,1,1
BRDA:300,16,0,2
BRDA:300,16,1,2
BRDA:311,17,0,0
BRDA:311,17,1,1
BRF:31
BRH:19
end_of_record
